                                                      18.05.19 М1

  М О Н И Т О Р-8 0  (3.7)   25.09.84*       (  МС " Д У Б Н А " ИАЭ  )             ШИФР    419999000000







                     ЖЖЖ   ЖЖЖ      Ж  ЖЖЖ         ЖЖЖ  ЖЖЖЖ   ЖЖЖ     Ж
                    Ж   Ж Ж   Ж    ЖЖ Ж   Ж       Ж   Ж Ж     Ж   Ж   ЖЖ
                        Ж Ж   Ж   Ж Ж  Ж Ж        Ж   Ж ЖЖЖЖ      Ж  Ж Ж
                       Ж  Ж   Ж  Ж  Ж   Ж    ЖЖЖ  Ж   Ж     Ж    Ж     Ж
                      Ж   Ж   Ж Ж   Ж  Ж Ж        Ж   Ж     Ж   Ж      Ж
                     Ж    Ж   Ж ЖЖЖЖЖ Ж   Ж       Ж   Ж Ж   Ж  Ж       Ж
                    ЖЖЖЖЖ  ЖЖЖ      Ж  ЖЖЖ         ЖЖЖ   ЖЖЖ  ЖЖЖЖЖ   ЖЖЖ








*NАМЕ 2048-0521
           *РЕRSО: 401350
 04.10.84 М1
           *САLL LIВRЕFЕR:ТАРЕ=400521
                                                      18.05.19 М1
                     ССЫЛКИ НА ПОДПРОГРАММЫ                        ЖУРНАЛ    Е ВСDWRIТ*
                                                                             Е IОЕND*
                                 МОSТ1                                         LISТ1
   D - РАССЫЛКА ДАННЫХ           NЕWZОN                                        LISТ2
   Е - ВНЕШНЯЯ П/П               NЕWZОNЕ     NЕWZОN                            RFIО
                                             NZОN                            Е SТОР*
   САLЕND    Е ВСDDЕС*                       ZОNТ                              WЕЕК
             Е ВСDЕNС*           NОТLIS   (ОUТ48   )
             Е ВСDRЕАD*          NZОN        NЕWZОN
             Е ВСDWRIТ*          ОКНО1    (ОUТ48   )
             Е ВIGТIТ            ОUТ48     Е ОКНО
               ЕRАSЕ                         RЕТRУ
             Е F/LООР            РЕRМIТ
             Е F/SАVЕR           РRОGRАМ  (ЖУРНАЛ  )
             Е F/SRЕТ            RЕТRУ
             Е IОАС*             RFIО      Е ВСDRЕАD*
             Е IОСОNТ*                     Е F/LООР
             Е IОЕND*                      Е F/SАVЕR
               МОNРАR                      Е F/SRЕТ
             Е R*ТО*I                      Е IОАС*
   СDW21       DW21                        Е IОЕND*
               GОSТ*ISО                      МОNРАR
               NЕWZОN            SТАR        СDW21
               NЕWZОNЕ                     Е DАТАРR
               NZОN                          DАТING
               ОКНО1                         DАТТR
               ОUТ48                         DUММУ
             Е РRINТ8                        DW21
               ZОNТ                          ЕDЕС
   DАТING   (DАТТR   )                     Е ЕХIТ
   DАТТR     Е DАТАРR                        GОSТ*ISО
               NОТLIS                      Е GОSТ/ISО
   DUММУ       СDW21                         НЕАDРRI
             Е ЕХIТ                        Е ISО/GОSТ
             Е LОАDАNGО                      МАSТ
   DUSТ      Е ЕХIТ                          NЕWZОNЕ
               NОТLIS                        ОКНО1
             Е ОСТТDЕС                       ОUТ48
             Е РАRАМТ*                     Е РАRАМТ*
   DW21        GIVISО                      Е РRINТ8
               NЕWZОNЕ                     Е RЕАD*
   ЕD       (ЕDЕС    )                       RЕТRУ
   ЕDЕС        DUММУ                         Т8/10
             Е ОКНО              SТR       Е ВСDWRIТ*
   ЕRАSЕ                                   Е F/SRЕТ
   ЕХАМР1   (ОUТ48   )                     Е F/SSТАRТ
   FIО      (RFIО    )                     Е IОСОNТ*
   GIVISО   (GОSТ*ISО)                     Е IОЕND*
   GОSТ*ISО                      Т8/10
   НЕАDРRI  (DАТТR   )           W*G/I    (W*I/G   )
   LISТ1     Е ВСDWRIТ*          W*I/G     Е GОSТ/ISО
             Е F/SАVЕR                     Е ISО/GОSТ
             Е F/SRЕТ            WЕЕК      Е ВСDDЕС*
               FIО                         Е ВСDWRIТ*
             Е IОЕND*                        САLЕND
               SТR                           ЕRАSЕ
               WLIN                        Е F/SАVЕR
   LISТ2    (LISТ1   )                     Е F/SRЕТ
   МАSТ        ЕD                          Е IОАС*
   МОNРАR    Е РАRАМТ*                     Е IОЕND*
   МОSТ      Е ЕХIТ                          МОNРАR
               МОSТ1                       Е R*ТО*I
               NОТLIS            WLIN     (WЕЕК    )
             Е РАRАМТ*           ZОNТ        NЕWZОN
               W*I/G                       Е ОКНО
                                                      18.05.19 М1
                     ИСПОЛЬЗОВАНИЕ ПОДПРОГРАММ                     WLIN        LISТ1
                                                                   ZОNТ      N СDW21
                                 GОSТ*ISО  N СDW21                             NЕWZОNЕ
   Е - ВНЕШНЯЯ П/П                         N SТАR
   N - ОПИСАНА, НЕ ИСПОЛЬЗУЕТСЯ  GОSТ/ISО Е  SТАR
   С - ЕСТЬ ОДНОИМЕННЫЙ СОММОN               W*I/G
                                 НЕАDРRI     SТАR
   НЕИСПОЛЬЗУЕМЫЕ ВХОДЫ          IОАС*    Е  САLЕND
                                             RFIО
   DUSТ                                      WЕЕК
   ЕХАМР1                        IОСОNТ*  Е  САLЕND
   МОSТ                                      SТR
   РЕRМIТ                        IОЕND*   Е  САLЕND
   РRОGRАМ                                   LISТ1
   SТАR                                      RFIО
   W*G/I                                     SТR
   ЖУРНАЛ                                    WЕЕК
                                             ЖУРНАЛ
                                 ISО/GОSТ Е  SТАR
   ИСПОЛЬЗУЕМЫЕ ВХОДЫ                        W*I/G
                                 LISТ1       ЖУРНАЛ
   ВСDDЕС*  Е  САLЕND            LISТ2       ЖУРНАЛ
               WЕЕК              LОАDАNGО Е  DUММУ
   ВСDЕNС*  Е  САLЕND            МАSТ        SТАR
   ВСDRЕАD* Е  САLЕND            МОNРАR      САLЕND
               RFIО                          RFIО
   ВСDWRIТ* Е  САLЕND                        WЕЕК
               LISТ1             МОSТ1       МОSТ
               SТR               NЕWZОN    N СDW21
               WЕЕК                          NЕWZОNЕ
               ЖУРНАЛ                        NZОN
   ВIGТIТ   Е  САLЕND                        ZОNТ
   САLЕND      WЕЕК              NЕWZОNЕ     СDW21
   СDW21       DUММУ                         DW21
             N SТАR                        N SТАR
   DАТАРR   Е  DАТТR             NОТLIS      DАТТR
             N SТАR                          DUSТ
   DАТING      SТАR                          МОSТ
   DАТТR       SТАR              NZОN      N СDW21
   DUММУ     N ЕDЕС                          NЕWZОNЕ
             N SТАR              ОСТТDЕС  Е  DUSТ
   DW21        СDW21             ОКНО     Е  ЕDЕС
             N SТАR                        N ОUТ48
   ЕD          МАSТ                          ZОNТ
   ЕDЕС      N SТАR              ОКНО1       СDW21
   ЕRАSЕ       САLЕND                      N SТАR
               WЕЕК              ОUТ48       СDW21
   ЕХIТ     Е  DUММУ                       N SТАR
               DUSТ              РАRАМТ*  Е  DUSТ
               МОSТ                          МОNРАR
               SТАR                          МОSТ
   F/LООР   Е  САLЕND                        SТАR
               RFIО              РRINТ8   Е  СDW21
   F/SАVЕR  Е  САLЕND                        SТАR
               LISТ1             R*ТО*I   Е  САLЕND
               RFIО                          WЕЕК
               WЕЕК              RЕАD*    Е  SТАR
   F/SRЕТ   Е  САLЕND            RЕТRУ       ОUТ48
               LISТ1                       N SТАR
               RFIО              RFIО        ЖУРНАЛ
               SТR               SТОР*    Е  ЖУРНАЛ
               WЕЕК              SТR         LISТ1
   F/SSТАRТ Е  SТR               Т8/10       SТАR
   FIО         LISТ1             W*I/G       МОSТ
   GIVISО      DW21              WЕЕК        ЖУРНАЛ
                                                      18.05.19 М1
                     ССЫЛКИ НА СОММОN′Ы

                                 WLIN     (WЕЕК    )
   D - РАССЫЛКА ДАННЫХ           ZОNТ      Р 01024 DRUМВ
   N - ОПИСАН, НЕ ИСПОЛЬЗУЕТСЯ             L 00001 DUММ
   Р - СТРАНИЧНЫЙ СОММОN                   S 00256 SЕСТОR
   S - СЕКТОРНЫЙ СОММОN          ЖУРНАЛ   DL 00020 *FМ*
   L - ПРОСТОЙ СОММОN
   ***** - ДЛИНА ОПИСАНА НЕЯВНО

   САLЕND    L 00012 *МОNСRD*
            DL 00420 *МТ*
            DL 01039 *QР*
            DL 00086 *RS*
   СDW21     Р 01024 DRUМВ
             L 00001 DUММ
             L 00060 IN/ОUТ
             S 00256 SЕСТОR
            NL 00002 SLV
   DUММУ     L 00001 DUММ
             L 00060 IN/ОUТ
             S 00256 SЕСТОR
             L 00002 SLV
   DUSТ      Р 01024 DRUМВ
   DW21      Р 01024 DRUМВ
             S 00232 SЕСТОR
   ЕD       (ЕDЕС    )
   ЕDЕС      L 00002 SLV
   ЕХАМР1   (ОUТ48   )
   FIО      (RFIО    )
   LISТ1     L 00030 *FLС*
             L 00020 *FМ*
   LISТ2    (LISТ1   )
   МАSТ     NS 00256 SЕСТОR
             L 00002 SLV
             Р 01024 ТВUF
   МОSТ      L 00012 *МОNСRD*
            NР 01024 ВUF
             L 00064 ЕМРТ
   МОSТ1     L 00064 ЕМРТ
   NЕWZОN    Р 01024 DRUМВ
             S 00256 SЕСТОR
   NЕWZОNЕ   L 00001 DUММ
             S 00256 SЕСТОR
   NОТLIS   (ОUТ48   )
   NZОN      Р 01024 DRUМВ
             S 00256 SЕСТОR
             L 00002 SLV
   ОКНО1    (ОUТ48   )
   ОUТ48    NS 00256 SЕСТОR
   РRОGRАМ  (ЖУРНАЛ  )
   RЕТRУ     S 00256 SЕСТОR
   RFIО     DL 00030 *FLС*
             L 00420 *МТ*
   SТАR      L 00012 *МОNСRD*
             L 00014 А
             Р 01024 DRUМВ
            NL 00003 МISТ10*
             L 00014 МОNСАRD*
            NL 00002 SLV
             Р 01024 ТВUF
   SТR       L 00020 *N1N2*
   WЕЕК     DL 00468 *LL*
            DL 00147 *М*
             L 00012 *МОNСRD*
                                                      18.05.19 М1
                     ИСПОЛЬЗОВАНИЕ СОММОN′ОВ

                                           S 00232 DW21
   Е - ЕСТЬ ОДНОИМЕННАЯ П/П               NS 00256 МАSТ
   D - РАССЫЛКА ДАННЫХ                     S 00256 NЕWZОN
   N - ОПИСАН, НЕ ИСПОЛЬЗУЕТСЯ             S 00256 NЕWZОNЕ
   Р - СТРАНИЧНЫЙ СОММОN                   S 00256 NZОN
   S - СЕКТОРНЫЙ СОММОN                   NS 00256 ОUТ48
   L - ПРОСТОЙ СОММОN                      S 00256 RЕТRУ
   ***** - ДЛИНА ОПИСАНА НЕЯВНО            S 00256 ZОNТ
                                 SLV         00002
   *FLС*       00030                      NL 00002 СDW21
             L 00030 LISТ1                 L 00002 DUММУ
            DL 00030 RFIО                  L 00002 ЕDЕС
   *FМ*        00020                       L 00002 МАSТ
             L 00020 LISТ1                 L 00002 NZОN
            DL 00020 ЖУРНАЛ               NL 00002 SТАR
   *LL*        00468             ТВUF        01024
            DL 00468 WЕЕК                  Р 01024 МАSТ
   *М*         00147                       Р 01024 SТАR
            DL 00147 WЕЕК
   *МОNСRD*    00012
             L 00012 САLЕND
             L 00012 МОSТ
             L 00012 SТАR
             L 00012 WЕЕК
   *МТ*        00420
            DL 00420 САLЕND
             L 00420 RFIО
   *N1N2*      00020
             L 00020 SТR
   *QР*        01039
            DL 01039 САLЕND
   *RS*        00086
            DL 00086 САLЕND
   А           00014
             L 00014 SТАR
   ВUF         01024
            NР 01024 МОSТ
   DRUМВ       01024
             Р 01024 СDW21
             Р 01024 DUSТ
             Р 01024 DW21
             Р 01024 NЕWZОN
             Р 01024 NZОN
             Р 01024 SТАR
             Р 01024 ZОNТ
   DUММ        00001
             L 00001 СDW21
             L 00001 DUММУ
             L 00001 NЕWZОNЕ
             L 00001 ZОNТ
   ЕМРТ        00064
             L 00064 МОSТ
             L 00064 МОSТ1
   IN/ОUТ      00060
             L 00060 СDW21
             L 00060 DUММУ
   МISТ10*     00003
            NL 00003 SТАR
   МОNСАRD*    00014
             L 00014 SТАR
   SЕСТОR      00256
             S 00256 СDW21
             S 00256 DUММУ
           *ЕND FILЕ
 КОНЕЦ ЗАДАЧИ
 00411: 00 074 0000	*74
