                                                      18.05.19 М1

  М О Н И Т О Р-8 0  (3.7)   25.09.84*       (  МС " Д У Б Н А " ИАЭ  )             ШИФР    419999000000







                     ЖЖЖ   ЖЖЖ      Ж  ЖЖЖ           Ж   ЖЖЖ   ЖЖЖ   ЖЖЖ
                    Ж   Ж Ж   Ж    ЖЖ Ж   Ж         ЖЖ  Ж   Ж Ж   Ж Ж   Ж
                        Ж Ж   Ж   Ж Ж  Ж Ж         Ж Ж      Ж Ж   Ж     Ж
                       Ж  Ж   Ж  Ж  Ж   Ж    ЖЖЖ     Ж     Ж  Ж   Ж    Ж
                      Ж   Ж   Ж Ж   Ж  Ж Ж           Ж    Ж   Ж   Ж   Ж
                     Ж    Ж   Ж ЖЖЖЖЖ Ж   Ж          Ж   Ж    Ж   Ж  Ж
                    ЖЖЖЖЖ  ЖЖЖ      Ж  ЖЖЖ          ЖЖЖ ЖЖЖЖЖ  ЖЖЖ  ЖЖЖЖЖ








*NАМЕ 2048-1202
           *РЕRSО: 401350
 04.10.84 М1
           *САLL LIВRЕFЕR:ТАРЕ=401202
                                                      18.05.19 М1
                     ССЫЛКИ НА ПОДПРОГРАММЫ


   D - РАССЫЛКА ДАННЫХ
   Е - ВНЕШНЯЯ П/П

   ЕХIТ        FМRТАРЕ
             Е МОNIТОR*
             Е SТОР**
   FМRТАРЕ   Е ЕRR*
             Е РRINТ8
                                                      18.05.19 М1
                     ИСПОЛЬЗОВАНИЕ ПОДПРОГРАММ


   Е - ВНЕШНЯЯ П/П
   N - ОПИСАНА, НЕ ИСПОЛЬЗУЕТСЯ
   С - ЕСТЬ ОДНОИМЕННЫЙ СОММОN

   НЕИСПОЛЬЗУЕМЫЕ ВХОДЫ

   ЕХIТ


   ИСПОЛЬЗУЕМЫЕ ВХОДЫ

   ЕRR*     Е  FМRТАРЕ
   FМRТАРЕ     ЕХIТ
   МОNIТОR* Е  ЕХIТ
   РRINТ8   ЕN FМRТАРЕ
   SТОР**   ЕN ЕХIТ
                                                      18.05.19 М1
                     ССЫЛКИ НА СОММОN′Ы


   D - РАССЫЛКА ДАННЫХ
   N - ОПИСАН, НЕ ИСПОЛЬЗУЕТСЯ
   Р - СТРАНИЧНЫЙ СОММОN
   S - СЕКТОРНЫЙ СОММОN
   L - ПРОСТОЙ СОММОN
   ***** - ДЛИНА ОПИСАНА НЕЯВНО

   ЕХIТ      L 00002 INFLОАD*
            NL 00001 RЕSТОР*
             L 00005 RМ*
             L 00022 ТАРЕLISТ
   FМRТАРЕ   L 00006 *IСНЕСК*
             L 00001 RFМRТFLG
             L 00025 ТАРЕLISТ
                                                      18.05.19 М1
                     ИСПОЛЬЗОВАНИЕ СОММОN′ОВ


   Е - ЕСТЬ ОДНОИМЕННАЯ П/П
   D - РАССЫЛКА ДАННЫХ
   N - ОПИСАН, НЕ ИСПОЛЬЗУЕТСЯ
   Р - СТРАНИЧНЫЙ СОММОN
   S - СЕКТОРНЫЙ СОММОN
   L - ПРОСТОЙ СОММОN
   ***** - ДЛИНА ОПИСАНА НЕЯВНО

   *IСНЕСК*    00006
             L 00006 FМRТАРЕ
   INFLОАD*    00002
             L 00002 ЕХIТ
   RЕSТОР*     00001
            NL 00001 ЕХIТ
   RFМRТFLG    00001
             L 00001 FМRТАРЕ
   RМ*         00005
             L 00005 ЕХIТ
   ТАРЕLISТ    00025
             L 00022 ЕХIТ
             L 00025 FМRТАРЕ
           *ЕND FILЕ
 КОНЕЦ ЗАДАЧИ
 00411: 00 074 0000	*74
