                                                      18.05.19 М1

  М О Н И Т О Р-8 0  (3.7)   25.09.84*       (  МС " Д У Б Н А " ИАЭ  )             ШИФР    419999000000







                     ЖЖЖ   ЖЖЖ      Ж  ЖЖЖ         ЖЖЖ  ЖЖЖЖЖ  ЖЖЖ     Ж
                    Ж   Ж Ж   Ж    ЖЖ Ж   Ж       Ж   Ж Ж   Ж Ж       ЖЖ
                        Ж Ж   Ж   Ж Ж  Ж Ж        Ж   Ж     Ж ЖЖЖЖ   Ж Ж
                       Ж  Ж   Ж  Ж  Ж   Ж    ЖЖЖ  Ж   Ж    Ж  Ж   Ж    Ж
                      Ж   Ж   Ж Ж   Ж  Ж Ж        Ж   Ж   Ж   Ж   Ж    Ж
                     Ж    Ж   Ж ЖЖЖЖЖ Ж   Ж       Ж   Ж  Ж    Ж   Ж    Ж
                    ЖЖЖЖЖ  ЖЖЖ      Ж  ЖЖЖ         ЖЖЖ   Ж     ЖЖЖ    ЖЖЖ








*NАМЕ 2048-0761
           *РЕRSО: 401350
 04.10.84 М1
           *САLL LIВRЕFЕR:ТАРЕ=400761
                                                      18.05.19 М1
                     ССЫЛКИ НА ПОДПРОГРАММЫ                        RТZ      (RW*ТZ   )
                                                                   RW*ТZ
                                 ISОВАD   (ВАDISО  )               SЕТ         ЕRАSЕ
   D - РАССЫЛКА ДАННЫХ           ISОLАD      DМSСАТ                          Е RЕАD*
   Е - ВНЕШНЯЯ П/П                         Е ЕХIТ                  SТЕРRINТ (ISОLАD  )
                                           Е ISО/GОSТ              Т/W       Е ОКНО
   *ОRDЕRS  (RW*ТZ   )                       ISОВАD                          Е РАRАМТ*
   АDJUSТМ   Е UNIТ/N                        LАТТRI                          Е РRINТ8
   ВАDISО    Е ISО/GОSТ                    Е РАRАМТ*               Т/W/О    (Т/W     )
             Е РАRАМТ*                     Е РRINТ8                Т8/10
             Е РRINТ8                      Е RЕАD*                 ТЕТР      Е FТ*003
             Е RЕАD*                         Т8/10                           Е FТ*571
   САLЕND    Е ВСDDЕС*           LАТТRI   (DМSСАТ  )               ТIМЕТ
             Е ВСDЕNС*           LIZЕ        *ОRDЕRS               ТIТLЕ     Е LОАDСАLL
             Е ВСDRЕАD*                      QUZ                             Е РRINТ8
             Е ВСDWRIТ*                      RТZ                             Е RЕАD*
             Е ВIGТIТ                        WТZ                   W*G/I    (W*I/G   )
               ЕRАSЕ             МD5061    Е РАRАМТ*               W*I/G     Е GОSТ/ISО
             Е F/LООР            МDНСН     Е РАRАМТ*                         Е ISО/GОSТ
             Е F/SАVЕR           МDНLРR    Е ВСDWRIТ*              WТZ      (RW*ТZ   )
             Е F/SRЕТ                      Е F/SАVЕR               УПЛ/АП
             Е IОАС*                       Е F/SRЕТ                ПАРОЛЬ    Е FТ*002
             Е IОСОNТ*                     Е IОАС*                           Е FТ*003
             Е IОЕND*                      Е IОСОNТ*                         Е FТ*571
               МОNРАR                      Е IОЕND*                            INТI
             Е R*ТО*I                        NLIS1                             SЕТ
   САLЕNG    Е ВСDDЕС*                     Е R*ТО*I                          Е SТОР*
             Е ВСDЕNС*           МОNРАR    Е РАRАМТ*
             Е ВСDRЕАD*          МТАВL       NЕWLIS1
             Е ВСDWRIТ*                      ТЕТР
             Е ВIGТIТ            МULТ      Е ВСDDЕС*
               ЕRАSЕ                       Е ВСDRЕАD*
             Е F/LООР                      Е ВСDWRIТ*
             Е F/SАVЕR                     Е F/LООР
             Е F/SRЕТ                      Е F/SАVЕR
             Е IОАС*                       Е IОАС*
             Е IОСОNТ*                     Е IОЕND*
             Е IОЕND*                      Е NЕWLIS
               МОNРАR                      Е R*ТО*I
             Е R*ТО*I            NDТRD     Е РАRАМТ*
   D2053                                     Т8/10
   DISКТRD   Е DАТАРR*                       ТIМЕТ
             Е РАRАМТ*           NЕWLIS1   Е NЕWLIS
               Т8/10             NЕWТАР    Е ОСТТDЕС
               ТIМЕТ                       Е РАRАМТ*
   DМSСАТ      НЕАDРRIN                    Е РRINТ8
               NЕХТSУМВ                    Е RЕАD*
               SТЕРRINТ          NЕХТSУМВ (ISОLАD  )
   DRURЕТ   (DRUТRА  )           NLIS1    (NЕWLIS1 )
   DRUТRА    Е ВОКНО             ООТТ
             Е ОКНО              РАRОL*    Е МОNRЕАD*
   ЕRАSЕ                                   Е ОСТТDЕС
   FОRМВ6    Е ВСDWRIТ*                    Е РАRАМТ*
             Е F/SАVЕR                     Е РRINТ8
             Е IОЕND*            РАSSFОRМ  Е ЕХIТ
             Е NЕWLIS                      Е ISО/GОSТ
   GRОZNУ    Е ВСDWRIТ*                    Е РАRАМТ*
               ЕRАSЕ                       Е РRINТ8
             Е F/SАVЕR                     Е RЕАD*
             Е F/SRЕТ            РЕRМIТ
             Е IОАС*             РМСОРУ    Е РАRАМТ*
             Е IОСОNТ*           QUZ      (RW*ТZ   )
             Е IОЕND*            RЕРR/2   DЕ РUNСНВ
   НЕАDРRIN (ISОLАD  )                     Е РUNОFF
   INТI                                    Е РUNОN
                                                      18.05.19 М1
                     ИСПОЛЬЗОВАНИЕ ПОДПРОГРАММ                     РАRАМТ*  Е  ВАDISО
                                                                               DISКТRD
                                 DМSСАТ      ISОLАD                            ISОLАD
   Е - ВНЕШНЯЯ П/П               ЕRАSЕ       САLЕND                            МD5061
   N - ОПИСАНА, НЕ ИСПОЛЬЗУЕТСЯ              САLЕNG                            МDНСН
   С - ЕСТЬ ОДНОИМЕННЫЙ СОММОN               GRОZNУ                            МОNРАR
                                             SЕТ                               NDТRD
   НЕИСПОЛЬЗУЕМЫЕ ВХОДЫ          ЕХIТ     Е  ISОLАD                            NЕWТАР
                                             РАSSFОRМ                          РАRОL*
   АDJUSТМ                       F/LООР   Е  САLЕND                            РАSSFОRМ
   ВАDISО                                    САLЕNG                            РМСОРУ
   САLЕND                                    МULТ                              Т/W
   САLЕNG                        F/SАVЕR  Е  САLЕND                РRINТ8   Е  ВАDISО
   D2053                                     САLЕNG                            ISОLАD
   DISКТRD                                   FОRМВ6                            NЕWТАР
   DRURЕТ                                    GRОZNУ                            РАRОL*
   DRUТRА                                    МDНLРR                            РАSSFОRМ
   FОRМВ6                                    МULТ                              Т/W
   GRОZNУ                        F/SRЕТ   Е  САLЕND                            ТIТLЕ
   ISОLАD                                    САLЕNG                РUNСНВ   Е  RЕРR/2
   LIZЕ                                      GRОZNУ                РUNОFF   Е  RЕРR/2
   МD5061                                    МDНLРR                РUNОN    Е  RЕРR/2
   МDНСН                         FТ*002   Е  ПАРОЛЬ                QUZ         LIZЕ
   МDНLРR                        FТ*003   Е  ТЕТР                  R*ТО*I   Е  САLЕND
   МТАВL                                     ПАРОЛЬ                            САLЕNG
   МULТ                          FТ*571   Е  ТЕТР                              МDНLРR
   NDТRD                                     ПАРОЛЬ                            МULТ
   NЕWТАР                        GОSТ/ISО Е  W*I/G                 RЕАD*    Е  ВАDISО
   ООТТ                          НЕАDРRIN    DМSСАТ                            ISОLАD
   РАRОL*                        INТI        ПАРОЛЬ                            NЕWТАР
   РАSSFОRМ                      IОАС*    Е  САLЕND                            РАSSFОRМ
   РЕRМIТ                                    САLЕNG                            SЕТ
   РМСОРУ                                    GRОZNУ                            ТIТLЕ
   RЕРR/2                                    МDНLРR                RТZ         LIZЕ
   RW*ТZ                                     МULТ                  SЕТ         ПАРОЛЬ
   Т/W                           IОСОNТ*  Е  САLЕND                SТЕРRINТ    DМSСАТ
   Т/W/О                                     САLЕNG                SТОР*    Е  ПАРОЛЬ
   ТIТLЕ                                     GRОZNУ                Т8/10       DISКТRD
   W*G/I                                     МDНLРR                            ISОLАD
   W*I/G                         IОЕND*   Е  САLЕND                            NDТRD
   УПЛ/АП                                    САLЕNG                ТЕТР        МТАВL
   ПАРОЛЬ                                    FОRМВ6                ТIМЕТ       DISКТRD
                                             GRОZNУ                            NDТRD
                                             МDНLРR                UNIТ/N   Е  АDJUSТМ
   ИСПОЛЬЗУЕМЫЕ ВХОДЫ                        МULТ                  WТZ         LIZЕ
                                 ISО/GОSТ Е  ВАDISО
   *ОRDЕRS     LIZЕ                          ISОLАD
   ВСDDЕС*  Е  САLЕND                        РАSSFОRМ
               САLЕNG                        W*I/G
               МULТ              ISОВАD      ISОLАD
   ВСDЕNС*  Е  САLЕND            LАТТRI      ISОLАD
               САLЕNG            LОАDСАLL Е  ТIТLЕ
   ВСDRЕАD* Е  САLЕND            МОNРАR      САLЕND
               САLЕNG                        САLЕNG
               МULТ              МОNRЕАD* Е  РАRОL*
   ВСDWRIТ* Е  САLЕND            NЕWLIS   Е  FОRМВ6
               САLЕNG                        МULТ
               FОRМВ6                        NЕWLIS1
               GRОZNУ            NЕWLIS1     МТАВL
               МDНLРR            NЕХТSУМВ    DМSСАТ
               МULТ              NLIS1       МDНLРR
   ВIGТIТ   Е  САLЕND            ОСТТDЕС  Е  NЕWТАР
               САLЕNG                        РАRОL*
   ВОКНО    Е  DRUТRА            ОКНО     Е  DRUТRА
   DАТАРR*  Е  DISКТRD                       Т/W
                                                      18.05.19 М1
                     ССЫЛКИ НА СОММОN′Ы

                                 SТЕРRINТ (ISОLАD  )
   D - РАССЫЛКА ДАННЫХ           Т/W       L 00012 *МОNСRD*
   N - ОПИСАН, НЕ ИСПОЛЬЗУЕТСЯ            NL 00003 МISТ10*
   Р - СТРАНИЧНЫЙ СОММОN         Т/W/О    (Т/W     )
   S - СЕКТОРНЫЙ СОММОN          УПЛ/АП    Р 03072 ЛИСТ
   L - ПРОСТОЙ СОММОN
   ***** - ДЛИНА ОПИСАНА НЕЯВНО

   АDJUSТМ   Р 01024 В
   ВАDISО    Р 01024 ВР
             L 00012 DМS/САТ
             Р 01024 ЕР
             L 00014 МОNСАRD*
             L 00014 МОNСАRD/
   САLЕND    L 00012 *МОNСRD*
            DL 00420 *МТ*
            DL 01039 *QР*
            DL 00086 *RS*
   САLЕNG    L 00012 *МОNСRD*
            DL 00420 *МТ*
            DL 01039 *QР*
            DL 00086 *RS*
   DISКТRD   Р 01024 А
             L 00014 МОNСАRD*
             L 00025 РIW
   DМSСАТ    Р 01024 ВР
             L 00001 DМS/САТ
             Р 01024 ЕР
   GRОZNУ   DL 00158 **
            DL 00040 *С2*
   НЕАDРRIN (ISОLАD  )
   ISОВАD   (ВАDISО  )
   ISОLАD    L 00012 *МОNСRD*
             Р 01024 ВР
             L 00012 DМS/САТ
             Р 01024 ЕР
             L 00014 МОNСАRD*
             L 00014 МОNСАRD/
             L 00001 NОLISFL*
   LАТТRI   (DМSСАТ  )
   LIZЕ      Р 14336 *RDZ
   МD5061    Р 01024 В
   МDНСН     Р 02048 WВ
   МULТ     DL 01435 *DАТА*
   NDТRD     Р 01024 А
            NL 00014 МОNСАRD*
             L 00025 РIW
   NЕWТАР    L 00012 *МОNСRD*
             L 00006 ВОВ
             L 00025 МОNСАRD*
             L 00014 МОNСАRD/
             L 00001 SТАRSТА
   NЕХТSУМВ (ISОLАD  )
   РАRОL*    L 00012 *МОNСRD*
             L 00003 МISТ10*
             L 00025 МОNСАRD*
             L 00014 МОNСАRD/
   РАSSFОRМ  L 00014 А
             Р 08192 ВUF
             L 00001 NОLISFL*
   РМСОРУ    Р 02048 А
             L 00012 LС
   SЕТ       L 00014 МОNСАRD/
                                                      18.05.19 М1
                     ИСПОЛЬЗОВАНИЕ СОММОN′ОВ

                                           L 00014 ВАDISО
   Е - ЕСТЬ ОДНОИМЕННАЯ П/П                L 00014 DISКТRD
   D - РАССЫЛКА ДАННЫХ                     L 00014 ISОLАD
   N - ОПИСАН, НЕ ИСПОЛЬЗУЕТСЯ            NL 00014 NDТRD
   Р - СТРАНИЧНЫЙ СОММОN                   L 00025 NЕWТАР
   S - СЕКТОРНЫЙ СОММОN                    L 00025 РАRОL*
   L - ПРОСТОЙ СОММОN            МОNСАRD/    00014
   ***** - ДЛИНА ОПИСАНА НЕЯВНО            L 00014 ВАDISО
                                           L 00014 ISОLАD
   **          00158                       L 00014 NЕWТАР
            DL 00158 GRОZNУ                L 00014 РАRОL*
   *С2*        00040                       L 00014 SЕТ
            DL 00040 GRОZNУ      NОLISFL*    00001
   *DАТА*      01435                       L 00001 ISОLАD
            DL 01435 МULТ                  L 00001 РАSSFОRМ
   *МОNСRD*    00012             РIW         00025
             L 00012 САLЕND                L 00025 DISКТRD
             L 00012 САLЕNG                L 00025 NDТRD
             L 00012 ISОLАD      SТАRSТА     00001
             L 00012 NЕWТАР                L 00001 NЕWТАР
             L 00012 РАRОL*      WВ          02048
             L 00012 Т/W                   Р 02048 МDНСН
   *МТ*        00420             ЛИСТ        03072
            DL 00420 САLЕND                Р 03072 УПЛ/АП
            DL 00420 САLЕNG
   *QР*        01039
            DL 01039 САLЕND
            DL 01039 САLЕNG
   *RDZ        14336
             Р 14336 LIZЕ
   *RS*        00086
            DL 00086 САLЕND
            DL 00086 САLЕNG
   А           02048
             Р 01024 DISКТRD
             Р 01024 NDТRD
             L 00014 РАSSFОRМ
             Р 02048 РМСОРУ
   В           01024
             Р 01024 АDJUSТМ
             Р 01024 МD5061
   ВОВ         00006
             L 00006 NЕWТАР
   ВР          01024
             Р 01024 ВАDISО
             Р 01024 DМSСАТ
             Р 01024 ISОLАD
   ВUF         08192
             Р 08192 РАSSFОRМ
   DМS/САТ     00012
             L 00012 ВАDISО
             L 00001 DМSСАТ
             L 00012 ISОLАD
   ЕР          01024
             Р 01024 ВАDISО
             Р 01024 DМSСАТ
             Р 01024 ISОLАD
   LС          00012
             L 00012 РМСОРУ
   МISТ10*     00003
             L 00003 РАRОL*
            NL 00003 Т/W
   МОNСАRD*    00025
           *ЕND FILЕ
 КОНЕЦ ЗАДАЧИ
 00411: 00 074 0000	*74
