                                                      18.05.19 М1

  М О Н И Т О Р-8 0  (3.7)   25.09.84*       (  МС " Д У Б Н А " ИАЭ  )             ШИФР    419999000000







                     ЖЖЖ   ЖЖЖ      Ж  ЖЖЖ           Ж  ЖЖЖЖЖ     Ж  ЖЖЖ
                    Ж   Ж Ж   Ж    ЖЖ Ж   Ж         ЖЖ  Ж   Ж    ЖЖ Ж   Ж
                        Ж Ж   Ж   Ж Ж  Ж Ж         Ж Ж      Ж   Ж Ж Ж   Ж
                       Ж  Ж   Ж  Ж  Ж   Ж    ЖЖЖ     Ж     Ж   Ж  Ж Ж   Ж
                      Ж   Ж   Ж Ж   Ж  Ж Ж           Ж    Ж   Ж   Ж Ж   Ж
                     Ж    Ж   Ж ЖЖЖЖЖ Ж   Ж          Ж   Ж    ЖЖЖЖЖ Ж   Ж
                    ЖЖЖЖЖ  ЖЖЖ      Ж  ЖЖЖ          ЖЖЖ  Ж        Ж  ЖЖЖ








*NАМЕ 2048-1740
           *РЕRSО: 401350
 04.10.84 М1
           *САLL LIВRЕFЕR:ТАРЕ=401740
                                                      18.05.19 М1
                     ССЫЛКИ НА ПОДПРОГРАММЫ


   D - РАССЫЛКА ДАННЫХ
   Е - ВНЕШНЯЯ П/П

   D2053
   ЕRАSЕ
   INТI
   МТАВL       NЕWLIS1
               ТЕТР
   NЕWLIS1   Е NЕWLIS
   NЕWТАР    Е ОСТТDЕС
             Е РАRАМТ*
             Е RЕАD*
   ООТТ
   РАSSFОRМ  Е ЕХIТ
             Е ISО/GОSТ
             Е РАRАМТ*
             Е РRINТ8
             Е RЕАD*
   РЕRМIТ
   РRОGRАМ
   SЕТ
   Т/W       Е ОКНО
             Е РАRАМТ*
             Е РRINТ8
   Т/W/О    (Т/W     )
   ТЕТР      Е FТ*003
             Е FТ*571
   ТIТLЕ     Е LОАDСАLL
             Е РRINТ8
             Е RЕАD*
   ПАРОЛЬ    Е FТ*002
             Е FТ*003
             Е FТ*571
               INТI
               SЕТ
             Е SТОР*
                                                      18.05.19 М1
                     ИСПОЛЬЗОВАНИЕ ПОДПРОГРАММ


   Е - ВНЕШНЯЯ П/П
   N - ОПИСАНА, НЕ ИСПОЛЬЗУЕТСЯ
   С - ЕСТЬ ОДНОИМЕННЫЙ СОММОN

   НЕИСПОЛЬЗУЕМЫЕ ВХОДЫ

   D2053
   ЕRАSЕ
   МТАВL
   NЕWТАР
   ООТТ
   РАSSFОRМ
   РЕRМIТ
   РRОGRАМ
   Т/W
   Т/W/О
   ТIТLЕ
   ПАРОЛЬ


   ИСПОЛЬЗУЕМЫЕ ВХОДЫ

   ЕХIТ     Е  РАSSFОRМ
   FТ*002   Е  ПАРОЛЬ
   FТ*003   Е  ТЕТР
               ПАРОЛЬ
   FТ*571   Е  ТЕТР
               ПАРОЛЬ
   INТI        ПАРОЛЬ
   ISО/GОSТ Е  РАSSFОRМ
   LОАDСАLL Е  ТIТLЕ
   NЕWLIS   Е  NЕWLIS1
   NЕWLIS1     МТАВL
   ОСТТDЕС  Е  NЕWТАР
   ОКНО     Е  Т/W
   РАRАМТ*  Е  NЕWТАР
               РАSSFОRМ
               Т/W
   РRINТ8   Е  РАSSFОRМ
               Т/W
               ТIТLЕ
   RЕАD*    Е  NЕWТАР
               РАSSFОRМ
               ТIТLЕ
   SЕТ         ПАРОЛЬ
   SТОР*    Е  ПАРОЛЬ
   ТЕТР        МТАВL
                                                      18.05.19 М1
                     ССЫЛКИ НА СОММОN′Ы


   D - РАССЫЛКА ДАННЫХ
   N - ОПИСАН, НЕ ИСПОЛЬЗУЕТСЯ
   Р - СТРАНИЧНЫЙ СОММОN
   S - СЕКТОРНЫЙ СОММОN
   L - ПРОСТОЙ СОММОN
   ***** - ДЛИНА ОПИСАНА НЕЯВНО

   NЕWТАР    L 00012 *МОNСRD*
             L 00025 МОNСАRD*
             L 00014 МОNСАRD/
   РАSSFОRМ  L 00014 А
             Р 08192 ВUF
             L 00001 NОLISFL*
   РRОGRАМ   Р 01024 ЛИСТ
   Т/W       L 00012 *МОNСRD*
            NL 00003 МISТ10*
   Т/W/О    (Т/W     )
                                                      18.05.19 М1
                     ИСПОЛЬЗОВАНИЕ СОММОN′ОВ


   Е - ЕСТЬ ОДНОИМЕННАЯ П/П
   D - РАССЫЛКА ДАННЫХ
   N - ОПИСАН, НЕ ИСПОЛЬЗУЕТСЯ
   Р - СТРАНИЧНЫЙ СОММОN
   S - СЕКТОРНЫЙ СОММОN
   L - ПРОСТОЙ СОММОN
   ***** - ДЛИНА ОПИСАНА НЕЯВНО

   *МОNСRD*    00012
             L 00012 NЕWТАР
             L 00012 Т/W
   А           00014
             L 00014 РАSSFОRМ
   ВUF         08192
             Р 08192 РАSSFОRМ
   МISТ10*     00003
            NL 00003 Т/W
   МОNСАRD*    00025
             L 00025 NЕWТАР
   МОNСАRD/    00014
             L 00014 NЕWТАР
   NОLISFL*    00001
             L 00001 РАSSFОRМ
   ЛИСТ        01024
             Р 01024 РRОGRАМ
           *ЕND FILЕ
 КОНЕЦ ЗАДАЧИ
 00411: 00 074 0000	*74
