                                                      18.05.19 М1

  М О Н И Т О Р-8 0  (3.7)   25.09.84*       (  МС " Д У Б Н А " ИАЭ  )             ШИФР    419999000000







                     ЖЖЖ   ЖЖЖ      Ж  ЖЖЖ           Ж  ЖЖЖЖЖ  ЖЖЖ   ЖЖЖ
                    Ж   Ж Ж   Ж    ЖЖ Ж   Ж         ЖЖ  Ж   Ж Ж   Ж Ж   Ж
                        Ж Ж   Ж   Ж Ж  Ж Ж         Ж Ж      Ж Ж   Ж Ж   Ж
                       Ж  Ж   Ж  Ж  Ж   Ж    ЖЖЖ     Ж     Ж  Ж   Ж Ж   Ж
                      Ж   Ж   Ж Ж   Ж  Ж Ж           Ж    Ж   Ж   Ж Ж   Ж
                     Ж    Ж   Ж ЖЖЖЖЖ Ж   Ж          Ж   Ж    Ж   Ж Ж   Ж
                    ЖЖЖЖЖ  ЖЖЖ      Ж  ЖЖЖ          ЖЖЖ  Ж     ЖЖЖ   ЖЖЖ








*NАМЕ 2048-1700
           *РЕRSО: 401350
 04.10.84 М1
           *САLL LIВRЕFЕR:ТАРЕ=401700
                                                      18.05.19 М1
                     ССЫЛКИ НА ПОДПРОГРАММЫ                        Р/РRINТ  (РАSОUТ  )                       Р/СW
                                                                   Р/RА        Р/GF                          Р/ТR
                                 Р/СW        Р/РF                              РАSDIН                        Р/WI
   D - РАССЫЛКА ДАННЫХ           Р/D1        Р/WL                              РАSНID            Р/WХ        Р/СW
   Е - ВНЕШНЯЯ П/П                           Р/WХD                 Р/RА7       Р/GF                          Р/SР
                                 Р/DА        Р/7А                              РАSDIН                        РАSISОХТ
   FМISGО      Р/08                          Р/НТ                              РАSНID            Р/WХD    (Р/WХ    )
               Р/Е                           Р/WI                  Р/RАСРАК (Р/SУS   )           РАIВ     (LIВSUВ  )
               Р/LDАR                        Р/WL                  Р/RС                          РАSАСD      РАSВD
               РАSISОСD          Р/DD      Е РАSDD1                Р/RDI       Р/ЕL                          РАSВDI
   LIВSUВ    Е МОNRЕАD*          Р/DI                                          Р/GF              РАSАDD   (РАSВIND )
             Е РRINТ8            Р/DIV    (Р/SУS   )               Р/RDR       Р/GF              РАSВD    (РАSВDI  )
   ОВРRОG                        Р/DS                                          Р/RDI             РАSВDЕ
   Р/00                          Р/Е      (Р/ЕF    )                           РАSТЕNS           РАSВDI      Р/НТ
   Р/01                          Р/ЕА        Р/7А                  Р/RЕ        Р/RЕ1                         Р/РRINТ
   Р/02                                      Р/НТ                              Р/RЕ2                         РАSВDЕ
   Р/03                                      Р/WL                  Р/RЕ1    (Р/SУS   )                       РАSВDI
   Р/04                          Р/ЕDIН   (Р/НIDЕ  )               Р/RЕ2    (Р/SУS   )           РАSВIND     Р/ЕО
   Р/06                          Р/ЕF                              Р/RF     (Р/SУS   )                       Р/РF
   Р/07                          Р/ЕL                              Р/RI        Р/GD                          Р/RF
   Р/08                          Р/ЕN     (Р/ВХ    )               Р/RILN      Р/ЕL                          Р/ТF
   Р/0П                          Р/ЕО                                          Р/GF                          РАSDIН
   Р/1         Р/ВХ              Р/ЕQ                              Р/RL     (Р/RILN  )                       РАSНID
               Р/ЕN              Р/ЕR        Р/7А                  Р/RR                                      РАSNВ8
               Р/ТRРАGЕ                      Р/НТ                  Р/RSR                                     РАSТN
   Р/2                                       Р/WI                  Р/SС        Р/ЕR              РАSСОDАD
   Р/3                           Р/FМ     (Р/МF    )               Р/SЕТЕХF                      РАSСОNТR
   Р/31                          Р/GD     (Р/NW    )               Р/SР        Р/РF              РАSСТRР  (Р/SУS   )
   Р/4                           Р/GЕ     (Р/ЕQ    )               Р/SS                          РАSDIН   (РАSНID  )
   Р/41                          Р/GF     (Р/SУS   )               Р/SТАR                        РАSDIV
   Р/42                          Р/НIDЕ                            Р/SУS       Р/ВЕХF            РАSЕNDЕD    Р/СW
   Р/5                           Р/НТ        Р/Е                               Р/DА                          Р/МD
   Р/51                                      Р/ЕF                              Р/DI                          РАSDIН
   Р/52                                      Р/RС                              Р/НТ                          РАSНID
   Р/53                                    Е SТОР*                             Р/МD              РАSЕОF
   Р/6                           Р/IN                                          Р/РF              РАSЕVN      РАSDIН
   Р/61                          Р/IS                                          Р/РRINТ                       РАSНID
   Р/62                          Р/IТ     (Р/SУS   )                           Р/ТF              РАSGIVЕР (Р/SУS   )
   Р/63                          Р/КС                                          Р/WL              РАSGОSТ
   Р/64                          Р/LDАR                                        Р/WОLN            РАSGОSТ7    Р/1
   Р/6А        Р/7А              Р/LDАRIN                                      Р/WХD                         Р/2
   Р/7А        Р/ЕDIН            Р/LNGРАR                                      РАSЕОF                        Р/7А
               Р/НIDЕ            Р/LV        Р/ВХ                            Е RЕАD*                         Р/СО
               Р/РF                          Р/ЕN                            Е SТОР*                         Р/DА
   Р/7АD    (Р/7А    )           Р/МD                              Р/ТF     (Р/SУS   )                       Р/Е
   Р/А6        Р/6А              Р/МF                              Р/ТR                                      Р/ЕF
               Р/SР              Р/МI                              Р/ТRРАGЕ    Р/РАGЕS                       Р/GF
   Р/А7        Р/7АD             Р/МОD    (Р/SУS   )               Р/ТХGОSТ                                  Р/IТ
               Р/НIDЕ            Р/NN        Р/ВХ                  Р/UN                                      Р/РА
               Р/SР                          Р/ЕN                  Р/WА        Р/РF                          Р/РF
   Р/АВ     (Р/СР    )           Р/NW        Р/НТ                              РАSDIН                        Р/ТF
   Р/В6     (Р/РВ    )                       Р/РRINТ                           РАSНID                        Р/WL
   Р/В7     (Р/РВ    )           Р/РА                              Р/WС        Р/СW                        Е БРЗD0*6Л
   Р/ВЕХF                        Р/РАGЕS                                       Р/SР              РАSGVNF   Е INВUF
   Р/ВР     (Р/РВ    )           Р/РАМРАМ                          Р/WI        Р/7А                          Р/7А
   Р/ВХ                          Р/РВ        Р/7А                              Р/СW                          Р/DIV
   Р/СА        Р/ЕR                          Р/НТ                              Р/РF                          Р/НТ
   Р/СЕ     (Р/СI    )                       Р/РRINТ                           Р/SР                          Р/МОD
   Р/СI        Р/7А                          Р/RSR                 Р/WL     (Р/SУS   )                       Р/RАСРАК
               Р/WI                          Р/WI                  Р/WО        Р/СW                          Р/RF
               Р/WL                          Р/WО                              Р/ЕDIН                        Р/WI
               РАSТРR                        Р/WОLN                            Р/НIDЕ                        Р/WОLN
   Р/СК                          Р/РF     (Р/SУS   )                           Р/SР                          РАSСТRР
   Р/СО     (Р/SУS   )           Р/РI                              Р/WОLN   (Р/SУS   )                       РАSGIVЕР
   Р/СР                          Р/РМDSЕТ (РАSРМD  )               Р/WR        Р/А7              РАSНЕLР   Е  З  FОЫЮ
             Е 0 7JW             РАSТЕNS  (Р/WR    )               ХRЕF        Р/1
             Е D    + 8          РАSТIМЕ   Е 0 7Q0Я7Т                          Р/2
             Е D   0 6Ю                      Р/1                               Р/3
               Р/06                          Р/2                               Р/31
               Р/1                           Р/6А                              Р/4
               Р/2                           Р/СО                              Р/6А
               Р/3                           Р/DА                              Р/7А
               Р/31                          Р/Е                               Р/А7
               Р/6А                          Р/ЕF                              Р/СК
               Р/7А                          Р/IТ                              Р/СО
               Р/СО                          Р/WL                              Р/СW
               Р/СW                          Р/WR                              Р/Е
               Р/Е               РАSТN    (РАSОUТ  )                           Р/ЕF
               Р/ЕF              РАSТРR      Р/WХD                             Р/ЕО
               Р/ЕL              РАSWНТ   (РАSОUТ  )                           Р/ЕQ
               Р/ЕО              РRЕТТУРR    Р/1                               Р/GD
               Р/GF                          Р/2                               Р/GЕ
               Р/IN                          Р/3                               Р/НТ
               Р/IТ                          Р/31                              Р/IТ
               Р/МI                          Р/4                               Р/МI
               Р/РF                          Р/41                              Р/NW
               Р/RС                          Р/42                              Р/RА
               Р/RF                          Р/5                               Р/RF
               Р/ТF                          Р/51                              Р/RL
               Р/WI                          Р/52                              Р/SС
               Р/WL                          Р/6                               Р/ТF
               Р/WО                          Р/61                              Р/WА
             Е Б1З D                         Р/62                              Р/WС
             Е Ц АРБ0                        Р/64                              Р/WI
   РАSНID                                    Р/6А                              Р/WL
   РАSINВUF (Р/SУS   )                       Р/7А                              Р/WОLN
   РАSINР   (РАSВIND )                       Р/СО
   РАSISОСD                                  Р/СW
   РАSISОХТ                                  Р/Е
   РАSLISТ                                   Р/ЕF
   РАSМОN2   Е МОNIТОR*                      Р/ЕL
   РАSNВ8                                    Р/ЕО
   РАSОUТ   D  РАSЕVN                        Р/GF
               РАSNВ8                        Р/НТ
             Е РRINТ8                        Р/IN
               РULТ                          Р/IТ
   РАSРМD      Р/7А                          Р/МI
               Р/СW                          Р/РА
               Р/РRINТ                       Р/RС
               Р/WI                          Р/SС
               Р/WL                          Р/ТF
               Р/WО                          Р/WI
               Р/WОLN                        Р/WL
               Р/WR                          Р/WОLN
               Р/WХD                         РАSЕNDЕD
             Е SТОР*             РULТ
   РАSRЕD      Р/08              ТIМЕ     (РАSТIМЕ )
               Р/1               ТОРULТ    Е 0 7QБРЗD
               Р/2                         Е 0 8БJЗQV
               Р/СО                          Р/1
               Р/DА                          Р/7А
               Р/Е                           Р/СО
               Р/ЕF                          Р/СW
               Р/IN                          Р/ЕF
               Р/IТ                          Р/ЕО
               Р/LDАRIN                      Р/IТ
               Р/NN                          Р/КС
               Р/SС                          Р/RL
               Р/SТАR                        Р/ТF
               РАSINР                        Р/WI
   РАSSЕТАR    РАSВDI                        Р/WL
                                                      18.05.19 М1
                     ИСПОЛЬЗОВАНИЕ ПОДПРОГРАММ                                 РАSТIМЕ                       ТОРULТ
                                                                               РRЕТТУРR                      ХRЕF
                                 РАSНЕLР                                       ХRЕF              Р/ЕL        Р/RDI
   Е - ВНЕШНЯЯ П/П               РАSINВUF                          Р/7А        Р/6А                          Р/RILN
   N - ОПИСАНА, НЕ ИСПОЛЬЗУЕТСЯ  РАSLISТ                                       Р/СI                          РАSНЕLР
   С - ЕСТЬ ОДНОИМЕННЫЙ СОММОN   РАSМОN2                                       Р/DА                          РRЕТТУРR
                                 РАSОUТ                                        Р/ЕА              Р/ЕN        Р/1
   НЕИСПОЛЬЗУЕМЫЕ ВХОДЫ          РАSРМD                                        Р/ЕR                          Р/LV
                                 РАSRЕD                                        Р/РВ                          Р/NN
   FМISGО                        РАSSЕТАR                                      Р/WI              Р/ЕО        РАSВIND
   LIВSUВ                        РАSТIМЕ                                       РАSGОSТ7                      РАSНЕLР
   ОВРRОG                        РАSWНТ                                        РАSGVNF                       РRЕТТУРR
   Р/00                          РRЕТТУРR                                      РАSНЕLР                       ТОРULТ
   Р/01                          ТIМЕ                                          РАSРМD                        ХRЕF
   Р/02                          ТОРULТ                                        РRЕТТУРR          Р/ЕQ        ХRЕF
   Р/03                          ХRЕF                                          ТОРULТ            Р/ЕR        Р/СА
   Р/04                                                                        ХRЕF                          Р/SС
   Р/07                                                            Р/7АD       Р/А7              Р/GD        Р/RI
   Р/0П                          ИСПОЛЬЗУЕМЫЕ ВХОДЫ                Р/А7        Р/WR                          ХRЕF
   Р/53                                                                        ХRЕF              Р/GЕ        ХRЕF
   Р/63                           З  FОЫЮ Е  РАSНЕLР               Р/ВЕХF      Р/SУS             Р/GF        Р/RА
   Р/А6                          0 7JW    Е  РАSНЕLР               Р/ВХ        Р/1                           Р/RА7
   Р/АВ                          0 7Q0Я7Т Е  РАSТIМЕ                           Р/LV                          Р/RDI
   Р/В6                          0 7QБРЗD Е  ТОРULТ                            Р/NN                          Р/RDR
   Р/В7                          0 8БJЗQV Е  ТОРULТ                Р/СК        ХRЕF                          Р/RILN
   Р/ВР                          D    + 8 Е  РАSНЕLР               Р/СО        РАSGОSТ7                      РАSGОSТ7
   Р/СА                          D   0 6Ю Е  РАSНЕLР                           РАSНЕLР                       РАSНЕLР
   Р/СЕ                          INВUF    Е  РАSGVNF                           РАSRЕD                        РRЕТТУРR
   Р/СI                          МОNIТОR* Е  РАSМОN2                           РАSТIМЕ           Р/НIDЕ      Р/7А
   Р/СР                          МОNRЕАD* Е  LIВSUВ                            РRЕТТУРR                      Р/А7
   Р/D1                          Р/06        РАSНЕLР                           ТОРULТ                        Р/WО
   Р/DD                          Р/08        FМISGО                            ХRЕF              Р/НТ        Р/DА
   Р/DS                                      РАSRЕD                Р/СW        Р/WС                          Р/ЕА
   Р/ЕА                          Р/1         РАSGОSТ7                          Р/WI                          Р/ЕR
   Р/FМ                                      РАSНЕLР                           Р/WО                          Р/NW
   Р/IS                                      РАSRЕD                            Р/WR                          Р/РВ
   Р/LNGРАR                                  РАSТIМЕ                           Р/WХ                        N Р/SУS
   Р/LV                                      РRЕТТУРR                          РАSЕNDЕD                      РАSВDI
   Р/МF                                      ТОРULТ                            РАSНЕLР                       РАSGVNF
   Р/РАМРАМ                                  ХRЕF                              РАSРМD                        РRЕТТУРR
   Р/РВ                          Р/2         РАSGОSТ7                          РRЕТТУРR                      ХRЕF
   Р/РI                                      РАSНЕLР                           ТОРULТ            Р/IN        РАSНЕLР
   Р/РМDSЕТ                                  РАSRЕD                            ХRЕF                          РАSRЕD
   Р/RА7                                     РАSТIМЕ               Р/DА      N Р/SУS                         РRЕТТУРR
   Р/RDR                                     РRЕТТУРR                        N РАSGОSТ7          Р/IТ        РАSGОSТ7
   Р/RЕ                                      ХRЕF                              РАSRЕD                        РАSНЕLР
   Р/RI                          Р/3         РАSНЕLР                         N РАSТIМЕ                       РАSRЕD
   Р/RILN                                    РRЕТТУРR              Р/DI        Р/SУS                         РАSТIМЕ
   Р/RR                                      ХRЕF                  Р/DIV       РАSGVNF                       РRЕТТУРR
   Р/SЕТЕХF                      Р/31        РАSНЕLР               Р/Е       N FМISGО                        ТОРULТ
   Р/SS                                      РRЕТТУРR                          Р/НТ                          ХRЕF
   Р/SУS                                     ХRЕF                              РАSGОSТ7          Р/КС        ТОРULТ
   Р/ТХGОSТ                      Р/4         РRЕТТУРR                          РАSНЕLР           Р/LDАR      FМISGО
   Р/UN                                      ХRЕF                              РАSRЕD            Р/LDАRIN    РАSRЕD
   Р/WХ                          Р/41        РRЕТТУРR                          РАSТIМЕ           Р/МD        Р/SУS
   РАIВ                          Р/42        РRЕТТУРR                          РRЕТТУРR                      РАSЕNDЕD
   РАSАСD                        Р/5         РRЕТТУРR                          ХRЕF              Р/МI        РАSНЕLР
   РАSАDD                        Р/51        РRЕТТУРR              Р/ЕDIН      Р/7А                          РRЕТТУРR
   РАSВIND                       Р/52        РRЕТТУРR                          Р/WО                          ХRЕF
   РАSСОDАD                      Р/6         РRЕТТУРR              Р/ЕF        Р/НТ              Р/МОD       РАSGVNF
   РАSСОNТR                      Р/61        РRЕТТУРR                          РАSGОSТ7          Р/NN        РАSRЕD
   РАSDIV                        Р/62        РRЕТТУРR                          РАSНЕLР           Р/NW        ХRЕF
   РАSGОSТ                       Р/64        РRЕТТУРR                          РАSRЕD            Р/РА        РАSGОSТ7
   РАSGОSТ7                      Р/6А        Р/А6                              РАSТIМЕ                       РRЕТТУРR
   РАSGVNF                                   РАSНЕLР                           РRЕТТУРR          Р/РАGЕS     Р/ТRРАGЕ
   Р/РF        Р/7А                          РАSGОSТ7
               Р/СW                          РАSНЕLР
               Р/SР                          РАSРМD
               Р/SУS                         РАSТIМЕ
               Р/WА                          РRЕТТУРR
               Р/WI                          ТОРULТ
               РАSВIND                       ХRЕF
               РАSGОSТ7          Р/WО        Р/РВ
               РАSНЕLР                       РАSНЕLР
   Р/РRINТ     Р/NW                          РАSРМD
               Р/РВ              Р/WОLN      Р/РВ
               Р/SУS                         Р/SУS
               РАSВDI                        РАSGVNF
               РАSРМD                        РАSРМD
   Р/RА        ХRЕF                          РRЕТТУРR
   Р/RАСРАК    РАSGVNF                       ХRЕF
   Р/RС        Р/НТ              Р/WR        РАSРМD
               РАSНЕLР                       РАSТIМЕ
               РRЕТТУРR          Р/WХD       Р/D1
   Р/RDI       Р/RDR                         Р/SУS
   Р/RЕ1       Р/RЕ                          РАSРМD
   Р/RЕ2       Р/RЕ                          РАSТРR
   Р/RF        РАSВIND           РАSВD       РАSАСD
               РАSGVNF           РАSВDЕ      РАSВDI
               РАSНЕLР           РАSВDI      РАSАСD
               ХRЕF                          РАSВDI
   Р/RL        ТОРULТ                        РАSSЕТАR
               ХRЕF              РАSСТRР     РАSGVNF
   Р/RSR       Р/РВ              РАSDD1   Е  Р/DD
   Р/SС        РАSRЕD            РАSDIН      Р/RА
               РRЕТТУРR                      Р/RА7
               ХRЕF                          Р/WА
   Р/SР        Р/А6                          РАSВIND
               Р/А7                          РАSЕNDЕD
               Р/WС                          РАSЕVN
               Р/WI              РАSЕNDЕD    РRЕТТУРR
               Р/WО              РАSЕОF      Р/SУS
               Р/WХ              РАSЕVN      РАSОUТ
   Р/SТАR      РАSRЕD            РАSGIVЕР    РАSGVNF
   Р/ТF      N Р/SУS             РАSНID      Р/RА
               РАSВIND                       Р/RА7
               РАSGОSТ7                      Р/WА
               РАSНЕLР                       РАSВIND
               РRЕТТУРR                      РАSЕNDЕD
               ТОРULТ                        РАSЕVN
               ХRЕF              РАSINР      РАSRЕD
   Р/ТR        Р/WR              РАSISОСD  N FМISGО
   Р/ТRРАGЕ    Р/1               РАSISОХТ    Р/WХ
   Р/WА        ХRЕF              РАSNВ8      РАSВIND
   Р/WС        ХRЕF                          РАSОUТ
   Р/WI        Р/СI              РАSТЕNS     Р/RDR
               Р/DА              РАSТN       РАSВIND
               Р/ЕR              РАSТРR      Р/СI
               Р/РВ              РRINТ8   Е  LIВSUВ
               Р/WR                          РАSОUТ
               РАSGVNF           РULТ        РАSОUТ
               РАSНЕLР           RЕАD*    Е  Р/SУS
               РАSРМD            SТОР*    Е  Р/НТ
               РRЕТТУРR                      Р/SУS
               ТОРULТ                        РАSРМD
               ХRЕF              Б1З D    Е  РАSНЕLР
   Р/WL        Р/СI              БРЗD0*6Л Е  РАSGОSТ7
               Р/D1              Ц АРБ0   Е  РАSНЕLР
               Р/DА
               Р/ЕА
               Р/SУS
                                                      18.05.19 М1
                     ССЫЛКИ НА СОММОN′Ы                                     DL 00025 *РАSТЕL*
                                                                             L 00001 РАSZЕRО*
                                 Р/SР      L 00001 SРАСЕ*                    L 00001 RGЕХРОRТ
   D - РАССЫЛКА ДАННЫХ           Р/SУS     L 00030 *ОUТРUТ*        РАSРМD    L 00001 РАSРМDАD
   N - ОПИСАН, НЕ ИСПОЛЬЗУЕТСЯ             L 00001 РАSЕNDS*        РАSRЕD    L 00030 *ОUТРUТ*
   Р - СТРАНИЧНЫЙ СОММОN                   L 00001 РАSЕОFСD                 NL 00040 Р/1D
   S - СЕКТОРНЫЙ СОММОN                    L 00001 РАSЕОLSУ        РАSSЕТАR  Р 01024 Р/ВDSУS
   L - ПРОСТОЙ СОММОN                      L 00001 РАSРМDАD        РАSТЕNS  (Р/WR    )
   ***** - ДЛИНА ОПИСАНА НЕЯВНО            L 00001 РАSZЕRО*        РАSТIМЕ   L 00030 0 7ТJЗQV
                                           L 00001 SРАСЕ*                   DL 00001 О ЫVБ0
   FМISGО    L 00022 ISОРGОSТ    Р/ТF     (Р/SУS   )                        NL 00040 Р/1D
   LIВSUВ    L 00002 МОNСАRD*    Р/ТRРАGЕ  L 00001 РАSDRN*         РАSТN    (РАSОUТ  )
             Р 02048 РЕRS                  L 00001 РАSDRUМ*        РАSWНТ   (РАSОUТ  )
             Р 02048 ТЕМР                  L 00001 РАSРАGN*        РRЕТТУРR  L 00030 *INРUТ*
   Р/ВЕХF   DL 00015 РАSЕХFТ*    Р/WI      L 00001 РАSМINS*                  L 00030 *ОUТРUТ*
   Р/ВХ     DL 00040 Р/1D                  L 00001 РАSZЕRО*                  L 00030 *RЕSULТ*
             L 00001 Р/SТАСК     Р/WL     (Р/SУS   )                         L 00496 Р/1D
            DL 00001 RGЕХРОRТ    Р/WО      L 00001 РАSZЕRО*        ТIМЕ     (РАSТIМЕ )
   Р/СЕ     (Р/СI    )           Р/WОLN   (Р/SУS   )               ТОРULТ    L 00030 0 8Б0 3Р
   Р/СI      L 00030 *ОUТРUТ*    Р/WR      L 00001 РАSМINS*                  L 00030 JЗQ6О ЫL
             L 00001 *РАSВUG*             DL 00001 РАSРЕRID                  L 00267 Р/1D
   Р/СО     (Р/SУS   )                    DL 00001 РАSРLUS*                  L 00022 БРЗА0 8Б
   Р/D1      L 00010 *ОUТРUТ*              L 00001 РАSZЕRО*                  L 00030 БРЗD0 7Т
   Р/DА      L 00001 *ОUТРUТ*              L 00001 SРАСЕ*          ХRЕF      L 00030 *INРUТ*
   Р/DD     DL 00001 *РАSDDS*    РАIВ     (LIВSUВ  )                         L 00030 *ОUТРUТ*
   Р/DIV    (Р/SУS   )           РАSАСD    L 00001 *ВDV*                     L 00462 Р/1D
   Р/Е      (Р/ЕF    )           РАSВD    (РАSВDI  )
   Р/ЕА      L 00030 *ОUТРUТ*    РАSВDI   DL 00007 *ВDС*
   Р/ЕF     DL 00001 РАSЕNDS*              L 00001 *ВDЕRRN*
            DL 00001 РАSЕОFСD              L 00001 *ВDV*
            DL 00001 РАSЕОLSУ              L 00168 *ВDVЕСТ*
            DL 00001 РАSМINS*              L 00001 *ЕRSТОР*
            DL 00001 РАSZЕRО*              Р 01024 Р/ВDВUF
            DL 00001 SРАСЕ*                Р 01024 Р/ВDSУS
   Р/ЕL     DL 00001 РАSЕОLSУ              Р 01024 Р/ВDТАВ
   Р/ЕN     (Р/ВХ    )           РАSСТRР  (Р/SУS   )
   Р/ЕR      L 00030 *ОUТРUТ*    РАSЕОF    L 00014 МОNСАRD*
   Р/FМ     (Р/МF    )           РАSGIVЕР (Р/SУS   )
   Р/GF     (Р/SУS   )           РАSGОSТ   L 00001 РАSЕNDS*
   Р/НТ      L 00001 РАSРМDАD              L 00001 РАSЕОLSУ
   Р/IТ     (Р/SУS   )                     L 00001 РАSМINS*
   Р/МF      L 00001 Р/SТАСК               L 00001 РАSZЕRО*
   Р/МОD    (Р/SУS   )                     L 00001 SРАСЕ*
   Р/NN      L 00001 Р/SТАСК     РАSGОSТ7  L 00030 0 6ЬБРЗЕ
   Р/РАGЕS   Р 01024 Р/FIRР                L 00030 0 8Б0 62
            DL 00001 РАSDRN*               L 00307 Р/1D
            DL 00001 РАSDRUМ*              L 00030 БРЗD0*6
            DL 00001 РАSРАGN*    РАSНЕLР   L 00030  Й  БРАQ
   Р/РF     (Р/SУS   )                    DL 00001 0*6ЧБРАL
   Р/РМDSЕТ (РАSРМD  )                     L 00030 DЕ ЖХЯ
   Р/РRINТ  (РАSОUТ  )                    DL 00001 D    + G
   Р/RА7     L 00001 SРАСЕ*                L 00011 Н   W
   Р/RАСРАК (Р/SУS   )                    DL 00488 Р/1D
   Р/RDI     L 00001 РАSМINS*              L 00030 RОЮТ В Л
            DL 00001 РАSРLUS*              L 00030 Х    В Л
             L 00001 РАSZЕRО*    РАSINВUF (Р/SУS   )
             L 00001 SРАСЕ*      РАSISОСD DL 00022 ISОРGОSТ
   Р/RDR     L 00001 РАSРЕRID             NL 00022 ISОРIТМ
   Р/RЕ1    (Р/SУS   )                    NL 00022 ISОРRЕSV
   Р/RЕ2    (Р/SУS   )                    DL 00011 ISОРТЕХТ
   Р/RF     (Р/SУS   )           РАSLISТ   L 00001 FULISFL*
   Р/RILN    L 00020 *INРUТ*               L 00001 NОLISFL*
   Р/RL     (Р/RILN  )           РАSМОN2   L 00001 FLGЕХ*
   Р/SС     DL 00001 РАSСЕLUР              L 00001 Р/SТАСК
   Р/SЕТЕХF  L 00015 РАSЕХFТ*    РАSОUТ    L 00001 *РАSDDS*
                                                      18.05.19 М1
                     ИСПОЛЬЗОВАНИЕ СОММОN′ОВ                       РАSЕХFТ*    00015
                                                                            DL 00015 Р/ВЕХF
                                 Н   W       00011                           L 00015 Р/SЕТЕХF
   Е - ЕСТЬ ОДНОИМЕННАЯ П/П                L 00011 РАSНЕLР         РАSМINS*    00001
   D - РАССЫЛКА ДАННЫХ           ISОРGОSТ    00022                          DL 00001 Р/ЕF
   N - ОПИСАН, НЕ ИСПОЛЬЗУЕТСЯ             L 00022 FМISGО                    L 00001 Р/RDI
   Р - СТРАНИЧНЫЙ СОММОN                  DL 00022 РАSISОСD                  L 00001 Р/WI
   S - СЕКТОРНЫЙ СОММОN          ISОРIТМ     00022                           L 00001 Р/WR
   L - ПРОСТОЙ СОММОN                     NL 00022 РАSISОСD                  L 00001 РАSGОSТ
   ***** - ДЛИНА ОПИСАНА НЕЯВНО  ISОРRЕSV    00022                 РАSРАGN*    00001
                                          NL 00022 РАSISОСD                 DL 00001 Р/РАGЕS
   *ВDС*       00007             ISОРТЕХТ    00011                           L 00001 Р/ТRРАGЕ
            DL 00007 РАSВDI               DL 00011 РАSISОСD        РАSРЕRID    00001
   *ВDЕRRN*    00001             JЗQ6О ЫL    00030                           L 00001 Р/RDR
             L 00001 РАSВDI                L 00030 ТОРULТ                   DL 00001 Р/WR
   *ВDV*       00001             МОNСАRD*    00014                 РАSРLUS*    00001
             L 00001 РАSАСD                L 00002 LIВSUВ                   DL 00001 Р/RDI
             L 00001 РАSВDI                L 00014 РАSЕОF                   DL 00001 Р/WR
   *ВDVЕСТ*    00168             NОLISFL*    00001                 РАSРМDАD    00001
             L 00168 РАSВDI                L 00001 РАSLISТ                   L 00001 Р/НТ
   *ЕRSТОР*    00001             О ЫVБ0      00001                           L 00001 Р/SУS
             L 00001 РАSВDI               DL 00001 РАSТIМЕ                   L 00001 РАSРМD
   *INРUТ*     00030             Р/1D        00496                 РАSZЕRО*    00001
             L 00020 Р/RILN               DL 00040 Р/ВХ                     DL 00001 Р/ЕF
             L 00030 РRЕТТУРR              L 00307 РАSGОSТ7                  L 00001 Р/RDI
             L 00030 ХRЕF                 DL 00488 РАSНЕLР                   L 00001 Р/SУS
   *ОUТРUТ*    00030                      NL 00040 РАSRЕD                    L 00001 Р/WI
             L 00030 Р/СI                 NL 00040 РАSТIМЕ                   L 00001 Р/WО
             L 00010 Р/D1                  L 00496 РRЕТТУРR                  L 00001 Р/WR
             L 00001 Р/DА                  L 00267 ТОРULТ                    L 00001 РАSGОSТ
             L 00030 Р/ЕА                  L 00462 ХRЕF                      L 00001 РАSОUТ
             L 00030 Р/ЕR        Р/ВDВUF     01024                 РЕRS        02048
             L 00030 Р/SУS                 Р 01024 РАSВDI                    Р 02048 LIВSUВ
             L 00030 РАSRЕD      Р/ВDSУS     01024                 RGЕХРОRТ    00001
             L 00030 РRЕТТУРR              Р 01024 РАSВDI                   DL 00001 Р/ВХ
             L 00030 ХRЕF                  Р 01024 РАSSЕТАR                  L 00001 РАSОUТ
   *РАSВUG*    00001             Р/ВDТАВ     01024                 RОЮТ В Л    00030
             L 00001 Р/СI                  Р 01024 РАSВDI                    L 00030 РАSНЕLР
   *РАSDDS*    00001             Р/FIRР      01024                 SРАСЕ*      00001
            DL 00001 Р/DD                  Р 01024 Р/РАGЕS                  DL 00001 Р/ЕF
             L 00001 РАSОUТ      Р/SТАСК     00001                           L 00001 Р/RА7
   *РАSТЕL*    00025                       L 00001 Р/ВХ                      L 00001 Р/RDI
            DL 00025 РАSОUТ                L 00001 Р/МF                      L 00001 Р/SР
   *RЕSULТ*    00030                       L 00001 Р/NN                      L 00001 Р/SУS
             L 00030 РRЕТТУРR              L 00001 РАSМОN2                   L 00001 Р/WR
    Й  БРАQ    00030             РАSСЕLUР    00001                           L 00001 РАSGОSТ
             L 00030 РАSНЕLР              DL 00001 Р/SС            ТЕМР        02048
   0*6ЧБРАL    00001             РАSDRN*     00001                           Р 02048 LIВSUВ
            DL 00001 РАSНЕLР              DL 00001 Р/РАGЕS         Х    В Л    00030
   0 7ТJЗQV    00030                       L 00001 Р/ТRРАGЕ                  L 00030 РАSНЕLР
             L 00030 РАSТIМЕ     РАSDRUМ*    00001                 БРЗА0 8Б    00022
   0 6ЬБРЗЕ    00030                      DL 00001 Р/РАGЕS                   L 00022 ТОРULТ
             L 00030 РАSGОSТ7              L 00001 Р/ТRРАGЕ        БРЗD0*6     00030
   0 8Б0 3Р    00030             РАSЕNDS*    00001                           L 00030 РАSGОSТ7
             L 00030 ТОРULТ               DL 00001 Р/ЕF            БРЗD0 7Т    00030
   0 8Б0 62    00030                       L 00001 Р/SУS                     L 00030 ТОРULТ
             L 00030 РАSGОSТ7              L 00001 РАSGОSТ
   DЕ ЖХЯ      00030             РАSЕОFСD    00001
             L 00030 РАSНЕLР              DL 00001 Р/ЕF
   D    + G    00001                       L 00001 Р/SУS
            DL 00001 РАSНЕLР     РАSЕОLSУ    00001
   FLGЕХ*      00001                      DL 00001 Р/ЕF
             L 00001 РАSМОN2              DL 00001 Р/ЕL
   FULISFL*    00001                       L 00001 Р/SУS
             L 00001 РАSLISТ               L 00001 РАSGОSТ
           *ЕND FILЕ
 КОНЕЦ ЗАДАЧИ
 00411: 00 074 0000	*74
