                                                      18.05.19 М1

  М О Н И Т О Р-8 0  (3.7)   25.09.84*       (  МС " Д У Б Н А " ИАЭ  )             ШИФР    419999000000







                     ЖЖЖ   ЖЖЖ      Ж  ЖЖЖ         ЖЖЖ      Ж  ЖЖЖ   ЖЖЖ
                    Ж   Ж Ж   Ж    ЖЖ Ж   Ж       Ж   Ж    ЖЖ Ж   Ж Ж
                        Ж Ж   Ж   Ж Ж  Ж Ж        Ж   Ж   Ж Ж     Ж ЖЖЖЖ
                       Ж  Ж   Ж  Ж  Ж   Ж    ЖЖЖ  Ж   Ж  Ж  Ж    Ж  Ж   Ж
                      Ж   Ж   Ж Ж   Ж  Ж Ж        Ж   Ж Ж   Ж   Ж   Ж   Ж
                     Ж    Ж   Ж ЖЖЖЖЖ Ж   Ж       Ж   Ж ЖЖЖЖЖ  Ж    Ж   Ж
                    ЖЖЖЖЖ  ЖЖЖ      Ж  ЖЖЖ         ЖЖЖ      Ж ЖЖЖЖЖ  ЖЖЖ








*NАМЕ 2048-0426
           *РЕRSО: 401350
 04.10.84 М1
           *САLL LIВRЕFЕR:ТАРЕ=400426
                                                      18.05.19 М1
                     ССЫЛКИ НА ПОДПРОГРАММЫ

                                 WRIТLIВL (LIВDRUМ )
   D - РАССЫЛКА ДАННЫХ           WRIТLIВR    WRIТLIВI
   Е - ВНЕШНЯЯ П/П               WRIТМЕМ   Е LОАDАNGО
                                           Е МОNRЕАD*
   ВЕМSН*      Н/NОМЕR                     Е РRINТ8
             Е LОАDАNGО
   ВЕМSН**   Е МОNIТОR*
             Е РRINТ8
             Е RЕАD*
   САТАLОG*  Е DАТАРR*
               РТ6
               RЕАDК3А2
               ТR5UР
   DСАТАLОG (САТАLОG*)
   ЕQUМЕМ   (WRIТМЕМ )
   ЕХСLUD/
   FСАТАLОG (САТАLОG*)
   Н/NОМЕR
   LIВDЕLЕТ    ЕХСLUD/
             Е ЕХСLUDЕ
               Н/NОМЕR
               РТ6
               RЕАDК3А2
   LIВDRUМ   Е DRUМТАР*
               ЕХСLUD/
               Н/NОМЕR
             Е LUN*МОN
             Е РАRАМТ*
             Е РRINТ8
               РТ6
               RЕАDК3А2
   LIВRАRУ*  Е LIВLISТ
               РТ6
               RЕАDК3А2
   LIВRАRУ   Е LIВLISТ
               LIВRАRУ*
   LIВТАРЕ/  Е DRUМТАР*
             Е РАRАМТ*
             Е РRINТ8
               RЕАDК3А2
               ТR5UР
   LОАD/IТМ    Н/NОМЕR
             Е LUN*МОN
             Е РRINТ8
               RЕАDК3А2
   РСАТАLОG (САТАLОG*)
   РТ6
   RЕАDК3А2
   RLIВLIS     ЕХСLUD/
               Н/NОМЕR
             Е LIВLISТ
             Е РАRАМТ*
               РТ6
               RЕАDК3А2
               WRIТLIВL
   ТСАТАLОG (САТАLОG*)
   ТСАТDОR  (САТАLОG*)
   ТR5UР
   WRIТLIВ* (LIВDRUМ )
   WRIТLIВI  Е DRUМТАР*
               ЕХСLUD/
               Н/NОМЕR
               RЕАDК3А2
                                                      18.05.19 М1
                     ИСПОЛЬЗОВАНИЕ ПОДПРОГРАММ

                                             LIВDЕLЕТ
   Е - ВНЕШНЯЯ П/П                           LIВDRUМ
   N - ОПИСАНА, НЕ ИСПОЛЬЗУЕТСЯ              LIВRАRУ*
   С - ЕСТЬ ОДНОИМЕННЫЙ СОММОN               RLIВLIS
                                 RЕАD*    Е  ВЕМSН**
   НЕИСПОЛЬЗУЕМЫЕ ВХОДЫ          RЕАDК3А2    САТАLОG*
                                             LIВDЕLЕТ
   ВЕМSН*                                    LIВDRUМ
   ВЕМSН**                                   LIВRАRУ*
   САТАLОG*                                  LIВТАРЕ/
   DСАТАLОG                                  LОАD/IТМ
   ЕQUМЕМ                                    RLIВLIS
   FСАТАLОG                                  WRIТLIВI
   LIВDЕLЕТ                      ТR5UР       САТАLОG*
   LIВDRUМ                                   LIВТАРЕ/
   LIВRАRУ                       WRIТLIВI    WRIТLIВR
   LIВТАРЕ/                      WRIТLIВL    RLIВLIS
   LОАD/IТМ
   РСАТАLОG
   RLIВLIS
   ТСАТАLОG
   ТСАТDОR
   WRIТLIВ*
   WRIТLIВR
   WRIТМЕМ


   ИСПОЛЬЗУЕМЫЕ ВХОДЫ

   DАТАРR*  Е  САТАLОG*
   DRUМТАР* Е  LIВDRUМ
               LIВТАРЕ/
               WRIТLIВI
   ЕХСLUD/     LIВDЕLЕТ
               LIВDRUМ
               RLIВLIS
               WRIТLIВI
   ЕХСLUDЕ  Е  LIВDЕLЕТ
   Н/NОМЕR     ВЕМSН*
               LIВDЕLЕТ
               LIВDRUМ
               LОАD/IТМ
               RLIВLIS
               WRIТLIВI
   LIВLISТ  Е  LIВRАRУ*
             N LIВRАRУ
               RLIВLIS
   LIВRАRУ*    LIВRАRУ
   LОАDАNGО Е  ВЕМSН*
               WRIТМЕМ
   LUN*МОN  Е  LIВDRUМ
               LОАD/IТМ
   МОNIТОR* ЕN ВЕМSН**
   МОNRЕАD* Е  WRIТМЕМ
   РАRАМТ*  Е  LIВDRUМ
               LIВТАРЕ/
               RLIВLIS
   РRINТ8   Е  ВЕМSН**
               LIВDRUМ
               LIВТАРЕ/
             N LОАD/IТМ
               WRIТМЕМ
   РТ6         САТАLОG*
                                                      18.05.19 М1
                     ССЫЛКИ НА СОММОN′Ы


   D - РАССЫЛКА ДАННЫХ
   N - ОПИСАН, НЕ ИСПОЛЬЗУЕТСЯ
   Р - СТРАНИЧНЫЙ СОММОN
   S - СЕКТОРНЫЙ СОММОN
   L - ПРОСТОЙ СОММОN
   ***** - ДЛИНА ОПИСАНА НЕЯВНО

   ВЕМSН**   L 00042 ЕNТRУ*
            NL 00001 FLGЕХ*
             L 00001 FULISFL*
             L 00004 КСОUNТ*
             L 00001 NОLISFL*
   САТАLОG*  L 07424 УКАЗ
   DСАТАLОG (САТАLОG*)
   ЕQUМЕМ   (WRIТМЕМ )
   FСАТАLОG (САТАLОG*)
   LIВDRUМ   L 00014 *МОNСRD*
             L 00001 ЕRRОFLG*
             L 00002 РАRLIВR*
   LIВRАRУ*  L 00001 *RЕGIМ//
   LIВRАRУ  NL 00000 А
            NL ***** А1
   LIВТАРЕ/  L 00014 *МОNСRD*
   LОАD/IТМ  L 00005 RМ*
   РСАТАLОG (САТАLОG*)
   RLIВLIS   L 00014 *МОNСRD*
             Р 02048 САТАLОG
             L 00002 РАRLIВR*
   ТСАТАLОG (САТАLОG*)
   ТСАТDОR  (САТАLОG*)
   WRIТLIВ* (LIВDRUМ )
   WRIТLIВI NL 00014 *МОNСRD*
            NL 00001 ЕRRОFLG*
   WRIТLIВL (LIВDRUМ )
   WRIТМЕМ   L 00001 МОNСАRD*
                                                      18.05.19 М1
                     ИСПОЛЬЗОВАНИЕ СОММОN′ОВ


   Е - ЕСТЬ ОДНОИМЕННАЯ П/П
   D - РАССЫЛКА ДАННЫХ
   N - ОПИСАН, НЕ ИСПОЛЬЗУЕТСЯ
   Р - СТРАНИЧНЫЙ СОММОN
   S - СЕКТОРНЫЙ СОММОN
   L - ПРОСТОЙ СОММОN
   ***** - ДЛИНА ОПИСАНА НЕЯВНО

   *МОNСRD*    00014
             L 00014 LIВDRUМ
             L 00014 LIВТАРЕ/
             L 00014 RLIВLIS
            NL 00014 WRIТLIВI
   *RЕGIМ//    00001
             L 00001 LIВRАRУ*
   А           00000
            NL 00000 LIВRАRУ
   А1          *****
            NL ***** LIВRАRУ
   САТАLОG     02048
             Р 02048 RLIВLIS
   ЕNТRУ*      00042
             L 00042 ВЕМSН**
   ЕRRОFLG*    00001
             L 00001 LIВDRUМ
            NL 00001 WRIТLIВI
   FLGЕХ*      00001
            NL 00001 ВЕМSН**
   FULISFL*    00001
             L 00001 ВЕМSН**
   КСОUNТ*     00004
             L 00004 ВЕМSН**
   МОNСАRD*    00001
             L 00001 WRIТМЕМ
   NОLISFL*    00001
             L 00001 ВЕМSН**
   РАRLIВR*    00002
             L 00002 LIВDRUМ
             L 00002 RLIВLIS
   RМ*         00005
             L 00005 LОАD/IТМ
   УКАЗ        07424
             L 07424 САТАLОG*
           *ЕND FILЕ
 КОНЕЦ ЗАДАЧИ
 00411: 00 074 0000	*74
