                                                      18.05.19 М1

  М О Н И Т О Р-8 0  (3.7)   25.09.84*       (  МС " Д У Б Н А " ИАЭ  )             ШИФР    419999000000







                     ЖЖЖ   ЖЖЖ      Ж  ЖЖЖ         ЖЖЖ   ЖЖЖ  ЖЖЖЖЖ  ЖЖЖ
                    Ж   Ж Ж   Ж    ЖЖ Ж   Ж       Ж   Ж Ж   Ж    Ж  Ж   Ж
                        Ж Ж   Ж   Ж Ж  Ж Ж        Ж   Ж Ж   Ж   Ж   Ж   Ж
                       Ж  Ж   Ж  Ж  Ж   Ж    ЖЖЖ  Ж   Ж Ж   Ж    Ж  Ж   Ж
                      Ж   Ж   Ж Ж   Ж  Ж Ж        Ж   Ж Ж   Ж     Ж Ж   Ж
                     Ж    Ж   Ж ЖЖЖЖЖ Ж   Ж       Ж   Ж Ж   Ж Ж   Ж Ж   Ж
                    ЖЖЖЖЖ  ЖЖЖ      Ж  ЖЖЖ         ЖЖЖ   ЖЖЖ   ЖЖЖ   ЖЖЖ








*NАМЕ 2048-0030
           *РЕRSО: 401350
 04.10.84 М1
           *САLL LIВRЕFЕR:ТАРЕ=400030
                                                      18.05.19 М1
                     ССЫЛКИ НА ПОДПРОГРАММЫ


   D - РАССЫЛКА ДАННЫХ
   Е - ВНЕШНЯЯ П/П

   СЛУГА       СЛУГА1
               СЛУГА6
               FОRАSТ
   СЛУГА1   (СЛУГА2  )
   СЛУГА2      СЛУГА3
   СЛУГА3    Е RЕАD*
   СЛУГА6
   FОRАSТ   (СЛУГА2  )
                                                      18.05.19 М1
                     ИСПОЛЬЗОВАНИЕ ПОДПРОГРАММ


   Е - ВНЕШНЯЯ П/П
   N - ОПИСАНА, НЕ ИСПОЛЬЗУЕТСЯ
   С - ЕСТЬ ОДНОИМЕННЫЙ СОММОN

   НЕИСПОЛЬЗУЕМЫЕ ВХОДЫ

   СЛУГА
   СЛУГА2


   ИСПОЛЬЗУЕМЫЕ ВХОДЫ

   СЛУГА1      СЛУГА
   СЛУГА3      СЛУГА2
   СЛУГА6      СЛУГА
   FОRАSТ      СЛУГА
   RЕАD*    Е  СЛУГА3
                                                      18.05.19 М1
                     ССЫЛКИ НА СОММОN′Ы


   D - РАССЫЛКА ДАННЫХ
   N - ОПИСАН, НЕ ИСПОЛЬЗУЕТСЯ
   Р - СТРАНИЧНЫЙ СОММОN
   S - СЕКТОРНЫЙ СОММОN
   L - ПРОСТОЙ СОММОN
   ***** - ДЛИНА ОПИСАНА НЕЯВНО

   СЛУГА1   (СЛУГА2  )
   СЛУГА2    Р 01024 *СЛУГ4*
             L 00014 *СЛУГА5*
             L 00001 *СЛУГА7*
   СЛУГА3    L 00014 *СЛУГА5*
   СЛУГА6    L 00001 *СЛУГА7*
             L 00001 NОLISFL*
   FОRАSТ   (СЛУГА2  )
                                                      18.05.19 М1
                     ИСПОЛЬЗОВАНИЕ СОММОN′ОВ


   Е - ЕСТЬ ОДНОИМЕННАЯ П/П
   D - РАССЫЛКА ДАННЫХ
   N - ОПИСАН, НЕ ИСПОЛЬЗУЕТСЯ
   Р - СТРАНИЧНЫЙ СОММОN
   S - СЕКТОРНЫЙ СОММОN
   L - ПРОСТОЙ СОММОN
   ***** - ДЛИНА ОПИСАНА НЕЯВНО

   *СЛУГ4*     01024
             Р 01024 СЛУГА2
   *СЛУГА5*    00014
             L 00014 СЛУГА2
             L 00014 СЛУГА3
   *СЛУГА7*    00001
             L 00001 СЛУГА2
             L 00001 СЛУГА6
   NОLISFL*    00001
             L 00001 СЛУГА6
           *ЕND FILЕ
 КОНЕЦ ЗАДАЧИ
 00411: 00 074 0000	*74
