                                                      18.05.19 М1

  М О Н И Т О Р-8 0  (3.7)   25.09.84*       (  МС " Д У Б Н А " ИАЭ  )             ШИФР    419999000000







                     ЖЖЖ   ЖЖЖ      Ж  ЖЖЖ           Ж  ЖЖЖЖЖ  ЖЖЖ   ЖЖЖ
                    Ж   Ж Ж   Ж    ЖЖ Ж   Ж         ЖЖ  Ж   Ж Ж   Ж Ж   Ж
                        Ж Ж   Ж   Ж Ж  Ж Ж         Ж Ж      Ж     Ж Ж   Ж
                       Ж  Ж   Ж  Ж  Ж   Ж    ЖЖЖ     Ж     Ж     Ж  Ж   Ж
                      Ж   Ж   Ж Ж   Ж  Ж Ж           Ж    Ж     Ж   Ж   Ж
                     Ж    Ж   Ж ЖЖЖЖЖ Ж   Ж          Ж   Ж     Ж    Ж   Ж
                    ЖЖЖЖЖ  ЖЖЖ      Ж  ЖЖЖ          ЖЖЖ  Ж    ЖЖЖЖЖ  ЖЖЖ








*NАМЕ 2048-1720
           *РЕRSО: 401350
 04.10.84 М1
           *САLL LIВRЕFЕR:ТАРЕ=401720
                                                      18.05.19 М1
                     ССЫЛКИ НА ПОДПРОГРАММЫ                                    ЕRRОR             DРG      (DМТ     )
                                                                               РАСК              DRW      (DМТ     )
                                 АGЕNТ       *INР*                             QUЕSТ             Е60С
   D - РАССЫЛКА ДАННЫХ                       *ОUТ*                             RЕРS              ЕА1Р     (RЕРS    )
   Е - ВНЕШНЯЯ П/П                           ВРАСК                             SН4               ЕВISО    (АВISО   )
                                             ЕА1Р                              ТFОRМ             ЕВISО1   (АВISО   )
   *АСS*    (*WIW*   )                       ЕRRОR                             WРАСК             ЕВЫСЛ    (АВЫСЛ   )
   *DRW*       *ОUТ*                         РАСК                  АГДЕЯ       *ОUТ*             ЕВЫСЛ1   (АВЫСЛ   )
               ЕRRОR                         RЕРS                              QUЕSТ             ЕСРЗО    (АСРЗО   )
               РАSSW                         ТFОRМ                             ТIМЕТ             ЕСРЗО1   (АСРЗО   )
               QUЕSТ                         WРАСК                 АДИСК    (РАSSW   )           ЕLISО    (АLISО   )
               SН4               АLISО       *INР*                 АИТОГ       *INР*             ЕLISО1   (АLISО   )
   *INР*    (*ОUТ*   )                       DВZ                               ВWАIТ             ЕРGN     (АИТОГ   )
   *ОUТ*       АТIМЕ                         RЕРS                              ЕА1Р              ЕРGN1    (АИТОГ   )
               АWАIТ                         ТFОRМ                             FАIL              ЕRRОR    (WАNТ    )
               Е60С              АРАС     (АШИФР   )                           РАСК              ЕWНАТ    (АИТОГ   )
               NТЕRМ             АРАСП       *ОUТ*                             РАSSW             ЕWНАТ1   (АИТОГ   )
               QUЕSТ                         АРRINТ                            QUЕSТ             ЕДИСК    (РАSSW   )
               SWАIТ                         DЕХ                               RЕРS              ЕДИСК1   (РАSSW   )
   *ТND*       *ОUТ*                         DRW                               ТFОRМ             ЕПЕРЕ    (АПЕРЕ   )
               NТЕRМ                         NРАСК                 АПЕРЕ       *INР*             ЕПЕРЕ1   (АПЕРЕ   )
               SWАIТ                         RМТ                               *ОUТ*             FАIL     (WАNТ    )
               ТIМЕТ                         WАNТ                              РАSSW             НLIS     (LISТ    )
   *WIW*       *ОUТ*                         WРАСК                             QUЕSТ             КСТ      (SН4     )
               SН4               АРАR     (АШИФР   )                           RЕРS              LISТ
   АВISО       DАD               АРRINТ   (WАNТ    )                           RРТ               LТОW
               DВZ               АRЕРL    (RЕРS    )                           SН4               NЕWТАР    Е ОСТТDЕС
               RЕРS              АSЕТ        *INР*                             ТFОRМ                       Е РАRАМТ*
               ТFОRМ                         *ОUТ*                 АПРОП       *INР*                       Е РRINТ8
   АВЫВ        *INР*                         АDМL                              *ОUТ*                       Е RЕАD*
               *ОUТ*                         ЕВISО                             АРАСП             NРАСК    (RЕРS    )
               *WIW*                         ЕВISО1                            DАD               NТЕRМ       FАIL
               ВРАСК                         ЕВЫСЛ                             DВZ                           RЕSТА
               DАD                           ЕВЫСЛ1                            DDR                           SWАIТ
               DFТ                           ЕСРЗО                             DЕХ               РАСК     (RЕРS    )
               DRW                           ЕСРЗО1                            DFТ               РАSSW       ВУ*ВУ
               ЕRRОR                         ЕLISО                             DМТ                           QUЕSТ
               FАIL                          ЕLISО1                            DРG                           RЕРS
               LТОW                          ЕРGN                              DRW                           RРТ
               NРАСК                         ЕРGN1                             ЕRRОR                         SН4
               РАSSW                         ЕWНАТ                             LТОW                          ТFОRМ
               QUЕSТ                         ЕWНАТ1                            WТОL              РАSSWОRD (РАSSW   )
               SН4                           ЕДИСК                 АШИФР       *АСS*             QUЕSТ    (WАNТ    )
               Т8/10                         ЕДИСК1                            *INР*             RЕРS
               ТIМЕТ                         ЕПЕРЕ                             АWАIТ             RЕSТА    (WАNТ    )
               WРАСК                         ЕПЕРЕ1                            АГДЕЯ             RFR      (АПРОП   )
               WТОL                          РАSSW                             ЕRRОR             RМТ      (АПРОП   )
   АВЫСЛ       *INР*                         РАSSWОRD                          КСТ               RРТ      (SН4     )
               ЕА1Р                          QUЕSТ                             QUЕSТ             SН4         *INР*
               РАСК                          SН4                   ВРАСК    (RЕРS    )                       *ОUТ*
               QUЕSТ                         WАNТ                  ВWАIТ    (АWАIТ   )           SWАIТ    (АWАIТ   )
               RЕРS              АТЕРМ       *ОUТ*                 ВУ*ВУ    (*ОUТ*   )           Т8/10
               SН4                           NРАСК                 ВШИФР    (АШИФР   )           ТFОRМ       *ОUТ*
               ТFОRМ                         QUЕSТ                 DАD      (DМТ     )                       АРАR
   АСРЗО       *INР*                         SН4                   DВZ      (DМТ     )                       ЕRRОR
               ЕRRОR                         WРАСК                 DDR      (DМТ     )                       QUЕSТ
               LТОW              АТIМЕ    (*ТND*   )               DЕХ      (DМТ     )                       SН4
               РАSSW             АWАIТ       *ОUТ*                 DFТ      (DМТ     )                       БШИФР
               QUЕSТ                         FАIL                  DМТ         *DRW*             ТIМЕТ
               RЕРS                          RЕSТА                             *INР*             VDАТ     (WАNТ    )
               SН4               АWНАТ    (АИТОГ   )                           *ОUТ*             WАNТ        *АСS*
               ТFОRМ             АБЕМШ       *INР*                             АПРОП                         *DRW*
               WРАСК                         *ОUТ*                             ЕRRОR                         *INР*
   АСБОР    (АИТОГ   )                       ВРАСК                             QUЕSТ                         *ОUТ*
   АDМL     (РАSSW   )                       ЕА1Р                              SН4                           *ТND*
               *WIW*                         АШИФР
               АВISО                         DМТ
               АВЫВ                          Е60С
               АВЫСЛ                         LISТ
               АСРЗО                         LТОW
               АСБОР                         NТЕRМ
               АGЕNТ                         РАSSW
               АLISО                         RЕРS
               АРАС                          SН4
               АРАСП                         Т8/10
               АРАR                          ТFОRМ
               АRЕРL                         ТIМЕТ
               АSЕТ                          VDАТ
               АТЕРМ                         WАNТ
               АТIМЕ                         WТОL
               АWАIТ             WРАСК    (RЕРS    )
               АWНАТ             WТОL        WРАСК
               АБЕМШ             БШИФР    (АШИФР   )
               АГДЕЯ
               АДИСК
               АИТОГ
               АПЕРЕ
               АПРОП
               АШИФР
               ВРАСК
               ВWАIТ
               ВШИФР
               DМТ
               ЕА1Р
               НLIS
               КСТ
               LISТ
               LТОW
               NРАСК
               NТЕRМ
               РАСК
               РАSSW
               RЕРS
               RРТ
               SН4
               SWАIТ
               Т8/10
               ТFОRМ
               ТIМЕТ
               WРАСК
               WТОL
               БШИФР
   WАNТDUМР    *DRW*
               *ОUТ*
               *ТND*
               *WIW*
               АВISО
               АВЫВ
               АВЫСЛ
               АСРЗО
               АGЕNТ
               АLISО
               АРАСП
               АSЕТ
               АТЕРМ
               АWАIТ
               АБЕМШ
               АГДЕЯ
               АИТОГ
               АПЕРЕ
               АПРОП
                                                      18.05.19 М1
                     ИСПОЛЬЗОВАНИЕ ПОДПРОГРАММ                     DРG         АПРОП             РАSSW       *DRW*
                                                                   DRW         АВЫВ                          АВЫВ
                                           N WАNТDUМР                          АРАСП                         АСРЗО
   Е - ВНЕШНЯЯ П/П               АСБОР       WАNТ                              АПРОП                         АSЕТ
   N - ОПИСАНА, НЕ ИСПОЛЬЗУЕТСЯ  АDМL        АSЕТ                  Е60С        *ОUТ*                         АИТОГ
   С - ЕСТЬ ОДНОИМЕННЫЙ СОММОN   АGЕNТ       WАNТ                            N WАNТDUМР                      АПЕРЕ
                                           N WАNТDUМР              ЕА1Р        АВЫСЛ                       N WАNТ
   НЕИСПОЛЬЗУЕМЫЕ ВХОДЫ          АLISО       WАNТ                              АGЕNТ                       N WАNТDUМР
                                           N WАNТDUМР                        N АБЕМШ             РАSSWОRD    АSЕТ
   NЕWТАР                        АРАС      N WАNТ                              АИТОГ             РRINТ8   Е  NЕWТАР
   RFR                           АРАСП       АПРОП                           N WАNТ              QUЕSТ       *DRW*
   WАNТDUМР                                N WАNТ                  ЕВISО       АSЕТ                          *ОUТ*
                                           N WАNТDUМР              ЕВISО1      АSЕТ                          АВЫВ
                                 АРАR        ТFОRМ                 ЕВЫСЛ       АSЕТ                          АВЫСЛ
   ИСПОЛЬЗУЕМЫЕ ВХОДЫ                      N WАNТ                  ЕВЫСЛ1      АSЕТ                          АСРЗО
                                 АРRINТ      АРАСП                 ЕСРЗО       АSЕТ                          АSЕТ
   *АСS*       АШИФР             АRЕРL     N WАNТ                  ЕСРЗО1      АSЕТ                          АТЕРМ
             N WАNТ              АSЕТ        WАNТ                  ЕLISО       АSЕТ                          АБЕМШ
   *DRW*       DМТ                         N WАNТDUМР              ЕLISО1      АSЕТ                          АГДЕЯ
             N WАNТ              АТЕРМ       WАNТ                  ЕРGN        АSЕТ                          АИТОГ
             N WАNТDUМР                    N WАNТDUМР              ЕРGN1       АSЕТ                          АПЕРЕ
   *INР*       АВЫВ              АТIМЕ       *ОUТ*                 ЕRRОR       *DRW*                         АШИФР
               АВЫСЛ                         WАNТ                              АВЫВ                          DМТ
               АСРЗО             АWАIТ       *ОUТ*                             АСРЗО                         РАSSW
               АGЕNТ                         АШИФР                             АGЕNТ                         ТFОRМ
               АLISО                         WАNТ                              АБЕМШ             RЕАD*    Е  NЕWТАР
               АSЕТ                        N WАNТDUМР                          АПРОП             RЕРS        АВISО
               АБЕМШ             АWНАТ       WАNТ                              АШИФР                         АВЫСЛ
               АИТОГ             АБЕМШ       WАNТ                              DМТ                           АСРЗО
               АПЕРЕ                       N WАNТDUМР                          ТFОRМ                         АGЕNТ
               АПРОП             АГДЕЯ       АШИФР                 ЕWНАТ       АSЕТ                          АLISО
               АШИФР                       N WАNТ                  ЕWНАТ1      АSЕТ                          АБЕМШ
               DМТ                         N WАNТDUМР              ЕДИСК       АSЕТ                          АИТОГ
               SН4               АДИСК       WАNТ                  ЕДИСК1      АSЕТ                          АПЕРЕ
               WАNТ              АИТОГ       WАNТ                  ЕПЕРЕ       АSЕТ                          РАSSW
   *ОUТ*       *DRW*                       N WАNТDUМР              ЕПЕРЕ1      АSЕТ                        N WАNТ
               *ТND*             АПЕРЕ       WАNТ                  FАIL        АВЫВ                        N WАNТDUМР
               *WIW*                       N WАNТDUМР                          АWАIТ             RЕSТА       АWАIТ
               АВЫВ              АПРОП       DМТ                               АИТОГ                       N NТЕRМ
               АGЕNТ                         WАNТ                              NТЕRМ             RМТ         АРАСП
               АРАСП                       N WАNТDUМР              НLIS        WАNТ              RРТ         АПЕРЕ
               АSЕТ              АШИФР       WАNТ                  КСТ         АШИФР                         РАSSW
               АТЕРМ                       N WАNТDUМР                        N WАNТ                        N WАNТ
               АWАIТ             ВРАСК       АВЫВ                  LISТ        WАNТ              SН4         *DRW*
               АБЕМШ                         АGЕNТ                           N WАNТDUМР                      *WIW*
               АГДЕЯ                         АБЕМШ                 LТОW        АВЫВ                          АВЫВ
               АПЕРЕ                       N WАNТ                              АСРЗО                         АВЫСЛ
               АПРОП             ВWАIТ       АИТОГ                             АПРОП                         АСРЗО
               DМТ                         N WАNТ                            N WАNТ                          АSЕТ
               SН4               ВУ*ВУ       РАSSW                           N WАNТDUМР                      АТЕРМ
               ТFОRМ             ВШИФР       WАNТ                  NРАСК       АВЫВ                          АБЕМШ
               WАNТ              DАD         АВISО                             АРАСП                         АПЕРЕ
             N WАNТDUМР                      АВЫВ                              АТЕРМ                         DМТ
   *ТND*       WАNТ                          АПРОП                           N WАNТ                          РАSSW
             N WАNТDUМР          DВZ         АВISО                 NТЕRМ       *ОUТ*                       N ТFОRМ
   *WIW*       АВЫВ                          АLISО                             *ТND*                       N WАNТ
               WАNТ                          АПРОП                           N WАNТ                        N WАNТDUМР
             N WАNТDUМР          DDR         АПРОП                           N WАNТDUМР          SWАIТ       *ОUТ*
   АВISО       WАNТ              DЕХ         АРАСП                 ОСТТDЕС  Е  NЕWТАР                        *ТND*
             N WАNТDUМР                    N АПРОП                 РАСК        АВЫСЛ                         NТЕRМ
   АВЫВ        WАNТ              DFТ         АВЫВ                              АGЕNТ                       N WАNТ
             N WАNТDUМР                      АПРОП                             АБЕМШ             Т8/10       АВЫВ
   АВЫСЛ       WАNТ              DМТ         АПРОП                             АИТОГ                       N WАNТ
             N WАNТDUМР                    N WАNТ                            N WАNТ                        N WАNТDUМР
   АСРЗО       WАNТ                        N WАNТDUМР              РАRАМТ*  Е  NЕWТАР            ТFОRМ       АВISО
               АВЫСЛ
               АСРЗО
               АGЕNТ
               АLISО
               АБЕМШ
               АИТОГ
               АПЕРЕ
               РАSSW
             N WАNТ
             N WАNТDUМР
   ТIМЕТ       *ТND*
               АВЫВ
               АГДЕЯ
             N WАNТ
             N WАNТDUМР
   VDАТ        WАNТDUМР
   WАNТ        АРАСП
               АSЕТ
               WАNТDUМР
   WРАСК       АВЫВ
               АСРЗО
               АGЕNТ
               АРАСП
               АТЕРМ
               АБЕМШ
             N WАNТ
               WТОL
   WТОL        АВЫВ
               АПРОП
             N WАNТ
             N WАNТDUМР
   БШИФР       ТFОRМ
               WАNТ
                                                      18.05.19 М1
                     ССЫЛКИ НА СОММОN′Ы

                                           L 00025 МОNСАRD*
   D - РАССЫЛКА ДАННЫХ                     L 00014 МОNСАRD/
   N - ОПИСАН, НЕ ИСПОЛЬЗУЕТСЯ             L 00001 SТАRSТА
   Р - СТРАНИЧНЫЙ СОММОN         NРАСК    (RЕРS    )
   S - СЕКТОРНЫЙ СОММОN          РАСК     (RЕРS    )
   L - ПРОСТОЙ СОММОN            QUЕSТ    (WАNТ    )
   ***** - ДЛИНА ОПИСАНА НЕЯВНО  RЕРS      L 00128 IW71
                                 RЕSТА    (WАNТ    )
   *АСS*    (*WIW*   )           RFR      (АПРОП   )
   *DRW*     Р 00001 ЕХРАG       RМТ      (АПРОП   )
             L 00003 ТОР1        ТFОRМ     Р 00001 ЕХРАG
   *INР*    (*ОUТ*   )                     L 00128 IW71
   *ОUТ*     L 00128 IW71        VDАТ     (WАNТ    )
   *ТND*     L 00128 IW71        WАNТ      Р 00001 ЕХРАG
   *WIW*     L 00128 IW71                 NL 00128 IW71
   АВISО     L 00012 РАR         WАNТDUМР NР 00001 ЕХРАG
             L 00003 ТОР1                 NL 00128 IW71
   АВЫВ      Р 00001 ЕХРАG                NL 00012 РАR
             L 00128 IW71                 NS 00256 SЕСТ
             L 00012 РАR                  NL 00003 ТОР1
   АСРЗО     Р 00001 ЕХРАG                NL 00001 ТОР2
             L 00012 РАR         WРАСК    (RЕРS    )
   АGЕNТ     L 00128 IW71        WТОL      Р 00001 ЕХРАG
   АLISО     L 00011 РАR                   L 00012 РАR
             L 00003 ТОР1
   АРАСП     Р 00001 ЕХРАG
             L 00012 РАR
   АРRINТ   (WАNТ    )
   АRЕРL    (RЕРS    )
   АТЕРМ     L 00128 IW71
   АТIМЕ    (*ТND*   )
   АБЕМШ    NL 00128 IW71
   АГДЕЯ     L 00128 IW71
   АПЕРЕ     Р 00001 ЕХРАG
   АПРОП     L 00128 IW71
             L 00012 РАR
   ВРАСК    (RЕРS    )
   ВУ*ВУ    (*ОUТ*   )
   DАD      (DМТ     )
   DВZ      (DМТ     )
   DDR      (DМТ     )
   DЕХ      (DМТ     )
   DFТ      (DМТ     )
   DМТ       Р 00001 ЕХРАG
             L 00012 РАR
   DРG      (DМТ     )
   DRW      (DМТ     )
   Е60С      S 00256 SЕСТ
   ЕА1Р     (RЕРS    )
   ЕВISО    (АВISО   )
   ЕВISО1   (АВISО   )
   ЕСРЗО    (АСРЗО   )
   ЕСРЗО1   (АСРЗО   )
   ЕLISО    (АLISО   )
   ЕLISО1   (АLISО   )
   ЕRRОR    (WАNТ    )
   ЕПЕРЕ    (АПЕРЕ   )
   ЕПЕРЕ1   (АПЕРЕ   )
   FАIL     (WАNТ    )
   LТОW      Р 00001 ЕХРАG
             L 00012 РАR
   NЕWТАР    L 00012 *МОNСRD*
             L 00006 ВОВ
                                                      18.05.19 М1
                     ИСПОЛЬЗОВАНИЕ СОММОN′ОВ

                                          NL 00003 WАNТDUМР
   Е - ЕСТЬ ОДНОИМЕННАЯ П/П      ТОР2        00001
   D - РАССЫЛКА ДАННЫХ                    NL 00001 WАNТDUМР
   N - ОПИСАН, НЕ ИСПОЛЬЗУЕТСЯ
   Р - СТРАНИЧНЫЙ СОММОN
   S - СЕКТОРНЫЙ СОММОN
   L - ПРОСТОЙ СОММОN
   ***** - ДЛИНА ОПИСАНА НЕЯВНО

   *МОNСRD*    00012
             L 00012 NЕWТАР
   ВОВ         00006
             L 00006 NЕWТАР
   ЕХРАG       00001
             Р 00001 *DRW*
             Р 00001 АВЫВ
             Р 00001 АСРЗО
             Р 00001 АРАСП
             Р 00001 АПЕРЕ
             Р 00001 DМТ
             Р 00001 LТОW
             Р 00001 ТFОRМ
             Р 00001 WАNТ
            NР 00001 WАNТDUМР
             Р 00001 WТОL
   IW71        00128
             L 00128 *ОUТ*
             L 00128 *ТND*
             L 00128 *WIW*
             L 00128 АВЫВ
             L 00128 АGЕNТ
             L 00128 АТЕРМ
            NL 00128 АБЕМШ
             L 00128 АГДЕЯ
             L 00128 АПРОП
             L 00128 RЕРS
             L 00128 ТFОRМ
            NL 00128 WАNТ
            NL 00128 WАNТDUМР
   МОNСАRD*    00025
             L 00025 NЕWТАР
   МОNСАRD/    00014
             L 00014 NЕWТАР
   РАR         00012
             L 00012 АВISО
             L 00012 АВЫВ
             L 00012 АСРЗО
             L 00011 АLISО
             L 00012 АРАСП
             L 00012 АПРОП
             L 00012 DМТ
             L 00012 LТОW
            NL 00012 WАNТDUМР
             L 00012 WТОL
   SЕСТ        00256
             S 00256 Е60С
            NS 00256 WАNТDUМР
   SТАRSТА     00001
             L 00001 NЕWТАР
   ТОР1        00003
             L 00003 *DRW*
             L 00003 АВISО
             L 00003 АLISО
           *ЕND FILЕ
 КОНЕЦ ЗАДАЧИ
 00411: 00 074 0000	*74
