                                                      18.05.19 М1

  М О Н И Т О Р-8 0  (3.7)   25.09.84*       (  МС " Д У Б Н А " ИАЭ  )             ШИФР    419999000000







                     ЖЖЖ   ЖЖЖ  ЖЖЖЖ  ЖЖЖЖЖ          Ж   ЖЖЖ     Ж  ЖЖЖЖЖ
                    Ж   Ж Ж   Ж Ж        Ж          ЖЖ  Ж   Ж   ЖЖ  Ж   Ж
                        Ж Ж   Ж ЖЖЖЖ    Ж          Ж Ж      Ж  Ж Ж      Ж
                       Ж  Ж   Ж     Ж    Ж   ЖЖЖ     Ж     Ж     Ж     Ж
                      Ж   Ж   Ж     Ж     Ж          Ж    Ж      Ж    Ж
                     Ж    Ж   Ж Ж   Ж Ж   Ж          Ж   Ж       Ж   Ж
                    ЖЖЖЖЖ  ЖЖЖ   ЖЖЖ   ЖЖЖ          ЖЖЖ ЖЖЖЖЖ   ЖЖЖ  Ж








*NАМЕ 2053-1217
           *РЕRSО: 401350
 04.10.84 М1
           *САLL LIВRЕFЕR:ТАРЕ=411217
                                                      18.05.19 М1
                     ССЫЛКИ НА ПОДПРОГРАММЫ


   D - РАССЫЛКА ДАННЫХ
   Е - ВНЕШНЯЯ П/П

   АRВIТR      СОUТIМ
               LL1
               LL2
               LL3
               LL4
               ОRDЕR
   САRВIТ      АRВIТR
               СОUТIМ
               LL1
               LL2
               LL3
               ОRDЕR
   СОUТ        СОUТIМ
   СОUТIМ   DЕ ВЬМV
             Е СЬМV
             Е СЬVР
   LIВРRINТ D
   LL1      DЕ FТ*002
             Е FТ*003
             Е FТ*571
   LL2      DЕ FТ*002
             Е FТ*003
             Е FТ*571
   LL3      DЕ FТ*002
             Е FТ*003
             Е FТ*571
   LL4      DЕ FТ*002
             Е FТ*003
             Е FТ*571
   ОRDЕR
   ТАКЕSТАR    LIВРRINТ
             Е NЕWLIS
             Е РRINТ8//
                                                      18.05.19 М1
                     ИСПОЛЬЗОВАНИЕ ПОДПРОГРАММ


   Е - ВНЕШНЯЯ П/П
   N - ОПИСАНА, НЕ ИСПОЛЬЗУЕТСЯ
   С - ЕСТЬ ОДНОИМЕННЫЙ СОММОN

   НЕИСПОЛЬЗУЕМЫЕ ВХОДЫ

   САRВIТ
   СОUТ
   ТАКЕSТАR


   ИСПОЛЬЗУЕМЫЕ ВХОДЫ

   АRВIТR      САRВIТ
   ВЬМV     Е  СОUТIМ
   СОUТIМ      АRВIТR
             N САRВIТ
               СОUТ
   СЬМV     Е  СОUТIМ
   СЬVР     Е  СОUТIМ
   FТ*002   Е  LL1
               LL2
               LL3
               LL4
   FТ*003   Е  LL1
               LL2
               LL3
               LL4
   FТ*571   Е  LL1
               LL2
               LL3
               LL4
   LIВРRINТ    ТАКЕSТАR
   LL1         АRВIТR
             N САRВIТ
   LL2         АRВIТR
             N САRВIТ
   LL3         АRВIТR
             N САRВIТ
   LL4         АRВIТR
   NЕWLIS   Е  ТАКЕSТАR
   ОRDЕR       АRВIТR
             N САRВIТ
   РRINТ8// Е  ТАКЕSТАR
                                                      18.05.19 М1
                     ССЫЛКИ НА СОММОN′Ы


   D - РАССЫЛКА ДАННЫХ
   N - ОПИСАН, НЕ ИСПОЛЬЗУЕТСЯ
   Р - СТРАНИЧНЫЙ СОММОN
   S - СЕКТОРНЫЙ СОММОN
   L - ПРОСТОЙ СОММОN
   ***** - ДЛИНА ОПИСАНА НЕЯВНО

   АRВIТR    L 00601 *ОRD*
             L 01024 *РС*
   САRВIТ    Р 01024 *РС*
   ОRDЕR     L 00601 *ОRD*
             L 01024 *РС*
   ТАКЕSТАR  Р 02048 САТАLОG
             Р 01024 РАGЕ
                                                      18.05.19 М1
                     ИСПОЛЬЗОВАНИЕ СОММОN′ОВ


   Е - ЕСТЬ ОДНОИМЕННАЯ П/П
   D - РАССЫЛКА ДАННЫХ
   N - ОПИСАН, НЕ ИСПОЛЬЗУЕТСЯ
   Р - СТРАНИЧНЫЙ СОММОN
   S - СЕКТОРНЫЙ СОММОN
   L - ПРОСТОЙ СОММОN
   ***** - ДЛИНА ОПИСАНА НЕЯВНО

   *ОRD*       00601
             L 00601 АRВIТR
             L 00601 ОRDЕR
   *РС*        01024
             L 01024 АRВIТR
             Р 01024 САRВIТ
             L 01024 ОRDЕR
   САТАLОG     02048
             Р 02048 ТАКЕSТАR
   РАGЕ        01024
             Р 01024 ТАКЕSТАR
           *ЕND FILЕ
 КОНЕЦ ЗАДАЧИ
 00411: 00 074 0000	*74
