                                                      18.05.19 М1

  М О Н И Т О Р-8 0  (3.7)   25.09.84*       (  МС " Д У Б Н А " ИАЭ  )             ШИФР    419999000000







                     ЖЖЖ   ЖЖЖ  ЖЖЖЖ  ЖЖЖЖЖ          Ж   ЖЖЖ   ЖЖЖ     Ж
                    Ж   Ж Ж   Ж Ж        Ж          ЖЖ  Ж   Ж Ж   Ж   ЖЖ
                        Ж Ж   Ж ЖЖЖЖ    Ж          Ж Ж      Ж Ж   Ж  Ж Ж
                       Ж  Ж   Ж     Ж    Ж   ЖЖЖ     Ж     Ж  Ж   Ж    Ж
                      Ж   Ж   Ж     Ж     Ж          Ж    Ж   Ж   Ж    Ж
                     Ж    Ж   Ж Ж   Ж Ж   Ж          Ж   Ж    Ж   Ж    Ж
                    ЖЖЖЖЖ  ЖЖЖ   ЖЖЖ   ЖЖЖ          ЖЖЖ ЖЖЖЖЖ  ЖЖЖ    ЖЖЖ








*NАМЕ 2053-1201
           *РЕRSО: 401350
 04.10.84 М1
           *САLL LIВRЕFЕR:ТАРЕ=411201
                                                      18.05.19 М1
                     ССЫЛКИ НА ПОДПРОГРАММЫ                                  Е Р/IТ                        Е Р/GF
                                                                             Е Р/LNGРАR                    Е Р/IS
                                 NВСАТ    (SТАТ    )                         Е Р/МI                        Е Р/IТ
   D - РАССЫЛКА ДАННЫХ           ND       (ХХINОUТ )                         Е Р/NN                        Е Р/LDАRIN
   Е - ВНЕШНЯЯ П/П               NDАТЕ    (РМDАТЕ  )                         Е Р/РМDSЕТ                    Е Р/МI
                                 NЕХТS    (SТАТ    )                         Е Р/SС                        Е Р/NN
   ВСНZОN   (SТАТ    )           NNОМ     (NОМ     )               RРG         FСL                         Е Р/RЕ
   ВЕGSТ    (SТАТ    )           NО       (ХХINОUТ )                           GЕТFIО                      Е Р/RF
   DАТМОD   (РТIМЕ   )           NОМ         LS                                GОSТIS                      Е Р/SС
   ЕS       (ХХINОUТ )                       ND                                I10Т16                      Е Р/ТR
   FСL      (ХХINОUТ )                       NО                              Е Р/08                        Е Р/WI
   GЕТFIО                                    NS                              Е Р/1                         Е Р/WL
   GIVVЕС   (SТRЕС   )                     Е Р/1                             Е Р/2                         Е Р/WО
   GОSТIS    Е GОSТ/ISО                    Е Р/2                             Е Р/7А              SТАТISТI    ВСНZОN
   I10Т16   (NОМ     )                     Е Р/3                             Е Р/СО                          ВЕGSТ
   IDАТРR                                  Е Р/31                            Е Р/СW                          FСL
   IDSТАТ                                  Е Р/СО                            Е Р/DА                          GIVVЕС
   IFТЕRМ   (ХХINОUТ )                     Е Р/DА                            Е Р/Е                           IDАТРR
   INТЕR       DАТМОD                      Е Р/DI                            Е Р/ЕF                          IFТЕRМ
               ЕS                          Е Р/Е                             Е Р/IТ                          JZОNЕ
               FСL                         Е Р/ЕF                            Е Р/LDАR                        LDIR
               LS                          Е Р/IТ                            Е Р/LDАRIN                      МFSТАТ
               МАSК                        Е Р/LNGРАR                        Е Р/LNGРАR                      МNОМ
               МDАТЕ                       Е Р/МD                            Е Р/NN                          NВСАТ
               ND                          Е Р/МI                            Е Р/РМDSЕТ                      NЕХТS
               NNОМ                        Е Р/NN                            Е Р/SС                          NNОМ
               NSНРR                       Е Р/РМDSЕТ                        Е Р/SТАR                        NVАR
               NТ                          Е Р/SС                            Е Р/WС                          NZСАТ
               NТIМЕ             NS       (ХХINОUТ )                         Е Р/WI                          NZSВОR
             Е Р/1               NSНРR    (SНРR    )                         Е Р/WL                        Е Р/01
             Е Р/2               NТ       (ХХINОUТ )                           ТIММОD                      Е Р/07
             Е Р/6А              NТIМЕ    (РТIМЕ   )               SНРR        LS                          Е Р/1
             Е Р/7А              NVАR     (SТRЕС   )                           ND                          Е Р/2
             Е Р/СК              NZСАТ    (SТRЕС   )                           NS                          Е Р/6А
             Е Р/СО              NZSВОR   (SТRЕС   )                         Е Р/1                         Е Р/7А
             Е Р/СW              РАR      (INТЕR   )                         Е Р/2                         Е Р/СО
             Е Р/DА              РНЕLР    (INТЕR   )                         Е Р/3                         Е Р/СW
             Е Р/Е               РМDАТЕ      LS                              Е Р/31                        Е Р/DI
             Е Р/ЕF                          ND                              Е Р/6А                        Е Р/Е
             Е Р/IN                          NS                              Е Р/СО                        Е Р/ЕF
             Е Р/IТ                        Е Р/1                             Е Р/DА                        Е Р/IN
             Е Р/КС                        Е Р/2                             Е Р/Е                         Е Р/IТ
             Е Р/NN                        Е Р/3                             Е Р/ЕF                        Е Р/LDАRIN
             Е Р/РМDSЕТ                    Е Р/31                            Е Р/IТ                        Е Р/МI
             Е Р/SС                        Е Р/СО                            Е Р/NN                        Е Р/РМDSЕТ
             Е Р/WА                        Е Р/DА                            Е Р/РМDSЕТ                    Е Р/SС
             Е Р/WI                        Е Р/Е                             Е Р/SС                        Е Р/SТАR
             Е Р/WL                        Е Р/ЕF                            Е Р/WА                        Е Р/WI
               SР                          Е Р/IТ                            Е Р/WL                        Е Р/WL
               SРRINТ                      Е Р/МI                              SS                          Е Р/WО
               SRЕАD                       Е Р/NN                  SР       (ХХINОUТ )                       РАR
               ТIММОD                      Е Р/РМDSЕТ              SРRINТ   (RРG     )                       РНЕLР
               ТN                          Е Р/SС                  SRЕАD    (ХХINОUТ )                       РRINТ
   IТЕRМ                         РRINТ    (RРG     )               SS       (NОМ     )                       SРRINТ
   IZОN     (SТАТ    )           РRОGRАМ  (SТАТ    )               SТАТ        FСL                           SТМАSК
   JZОNЕ    (SТАТ    )           РТIМЕ       LS                                I10Т16                        SUМ
   LDIR     (INТЕR   )                       ND                                МDSТАТ                        SUМUSР
   LS       (ХХINОUТ )                       NS                              Е Р/0П              SТМАSК   (SНРR    )
   LSНРR    (SНРR    )                     Е Р/1                             Е Р/1               SТRЕС    D  FСL
   МАSК     (SНРR    )                     Е Р/2                             Е Р/2                         Е Р/00
   МDАТЕ    (РМDАТЕ  )                     Е Р/3                             Е Р/6А                        Е Р/04
   МDSТАТ                                  Е Р/31                            Е Р/7А                        Е Р/1
   МFSТАТ   (SТАТ    )                     Е Р/СО                            Е Р/СО                        Е Р/2
   МNОМ     (NОМ     )                     Е Р/Е                             Е Р/Е                         Е Р/6А
   МТIМЕ    (РТIМЕ   )                     Е Р/ЕF                            Е Р/ЕF                        Е Р/7А
             Е Р/СО
             Е Р/СW
             Е Р/Е
             Е Р/ЕF
             Е Р/IТ
             Е Р/LDАRIN
             Е Р/МI
             Е Р/NN
             Е Р/RR
             Е Р/SС
             Е Р/WI
             Е Р/WL
             Е Р/WО
               SS
   SUМ      (RРG     )
   SUМUSР   (RРG     )
   ТIММОD   (РТIМЕ   )
   ТN       (ХХINОUТ )
   ХХINОUТ     IDSТАТ
               IТЕRМ
             Е Р/08
             Е Р/1
             Е Р/2
             Е Р/СО
             Е Р/Е
             Е Р/ЕF
             Е Р/ЕL
             Е Р/GF
             Е Р/IТ
             Е Р/LDАR
             Е Р/NN
             Е Р/RF
             Е Р/SС
             Е Р/SТАR
             Е Р/ТF
             Е РRINТ8
             Е RЕАD
             Е ТТРRINТD
             Е ТТRЕАD
                                                      18.05.19 М1
                     ИСПОЛЬЗОВАНИЕ ПОДПРОГРАММ                                 РТIМЕ             Р/МI     Е  NОМ
                                                                               RРG                           РМDАТЕ
                                 NЕХТS       SТАТISТI                          SНРR                          РТIМЕ
   Е - ВНЕШНЯЯ П/П               NNОМ        INТЕR                             SТАТ                          SТАТ
   N - ОПИСАНА, НЕ ИСПОЛЬЗУЕТСЯ              SТАТISТI                          SТАТISТI                      SТАТISТI
   С - ЕСТЬ ОДНОИМЕННЫЙ СОММОN   NО          NОМ                               SТRЕС                         SТRЕС
                                 NS          NОМ                               ХХINОUТ           Р/NN     Е  INТЕR
   НЕИСПОЛЬЗУЕМЫЕ ВХОДЫ                      РМDАТЕ                Р/СW     Е  INТЕR                         NОМ
                                             РТIМЕ                             RРG                           РМDАТЕ
   INТЕR                                     SНРR                              SТАТISТI                      РТIМЕ
   IZОN                          NSНРR       INТЕR                             SТRЕС                         RРG
   LSНРR                         NТ          INТЕR                 Р/DА     Е  INТЕR                         SНРR
   МТIМЕ                         NТIМЕ       INТЕR                             NОМ                           SТАТ
   NDАТЕ                         NVАR        SТАТISТI                          РМDАТЕ                        SТRЕС
   NОМ                           NZСАТ       SТАТISТI                          RРG                           ХХINОUТ
   РМDАТЕ                        NZSВОR      SТАТISТI                          SНРR              Р/РМDSЕТ Е  INТЕR
   РRОGRАМ                       Р/00     Е  SТRЕС                 Р/DI     Е  NОМ                           NОМ
   РТIМЕ                         Р/01     Е  SТАТISТI                          SТАТISТI                      РМDАТЕ
   RРG                           Р/04     Е  SТRЕС                 Р/Е      Е  INТЕR                         РТIМЕ
   SНРR                          Р/07     Е  SТАТISТI                          NОМ                           RРG
   SТАТ                          Р/08     Е  RРG                               РМDАТЕ                        SНРR
   SТАТISТI                                  ХХINОUТ                           РТIМЕ                         SТАТISТI
   SТRЕС                         Р/0П     Е  SТАТ                              RРG               Р/RЕ     Е  SТАТ
   ХХINОUТ                       Р/1      Е  INТЕR                             SНРR              Р/RF     ЕN SТАТ
                                             NОМ                               SТАТ                          ХХINОUТ
                                             РМDАТЕ                            SТАТISТI          Р/RR     Е  SТRЕС
   ИСПОЛЬЗУЕМЫЕ ВХОДЫ                        РТIМЕ                             SТRЕС             Р/SС     Е  INТЕR
                                             RРG                               ХХINОUТ                       NОМ
   ВСНZОN      SТАТISТI                      SНРR                  Р/ЕF     Е  INТЕR                         РМDАТЕ
   ВЕGSТ       SТАТISТI                      SТАТ                              NОМ                           РТIМЕ
   DАТМОD      INТЕR                         SТАТISТI                          РМDАТЕ                        RРG
   ЕS          INТЕR                         SТRЕС                             РТIМЕ                         SНРR
   FСL         INТЕR                         ХХINОUТ                           RРG                           SТАТ
               RРG               Р/2      Е  INТЕR                             SНРR                          SТАТISТI
               SТАТ                          NОМ                               SТАТ                          SТRЕС
               SТАТISТI                      РМDАТЕ                            SТАТISТI                      ХХINОUТ
               SТRЕС                         РТIМЕ                             SТRЕС             Р/SТАR   Е  RРG
   GЕТFIО      RРG                           RРG                               ХХINОUТ                       SТАТISТI
   GIVVЕС      SТАТISТI                      SНРR                  Р/ЕL     Е  ХХINОUТ                       ХХINОUТ
   GОSТ/ISО Е  GОSТIS                        SТАТ                  Р/GF     Е  SТАТ              Р/ТF     Е  ХХINОUТ
   GОSТIS      RРG                           SТАТISТI                          ХХINОUТ           Р/ТR     Е  SТАТ
   I10Т16      RРG                           SТRЕС                 Р/IN     Е  INТЕR             Р/WА     Е  INТЕR
               SТАТ                          ХХINОUТ                           SТАТISТI                      SНРR
   IDАТРR      SТАТISТI          Р/3      Е  NОМ                   Р/IS     Е  SТАТ              Р/WС     Е  RРG
   IDSТАТ      ХХINОUТ                       РМDАТЕ                Р/IТ     Е  INТЕR             Р/WI     Е  INТЕR
   IFТЕRМ      SТАТISТI                      РТIМЕ                             NОМ                           RРG
   IТЕRМ       ХХINОUТ                       SНРR                              РМDАТЕ                        SТАТ
   JZОNЕ       SТАТISТI          Р/31     Е  NОМ                               РТIМЕ                         SТАТISТI
   LDIR        SТАТISТI                      РМDАТЕ                            RРG                           SТRЕС
   LS          INТЕR                         РТIМЕ                             SНРR              Р/WL     Е  INТЕR
               NОМ                           SНРR                              SТАТ                          RРG
               РМDАТЕ            Р/6А     Е  INТЕR                             SТАТISТI                      SНРR
               РТIМЕ                         SНРR                              SТRЕС                         SТАТ
               SНРR                          SТАТ                              ХХINОUТ                       SТАТISТI
   МАSК        INТЕR                         SТАТISТI              Р/КС     Е  INТЕR                         SТRЕС
   МDАТЕ       INТЕR                         SТRЕС                 Р/LDАR   Е  RРG               Р/WО     Е  SТАТ
   МDSТАТ      SТАТ              Р/7А     Е  INТЕR                             ХХINОUТ                       SТАТISТI
   МFSТАТ      SТАТISТI                      RРG                   Р/LDАRIN Е  RРG                           SТRЕС
   МNОМ        SТАТISТI                      SТАТ                              SТАТ              РАR         SТАТISТI
   NВСАТ       SТАТISТI                      SТАТISТI                          SТАТISТI          РНЕLР       SТАТISТI
   ND          INТЕR                         SТRЕС                             SТRЕС             РRINТ       SТАТISТI
               NОМ               Р/СК     Е  INТЕR                 Р/LNGРАR Е  NОМ               РRINТ8   Е  ХХINОUТ
               РМDАТЕ            Р/СО     Е  INТЕR                             РТIМЕ             RЕАD     Е  ХХINОUТ
               РТIМЕ                         NОМ                               RРG               SР          INТЕR
               SНРR                          РМDАТЕ                Р/МD     Е  NОМ               SРRINТ      INТЕR
               SТАТISТI
   SRЕАD       INТЕR
   SS          SНРR
               SТRЕС
   SТМАSК      SТАТISТI
   SUМ         SТАТISТI
   SUМUSР      SТАТISТI
   ТIММОD      INТЕR
               RРG
   ТN          INТЕR
   ТТРRINТD Е  ХХINОUТ
   ТТRЕАD   Е  ХХINОUТ
                                                      18.05.19 М1
                     ССЫЛКИ НА СОММОN′Ы                            SUМ      (RРG     )
                                                                   SUМUSР   (RРG     )
                                          NL 00040 Р/1D            ТIММОD   (РТIМЕ   )
   D - РАССЫЛКА ДАННЫХ           РRINТ    (RРG     )               ТN       (ХХINОUТ )
   N - ОПИСАН, НЕ ИСПОЛЬЗУЕТСЯ   РRОGRАМ  (SТАТ    )               ХХINОUТ   L 00001 *FDЕL*
   Р - СТРАНИЧНЫЙ СОММОN         РТIМЕ     L 00030 *ОUТРUТ*                  L 00030 *FОUТ*
   S - СЕКТОРНЫЙ СОММОN                   NL 00040 Р/1D                      L 00024 *LSУМ*
   L - ПРОСТОЙ СОММОN            RРG       L 00030 *FОUТ*                    L 00030 *ОUТРUТ*
   ***** - ДЛИНА ОПИСАНА НЕЯВНО            L 00052 *FР*                      L 00018 *РSУМ*
                                           L 00041 *INS*                     L 00001 *RGОUТ*
   ВСНZОN   (SТАТ    )                     L 00052 *IРL*                    NL 00040 Р/1D
   ВЕGSТ    (SТАТ    )                     L 00052 *LР*
   DАТМОD   (РТIМЕ   )                     L 00052 *МР*
   ЕS       (ХХINОUТ )                     L 00030 *ОUТРUТ*
   FСL      (ХХINОUТ )                     L 00052 *ТР*
   GIVVЕС   (SТRЕС   )                    NL 00040 Р/1D
   I10Т16   (NОМ     )           SНРR      L 00030 *ОUТРUТ*
   IDАТРR    L 00002 DАТА*                NL 00040 Р/1D
   IDSТАТ    L 00001 ТSТАТЕ*     SР       (ХХINОUТ )
   IFТЕRМ   (ХХINОUТ )           SРRINТ   (RРG     )
   INТЕR     L 00052 *FF*        SRЕАD    (ХХINОUТ )
            DL 00007 *FLС*       SS       (NОМ     )
            DL 00007 *FLD*       SТАТ      L 00012 *СRЕС*
             L 00030 *FОUТ*                L 00030 *FОUТ*
             L 00052 *FР*                 DL 00005 *МDS*
             L 00052 *FS*                  L 00030 *ОUТРUТ*
             L 00041 *INS*                 L 00007 *РSТАТ*
             L 00052 *IРL*                 L 00030 *SТ*
             L 00052 *LF*                 DL 00005 *ZМАХ*
             L 00001 *LМАSК*              DL 00005 *ZМIN*
             L 00052 *LР*                 NL 00040 Р/1D
             L 00052 *МР*        SТАТISТI  L 00001 *FDЕL*
             L 00030 *ОUТРUТ*              L 00052 *FF*
             L 00153 *Р*                   L 00030 *FОUТ*
             L 00012 *SМАSК*               L 00052 *FР*
             L 00052 *ТР*                  L 00052 *FS*
            NL 00040 Р/1D                  L 00041 *INS*
   IZОN     (SТАТ    )                     L 00052 *IРL*
   JZОNЕ    (SТАТ    )                    NL 00052 *LF*
   LDIR     (INТЕR   )                    NL 00001 *LМАSК*
   LS       (ХХINОUТ )                     L 00052 *LР*
   LSНРR    (SНРR    )                     L 00041 *NSТАТ*
   МАSК     (SНРR    )                     L 00041 *NSUМ*
   МDАТЕ    (РМDАТЕ  )                     L 00030 *ОUТРUТ*
   МFSТАТ   (SТАТ    )                     L 00153 *Р*
   МNОМ     (NОМ     )                     L 00001 *RGОUТ*
   МТIМЕ    (РТIМЕ   )                     L 00012 *SМАSК*
   NВСАТ    (SТАТ    )                     L 00030 *SТ*
   ND       (ХХINОUТ )                     L 10008 *SUМР*
   NDАТЕ    (РМDАТЕ  )                     L 00008 *SUМU*
   NЕХТS    (SТАТ    )                     L 00011 *VТ*
   NNОМ     (NОМ     )                     L 01131 Р/1D
   NО       (ХХINОUТ )           SТМАSК   (SНРR    )
   NОМ       L 00030 *ОUТРUТ*    SТRЕС     L 00012 *СRЕС*
            NL 00040 Р/1D                  L 00030 *FОUТ*
   NS       (ХХINОUТ )                    DL 00052 *LF*
   NSНРR    (SНРR    )                    NL 00001 *LМАSК*
   NТ       (ХХINОUТ )                    DL 00052 *LР*
   NТIМЕ    (РТIМЕ   )                    DL 00052 *МР*
   NVАR     (SТRЕС   )                     L 00030 *ОUТРUТ*
   NZСАТ    (SТRЕС   )                     L 00007 *РSТАТ*
   NZSВОR   (SТRЕС   )                     L 00012 *SМАSК*
   РАR      (INТЕR   )                     L 00030 *SТ*
   РНЕLР    (INТЕR   )                    DL 00052 *ТР*
   РМDАТЕ    L 00030 *ОUТРUТ*             NL 00040 Р/1D
                                                      18.05.19 М1
                     ИСПОЛЬЗОВАНИЕ СОММОN′ОВ                       ТSТАТЕ*     00001
                                                                             L 00001 IDSТАТ
                                           L 00052 RРG
   Е - ЕСТЬ ОДНОИМЕННАЯ П/П               DL 00052 SТRЕС
   D - РАССЫЛКА ДАННЫХ           *NSТАТ*     00041
   N - ОПИСАН, НЕ ИСПОЛЬЗУЕТСЯ             L 00041 SТАТISТI
   Р - СТРАНИЧНЫЙ СОММОN         *NSUМ*      00041
   S - СЕКТОРНЫЙ СОММОN                    L 00041 SТАТISТI
   L - ПРОСТОЙ СОММОN            *ОUТРUТ*    00030
   ***** - ДЛИНА ОПИСАНА НЕЯВНО            L 00030 INТЕR
                                           L 00030 NОМ
   *СRЕС*      00012                       L 00030 РМDАТЕ
             L 00012 SТАТ                  L 00030 РТIМЕ
             L 00012 SТRЕС                 L 00030 RРG
   *FDЕL*      00001                       L 00030 SНРR
             L 00001 SТАТISТI              L 00030 SТАТ
             L 00001 ХХINОUТ               L 00030 SТАТISТI
   *FF*        00052                       L 00030 SТRЕС
             L 00052 INТЕR                 L 00030 ХХINОUТ
             L 00052 SТАТISТI    *Р*         00153
   *FLС*       00007                       L 00153 INТЕR
            DL 00007 INТЕR                 L 00153 SТАТISТI
   *FLD*       00007             *РSТАТ*     00007
            DL 00007 INТЕR                 L 00007 SТАТ
   *FОUТ*      00030                       L 00007 SТRЕС
             L 00030 INТЕR       *РSУМ*      00018
             L 00030 RРG                   L 00018 ХХINОUТ
             L 00030 SТАТ        *RGОUТ*     00001
             L 00030 SТАТISТI              L 00001 SТАТISТI
             L 00030 SТRЕС                 L 00001 ХХINОUТ
             L 00030 ХХINОUТ     *SМАSК*     00012
   *FР*        00052                       L 00012 INТЕR
             L 00052 INТЕR                 L 00012 SТАТISТI
             L 00052 RРG                   L 00012 SТRЕС
             L 00052 SТАТISТI    *SТ*        00030
   *FS*        00052                       L 00030 SТАТ
             L 00052 INТЕR                 L 00030 SТАТISТI
             L 00052 SТАТISТI              L 00030 SТRЕС
   *INS*       00041             *SUМР*      10008
             L 00041 INТЕR                 L 10008 SТАТISТI
             L 00041 RРG         *SUМU*      00008
             L 00041 SТАТISТI              L 00008 SТАТISТI
   *IРL*       00052             *ТР*        00052
             L 00052 INТЕR                 L 00052 INТЕR
             L 00052 RРG                   L 00052 RРG
             L 00052 SТАТISТI             DL 00052 SТRЕС
   *LF*        00052             *VТ*        00011
             L 00052 INТЕR                 L 00011 SТАТISТI
            NL 00052 SТАТISТI    *ZМАХ*      00005
            DL 00052 SТRЕС                DL 00005 SТАТ
   *LМАSК*     00001             *ZМIN*      00005
             L 00001 INТЕR                DL 00005 SТАТ
            NL 00001 SТАТISТI    DАТА*       00002
            NL 00001 SТRЕС                 L 00002 IDАТРR
   *LР*        00052             Р/1D        01131
             L 00052 INТЕR                NL 00040 INТЕR
             L 00052 RРG                  NL 00040 NОМ
             L 00052 SТАТISТI             NL 00040 РМDАТЕ
            DL 00052 SТRЕС                NL 00040 РТIМЕ
   *LSУМ*      00024                      NL 00040 RРG
             L 00024 ХХINОUТ              NL 00040 SНРR
   *МDS*       00005                      NL 00040 SТАТ
            DL 00005 SТАТ                  L 01131 SТАТISТI
   *МР*        00052                      NL 00040 SТRЕС
             L 00052 INТЕR                NL 00040 ХХINОUТ
           *ЕND FILЕ
 КОНЕЦ ЗАДАЧИ
 00411: 00 074 0000	*74
