                                                      18.05.19 М1

  М О Н И Т О Р-8 0  (3.7)   25.09.84*       (  МС " Д У Б Н А " ИАЭ  )             ШИФР    419999000000







                     ЖЖЖ   ЖЖЖ  ЖЖЖЖ  ЖЖЖЖЖ          Ж   ЖЖЖ     Ж  ЖЖЖЖЖ
                    Ж   Ж Ж   Ж Ж        Ж          ЖЖ  Ж   Ж   ЖЖ     Ж
                        Ж Ж   Ж ЖЖЖЖ    Ж          Ж Ж      Ж  Ж Ж    Ж
                       Ж  Ж   Ж     Ж    Ж   ЖЖЖ     Ж     Ж     Ж     Ж
                      Ж   Ж   Ж     Ж     Ж          Ж    Ж      Ж      Ж
                     Ж    Ж   Ж Ж   Ж Ж   Ж          Ж   Ж       Ж  Ж   Ж
                    ЖЖЖЖЖ  ЖЖЖ   ЖЖЖ   ЖЖЖ          ЖЖЖ ЖЖЖЖЖ   ЖЖЖ  ЖЖЖ








*NАМЕ 2053-1213
           *РЕRSО: 401350
 04.10.84 М1
           *САLL LIВRЕFЕR:ТАРЕ=411213
                                                      18.05.19 М1
                     ССЫЛКИ НА ПОДПРОГРАММЫ


   D - РАССЫЛКА ДАННЫХ
   Е - ВНЕШНЯЯ П/П

   LSЗОНА   (РRINТLIВ)
   LSПАР    (РRINТLIВ)
   РRINТLIВ  Е РАRАМТ*
               SТТВРR
   RЕV108    Е I*DI*I
             Е I*МU*I
             Е R*SТ*I
   SТТВРR   DЕ FТ*002
             Е FТ*003
             Е FТ*571
               LSЗОНА
               LSПАР
             Е R*SТ*I
               RЕV108
               ИЗ10В8
   ИЗ10В8   (РRINТLIВ)
                                                      18.05.19 М1
                     ИСПОЛЬЗОВАНИЕ ПОДПРОГРАММ


   Е - ВНЕШНЯЯ П/П
   N - ОПИСАНА, НЕ ИСПОЛЬЗУЕТСЯ
   С - ЕСТЬ ОДНОИМЕННЫЙ СОММОN

   НЕИСПОЛЬЗУЕМЫЕ ВХОДЫ

   РRINТLIВ


   ИСПОЛЬЗУЕМЫЕ ВХОДЫ

   FТ*002   Е  SТТВРR
   FТ*003   Е  SТТВРR
   FТ*571   Е  SТТВРR
   I*DI*I   Е  RЕV108
   I*МU*I   Е  RЕV108
   LSЗОНА      SТТВРR
   LSПАР       SТТВРR
   РАRАМТ*  Е  РRINТLIВ
   R*SТ*I   Е  RЕV108
               SТТВРR
   RЕV108      SТТВРR
   SТТВРR      РRINТLIВ
   ИЗ10В8      SТТВРR
                                                      18.05.19 М1
                     ССЫЛКИ НА СОММОN′Ы


   D - РАССЫЛКА ДАННЫХ
   N - ОПИСАН, НЕ ИСПОЛЬЗУЕТСЯ
   Р - СТРАНИЧНЫЙ СОММОN
   S - СЕКТОРНЫЙ СОММОN
   L - ПРОСТОЙ СОММОN
   ***** - ДЛИНА ОПИСАНА НЕЯВНО

   LSЗОНА   (РRINТLIВ)
   LSПАР    (РRINТLIВ)
   РRINТLIВ  L 00014 *МОNСRD*
             Р 01024 РАGЕ
   ИЗ10В8   (РRINТLIВ)
                                                      18.05.19 М1
                     ИСПОЛЬЗОВАНИЕ СОММОN′ОВ


   Е - ЕСТЬ ОДНОИМЕННАЯ П/П
   D - РАССЫЛКА ДАННЫХ
   N - ОПИСАН, НЕ ИСПОЛЬЗУЕТСЯ
   Р - СТРАНИЧНЫЙ СОММОN
   S - СЕКТОРНЫЙ СОММОN
   L - ПРОСТОЙ СОММОN
   ***** - ДЛИНА ОПИСАНА НЕЯВНО

   *МОNСRD*    00014
             L 00014 РRINТLIВ
   РАGЕ        01024
             Р 01024 РRINТLIВ
           *ЕND FILЕ
 КОНЕЦ ЗАДАЧИ
 00411: 00 074 0000	*74
