                                                      18.05.19 М1

  М О Н И Т О Р-8 0  (3.7)   25.09.84*       (  МС " Д У Б Н А " ИАЭ  )             ШИФР    419999000000







                     ЖЖЖ     Ж     Ж  ЖЖЖЖЖ          Ж  ЖЖЖЖЖ  ЖЖЖ     Ж
                    Ж   Ж   ЖЖ    ЖЖ     Ж          ЖЖ  Ж   Ж Ж   Ж   ЖЖ
                        Ж  Ж Ж   Ж Ж    Ж          Ж Ж      Ж     Ж  Ж Ж
                       Ж     Ж     Ж     Ж   ЖЖЖ     Ж     Ж     Ж     Ж
                      Ж      Ж     Ж      Ж          Ж    Ж     Ж      Ж
                     Ж       Ж     Ж  Ж   Ж          Ж   Ж     Ж       Ж
                    ЖЖЖЖЖ   ЖЖЖ   ЖЖЖ  ЖЖЖ          ЖЖЖ  Ж    ЖЖЖЖЖ   ЖЖЖ








*NАМЕ 2113-1721
           *РЕRSО: 401350
 04.10.84 М1
           *САLL LIВRЕFЕR:ТАРЕ=411721
                                                      18.05.19 М1
                     ССЫЛКИ НА ПОДПРОГРАММЫ


   D - РАССЫЛКА ДАННЫХ
   Е - ВНЕШНЯЯ П/П

   АРФА     (АRFА    )
   АRFА        INРUТ
   INРUТ     Е RЕАD*
                                                      18.05.19 М1
                     ИСПОЛЬЗОВАНИЕ ПОДПРОГРАММ


   Е - ВНЕШНЯЯ П/П
   N - ОПИСАНА, НЕ ИСПОЛЬЗУЕТСЯ
   С - ЕСТЬ ОДНОИМЕННЫЙ СОММОN

   НЕИСПОЛЬЗУЕМЫЕ ВХОДЫ

   АРФА
   АRFА


   ИСПОЛЬЗУЕМЫЕ ВХОДЫ

   INРUТ       АRFА
   RЕАD*    Е  INРUТ
           *ЕND FILЕ
 КОНЕЦ ЗАДАЧИ
 00411: 00 074 0000	*74
