                                                      18.05.19 М1

  М О Н И Т О Р-8 0  (3.7)   25.09.84*       (  МС " Д У Б Н А " ИАЭ  )             ШИФР    419999000000







                     ЖЖЖ     Ж     Ж  ЖЖЖЖЖ          Ж     Ж   ЖЖЖ   ЖЖЖ
                    Ж   Ж   ЖЖ    ЖЖ     Ж          ЖЖ    ЖЖ  Ж     Ж   Ж
                        Ж  Ж Ж   Ж Ж    Ж          Ж Ж   Ж Ж  ЖЖЖЖ  Ж   Ж
                       Ж     Ж     Ж     Ж   ЖЖЖ     Ж     Ж  Ж   Ж Ж   Ж
                      Ж      Ж     Ж      Ж          Ж     Ж  Ж   Ж Ж   Ж
                     Ж       Ж     Ж  Ж   Ж          Ж     Ж  Ж   Ж Ж   Ж
                    ЖЖЖЖЖ   ЖЖЖ   ЖЖЖ  ЖЖЖ          ЖЖЖ   ЖЖЖ  ЖЖЖ   ЖЖЖ








*NАМЕ 2113-1160
           *РЕRSО: 401350
 04.10.84 М1
           *САLL LIВRЕFЕR:ТАРЕ=411160
                                                      18.05.19 М1
                     ССЫЛКИ НА ПОДПРОГРАММЫ


   D - РАССЫЛКА ДАННЫХ
   Е - ВНЕШНЯЯ П/П

   МАСRОВSS
   Р/1
   Р/1I
   Р/ВООТ    Е Р/СОDЕR
             Е РRОGRАМ
   Р/LV     (Р/1     )
   РАSСОDЕR    МАСRОВSS
               Р/ВООТ
             Е Р/СОDЕR
             Е РRОGRАМ
   РАSLОАD
                                                      18.05.19 М1
                     ИСПОЛЬЗОВАНИЕ ПОДПРОГРАММ


   Е - ВНЕШНЯЯ П/П
   N - ОПИСАНА, НЕ ИСПОЛЬЗУЕТСЯ
   С - ЕСТЬ ОДНОИМЕННЫЙ СОММОN

   НЕИСПОЛЬЗУЕМЫЕ ВХОДЫ

   Р/1
   Р/1I
   Р/LV
   РАSСОDЕR
   РАSLОАD


   ИСПОЛЬЗУЕМЫЕ ВХОДЫ

   МАСRОВSS  N РАSСОDЕR
   Р/ВООТ    N РАSСОDЕR
   Р/СОDЕR  С  Р/ВООТ
               РАSСОDЕR
   РRОGRАМ  Е  Р/ВООТ
             N РАSСОDЕR
                                                      18.05.19 М1
                     ССЫЛКИ НА СОММОN′Ы


   D - РАССЫЛКА ДАННЫХ
   N - ОПИСАН, НЕ ИСПОЛЬЗУЕТСЯ
   Р - СТРАНИЧНЫЙ СОММОN
   S - СЕКТОРНЫЙ СОММОN
   L - ПРОСТОЙ СОММОN
   ***** - ДЛИНА ОПИСАНА НЕЯВНО

   Р/1      DL 00040 Р/1D
             L 00003 Р/СОDЕR
   Р/1I      L 00001 Р/1D
   Р/LV     (Р/1     )
                                                      18.05.19 М1
                     ИСПОЛЬЗОВАНИЕ СОММОN′ОВ


   Е - ЕСТЬ ОДНОИМЕННАЯ П/П
   D - РАССЫЛКА ДАННЫХ
   N - ОПИСАН, НЕ ИСПОЛЬЗУЕТСЯ
   Р - СТРАНИЧНЫЙ СОММОN
   S - СЕКТОРНЫЙ СОММОN
   L - ПРОСТОЙ СОММОN
   ***** - ДЛИНА ОПИСАНА НЕЯВНО

   Р/1D        00040
            DL 00040 Р/1
             L 00001 Р/1I
   Р/СОDЕR     00003
             L 00003 Р/1
           *ЕND FILЕ
 КОНЕЦ ЗАДАЧИ
 00411: 00 074 0000	*74
