                                                      18.05.19 М1

  М О Н И Т О Р-8 0  (3.7)   25.09.84*       (  МС " Д У Б Н А " ИАЭ  )             ШИФР    419999000000







                     ЖЖЖ     Ж      Ж  ЖЖЖ         ЖЖЖ   ЖЖЖ  ЖЖЖЖЖ  ЖЖЖ
                    Ж   Ж   ЖЖ     ЖЖ Ж   Ж       Ж   Ж Ж     Ж   Ж Ж   Ж
                        Ж  Ж Ж    Ж Ж  Ж Ж        Ж   Ж ЖЖЖЖ      Ж Ж   Ж
                       Ж     Ж   Ж  Ж   Ж    ЖЖЖ  Ж   Ж Ж   Ж    Ж  Ж   Ж
                      Ж      Ж  Ж   Ж  Ж Ж        Ж   Ж Ж   Ж   Ж   Ж   Ж
                     Ж       Ж  ЖЖЖЖЖ Ж   Ж       Ж   Ж Ж   Ж  Ж    Ж   Ж
                    ЖЖЖЖЖ   ЖЖЖ     Ж  ЖЖЖ         ЖЖЖ   ЖЖЖ   Ж     ЖЖЖ








*NАМЕ 2148-0670
           *РЕRSО: 401350
 04.10.84 М1
           *САLL LIВRЕFЕR:ТАРЕ=410670
                                                      18.05.19 М1
                     ССЫЛКИ НА ПОДПРОГРАММЫ

                                           Е Р/ЕF
   D - РАССЫЛКА ДАННЫХ                     Е Р/ЕО
   Е - ВНЕШНЯЯ П/П                         Е Р/IТ
                                           Е Р/КС
   *РАSСАL  (*РАSСОМ )                     Е Р/RL
   *РАSСОМ   Е МОNIТОR*                    Е Р/ТF
             Е Р/РАGЕS                     Е Р/WI
             Е Р/РАМРАМ                    Е Р/WL
             Е РАSСОМРL          ХRЕF      Е Р/1
             Е РАSСОNТR                    Е Р/2
             Е РАSISОСD                    Е Р/3
             Е РАSLISТ                     Е Р/31
             Е RЕАD*                       Е Р/4
   FМISGО    Е Р/08                        Е Р/6А
             Е Р/Е                         Е Р/7А
             Е Р/LDАR                      Е Р/А7
             Е РАSISОСD                    Е Р/СК
   LIВSUВ    Е МОNRЕАD*                    Е Р/СО
             Е РRINТ8                      Е Р/СW
   ОВРRОG                                  Е Р/Е
   РАIВ     (LIВSUВ  )                     Е Р/ЕF
   РRЕТТУРR  Е Р/1                         Е Р/ЕО
             Е Р/2                         Е Р/ЕQ
             Е Р/3                         Е Р/GD
             Е Р/31                        Е Р/GЕ
             Е Р/4                         Е Р/НТ
             Е Р/41                        Е Р/IТ
             Е Р/42                        Е Р/МI
             Е Р/5                         Е Р/NW
             Е Р/51                        Е Р/RА
             Е Р/52                        Е Р/RF
             Е Р/6                         Е Р/RL
             Е Р/61                        Е Р/SС
             Е Р/62                        Е Р/ТF
             Е Р/64                        Е Р/WА
             Е Р/6А                        Е Р/WС
             Е Р/7А                        Е Р/WI
             Е Р/СО                        Е Р/WL
             Е Р/СW                        Е Р/WОLN
             Е Р/Е
             Е Р/ЕF
             Е Р/ЕL
             Е Р/ЕО
             Е Р/GF
             Е Р/НТ
             Е Р/IN
             Е Р/IТ
             Е Р/МI
             Е Р/РА
             Е Р/RС
             Е Р/SС
             Е Р/ТF
             Е Р/WI
             Е Р/WL
             Е Р/WОLN
             Е РАSЕNDЕD
   РULТ
   ТОРULТ    Е 0 7QБРЗD
             Е 0 8БJЗQV
             Е Р/1
             Е Р/7А
             Е Р/СО
             Е Р/СW
                                                      18.05.19 М1
                     ИСПОЛЬЗОВАНИЕ ПОДПРОГРАММ

                                             ТОРULТ
   Е - ВНЕШНЯЯ П/П                           ХRЕF
   N - ОПИСАНА, НЕ ИСПОЛЬЗУЕТСЯ  Р/ЕL     Е  РRЕТТУРR
   С - ЕСТЬ ОДНОИМЕННЫЙ СОММОN   Р/ЕО     Е  РRЕТТУРR
                                             ТОРULТ
   НЕИСПОЛЬЗУЕМЫЕ ВХОДЫ                      ХRЕF
                                 Р/ЕQ     Е  ХRЕF
   *РАSСАL                       Р/GD     Е  ХRЕF
   *РАSСОМ                       Р/GЕ     Е  ХRЕF
   FМISGО                        Р/GF     Е  РRЕТТУРR
   LIВSUВ                        Р/НТ     Е  РRЕТТУРR
   ОВРRОG                                    ХRЕF
   РАIВ                          Р/IN     Е  РRЕТТУРR
   РRЕТТУРR                      Р/IТ     Е  РRЕТТУРR
   РULТ                                      ТОРULТ
   ТОРULТ                                    ХRЕF
   ХRЕF                          Р/КС     Е  ТОРULТ
                                 Р/LDАR   Е  FМISGО
                                 Р/МI     Е  РRЕТТУРR
   ИСПОЛЬЗУЕМЫЕ ВХОДЫ                        ХRЕF
                                 Р/NW     Е  ХRЕF
   0 7QБРЗD Е  ТОРULТ            Р/РА     Е  РRЕТТУРR
   0 8БJЗQV Е  ТОРULТ            Р/РАGЕS  Е  *РАSСОМ
   МОNIТОR* Е  *РАSСОМ           Р/РАМРАМ Е  *РАSСОМ
   МОNRЕАD* Е  LIВSUВ            Р/RА     Е  ХRЕF
   Р/08     Е  FМISGО            Р/RС     Е  РRЕТТУРR
   Р/1      Е  РRЕТТУРR          Р/RF     Е  ХRЕF
               ТОРULТ            Р/RL     Е  ТОРULТ
               ХRЕF                          ХRЕF
   Р/2      Е  РRЕТТУРR          Р/SС     Е  РRЕТТУРR
               ХRЕF                          ХRЕF
   Р/3      Е  РRЕТТУРR          Р/ТF     Е  РRЕТТУРR
               ХRЕF                          ТОРULТ
   Р/31     Е  РRЕТТУРR                      ХRЕF
               ХRЕF              Р/WА     Е  ХRЕF
   Р/4      Е  РRЕТТУРR          Р/WС     Е  ХRЕF
               ХRЕF              Р/WI     Е  РRЕТТУРR
   Р/41     Е  РRЕТТУРR                      ТОРULТ
   Р/42     Е  РRЕТТУРR                      ХRЕF
   Р/5      Е  РRЕТТУРR          Р/WL     Е  РRЕТТУРR
   Р/51     Е  РRЕТТУРR                      ТОРULТ
   Р/52     Е  РRЕТТУРR                      ХRЕF
   Р/6      Е  РRЕТТУРR          Р/WОLN   Е  РRЕТТУРR
   Р/61     Е  РRЕТТУРR                      ХRЕF
   Р/62     Е  РRЕТТУРR          РАSСОМРL Е  *РАSСОМ
   Р/64     Е  РRЕТТУРR          РАSСОNТR Е  *РАSСОМ
   Р/6А     Е  РRЕТТУРR          РАSЕNDЕD Е  РRЕТТУРR
               ХRЕF              РАSISОСD Е  *РАSСОМ
   Р/7А     Е  РRЕТТУРR                    N FМISGО
               ТОРULТ            РАSLISТ  Е  *РАSСОМ
               ХRЕF              РRINТ8   Е  LIВSUВ
   Р/А7     Е  ХRЕF              RЕАD*    Е  *РАSСОМ
   Р/СК     Е  ХRЕF
   Р/СО     Е  РRЕТТУРR
               ТОРULТ
               ХRЕF
   Р/СW     Е  РRЕТТУРR
               ТОРULТ
               ХRЕF
   Р/Е      ЕN FМISGО
               РRЕТТУРR
               ХRЕF
   Р/ЕF     Е  РRЕТТУРR
                                                      18.05.19 М1
                     ССЫЛКИ НА СОММОN′Ы


   D - РАССЫЛКА ДАННЫХ
   N - ОПИСАН, НЕ ИСПОЛЬЗУЕТСЯ
   Р - СТРАНИЧНЫЙ СОММОN
   S - СЕКТОРНЫЙ СОММОN
   L - ПРОСТОЙ СОММОN
   ***** - ДЛИНА ОПИСАНА НЕЯВНО

   *РАSСАL  (*РАSСОМ )
   *РАSСОМ   L 00030 *СНILD*
             L 00042 ЕNТRУ*
             L 00001 FLGЕХ*
             L 00022 ISОРGОSТ
             L 00022 ISОРIТМ
             L 00022 ISОРRЕSV
             L 00011 ISОРТЕХТ
             L 00014 МОNСАRD*
             L 00019 РАSINFОR
             L 00001 RЕFЕNТRУ
   FМISGО    L 00022 ISОРGОSТ
   LIВSUВ    L 00002 МОNСАRD*
             Р 02048 РЕRS
             Р 02048 ТЕМР
   РАIВ     (LIВSUВ  )
   РRЕТТУРR  L 00030 *INРUТ*
             L 00030 *ОUТРUТ*
             L 00030 *RЕSULТ*
             L 00496 Р/1D
   ТОРULТ    L 00030 0 8Б0 3Р
             L 00030 JЗQ6О ЫL
             L 00267 Р/1D
             L 00022 БРЗА0 8Б
             L 00030 БРЗD0 7Т
   ХRЕF      L 00030 *INРUТ*
             L 00030 *ОUТРUТ*
             L 00462 Р/1D
                                                      18.05.19 М1
                     ИСПОЛЬЗОВАНИЕ СОММОN′ОВ


   Е - ЕСТЬ ОДНОИМЕННАЯ П/П
   D - РАССЫЛКА ДАННЫХ
   N - ОПИСАН, НЕ ИСПОЛЬЗУЕТСЯ
   Р - СТРАНИЧНЫЙ СОММОN
   S - СЕКТОРНЫЙ СОММОN
   L - ПРОСТОЙ СОММОN
   ***** - ДЛИНА ОПИСАНА НЕЯВНО

   *СНILD*     00030
             L 00030 *РАSСОМ
   *INРUТ*     00030
             L 00030 РRЕТТУРR
             L 00030 ХRЕF
   *ОUТРUТ*    00030
             L 00030 РRЕТТУРR
             L 00030 ХRЕF
   *RЕSULТ*    00030
             L 00030 РRЕТТУРR
   0 8Б0 3Р    00030
             L 00030 ТОРULТ
   ЕNТRУ*      00042
             L 00042 *РАSСОМ
   FLGЕХ*      00001
             L 00001 *РАSСОМ
   ISОРGОSТ    00022
             L 00022 *РАSСОМ
             L 00022 FМISGО
   ISОРIТМ     00022
             L 00022 *РАSСОМ
   ISОРRЕSV    00022
             L 00022 *РАSСОМ
   ISОРТЕХТ    00011
             L 00011 *РАSСОМ
   JЗQ6О ЫL    00030
             L 00030 ТОРULТ
   МОNСАRD*    00014
             L 00014 *РАSСОМ
             L 00002 LIВSUВ
   Р/1D        00496
             L 00496 РRЕТТУРR
             L 00267 ТОРULТ
             L 00462 ХRЕF
   РАSINFОR    00019
             L 00019 *РАSСОМ
   РЕRS        02048
             Р 02048 LIВSUВ
   RЕFЕNТRУ    00001
             L 00001 *РАSСОМ
   ТЕМР        02048
             Р 02048 LIВSUВ
   БРЗА0 8Б    00022
             L 00022 ТОРULТ
   БРЗD0 7Т    00030
             L 00030 ТОРULТ
           *ЕND FILЕ
 КОНЕЦ ЗАДАЧИ
 00411: 00 074 0000	*74
