                                                      28.05.19 M1

  M O H И T O P-8 0  (3.7)   25.09.84*       (  MC " Д Y Б H A " ИAЭ  )             ШИФP    419999000000







                     ЖЖЖ     Ж      Ж  ЖЖЖ         ЖЖЖ  ЖЖЖЖЖ  ЖЖЖ   ЖЖЖ
                    Ж   Ж   ЖЖ     ЖЖ Ж   Ж       Ж   Ж Ж   Ж Ж     Ж   Ж
                        Ж  Ж Ж    Ж Ж  Ж Ж        Ж   Ж     Ж ЖЖЖЖ  Ж   Ж
                       Ж     Ж   Ж  Ж   Ж    ЖЖЖ  Ж   Ж    Ж  Ж   Ж Ж   Ж
                      Ж      Ж  Ж   Ж  Ж Ж        Ж   Ж   Ж   Ж   Ж Ж   Ж
                     Ж       Ж  ЖЖЖЖЖ Ж   Ж       Ж   Ж  Ж    Ж   Ж Ж   Ж
                    ЖЖЖЖЖ   ЖЖЖ     Ж  ЖЖЖ         ЖЖЖ   Ж     ЖЖЖ   ЖЖЖ








*NAME 2148-0760
           *PERSO: 401350
 04.10.84 M1
           *CALL LIBREFER:TAPE=410760
                                                      28.05.19 M1
                     CCЫЛKИ HA ПOДПPOГPAMMЫ                                    KAP005            ДИHЗAП   (ЖYPHЛ   )
                                                                               KAP041            ЖYPH        OTKPЗ
                                             MAPЗI                             KAP051            ЖYPHЗ    (ЖYPHЛ   )
   D - PACCЫЛKA ДAHHЫX                       MAPЗK                             KAP061            ЖYPHЛ       BINDLЗ
   E - BHEШHЯЯ П/П                           METKЗ                             KПЗ                           BINЗ
                                             OПPAHД                            MAPGЗ                         BINЗL
   *                                         OШБ001                            MAPЗG                         ПPOTЗ
   AOБЛCB   (DIMON   )                       PACПAK                            YKAЗЗ             ЗAKPБY   (БYФ012  )
   AДP001   (ФYHДOЗ  )                       ST                                ПИCATЗ            ЗAKPЗ    (BINЗ    )
   AДP004   (AДPЗ    )                       YHИЧЗ                             ФYHДOЗ            ЗAДPOБ   (AДPOБЛ  )
   AДP005   (AДPЗ    )                       YKAЗЗ                 MAPЗK       AДP001            ЗBPE     (ЗBPEMЯ  )
   AДP006   (ФYHДOЗ  )                       YMETЗ                             AДP021            ЗBPEMЯ
   AДP021   (ФYHДOЗ  )                       ДAЙПK                             CЛE001            ЗFRT     (ПP      )
   AДPOБЛ                                    ЗAKPЗ                             CЛEДЗ             ЗFTRS    (ПP      )
   AДPЗ                                      ЗFRT                              KЛЮ001            ЗДAT     (ЗДATA   )
   BEMSH*    E PRINT8                        ЗFTRS                             KЛЮ004            ЗДATA
             E READ*                         ЗЗЗЗЗN                            KЛЮ041            ЗЗЗЗЗN   (ПP      )
   BINDLЗ   (BINЗL   )                       ПPOTЗ                             KЛЮЧЗ             ПBДДЗ    (ЗBPEMЯ  )
   BINDOЗ   (BINЗO   )                       ПИCATЗ                            MAPGЗ             ПKЛHЗ    (ПKЛЗH   )
   BINDVЗ   (BINЗ    )                       ФYHДOЗ                            MAPЗG             ПKЛЗH
   BINЗ        BЫTБYФ            FORAST   (DIMON   )                           YHИЧЗ             ПP
               ЖYPHЗ             HASH                                          YKAЗЗ             ПPOTЗ    (BINЗ    )
               ЗДAT              HASHЗ    (KПЗ     )                           ПИCATЗ            ПИCATЗ   (ФYHДOЗ  )
   BINЗL       BINDVЗ            HSHLDS   (HASH    )                           ФYHДOЗ            ФAPXПK      CЛOBAP
               BINЗ              KAP001   (KПЗ     )               MAPЗS       AДP001                        MAXCL
               ЗAДPOБ            KAP004   (KПЗ     )                           AДP021                        READ
   BINЗO       BINDVЗ            KAP005   (KПЗ     )                           CЛE001                        YПAK
               BINЗ              KAP041   (KПЗ     )                           CЛE004            ФOPOБЗ   (BINЗO   )
               MAPKЗ             KAP051   (KПЗ     )                           CЛE006            ФOPTMЗ   (BINЗO   )
               MAPЗK             KAP061   (KПЗ     )                           CЛEДЗ             ФYHДOЗ      ПKЛHЗ
               ЗAДPOБ            KHKTЗ    (ЖYPHЛ   )                           MAPGЗ                         ПKЛЗH
               ПPOTЗ             KOHCT    (БYФ012  )                           MAPЗG
   BPEЗ        BЫTБYФ            KЛЮ001   (KЛЮЧЗ   )                           YHИЧЗ
               ЖYPHЗ             KЛЮ004   (KЛЮЧЗ   )                           YKAЗЗ
   BЫTБYФ   (ЖYPHЛ   )           KЛЮ041   (KЛЮЧЗ   )                           ПИCATЗ
   CEPB2                         KЛЮЧЗ       BINDLЗ                            ФYHДOЗ
   CHKID    (CEPB2   )                       BINЗ                  MAXCL    (DIMON   )
   CЛE001   (CЛEДЗ   )                       BINЗL                 METKA       ЗAДPOБ
   CЛE004   (CЛEДЗ   )                       KHKTЗ                             ЗBPE
   CЛE006   (CЛEДЗ   )                       ДИHЗAП                            ЗДAT
   CЛEДЗ       KHKTЗ                         ЖYPHЗ                 METKЗ    (METKA   )
               ДИHЗAП                        ПKЛHЗ                 OTKPЗ       BЫTБYФ
               ЖYPHЗ                         ПKЛЗH                             ЖYPH
               ПKЛHЗ                         ПPOTЗ                 OПPAHД   (PAЗOПP  )
               ПKЛЗH             KПЗ         ДИHЗAП                OШБ001   (ФYHДOЗ  )
   CЛOBAP   (ПP      )                       ЖYPHЗ                 PACПAK   (CEPB2   )
   DELID    (CEPB2   )                       ПKЛHЗ                 PAЗOПP
   DIMON       AДP001                        ПKЛЗH                 PEД      (ПP      )
               AДP021            MAPGЗ    (MAPЗG   )               READ      E READ*
               BINDLЗ            MAPIЗ    (MAPЗI   )               SETID    (CEPB2   )
               BINDOЗ            MAPKЗ    (MAPЗK   )               ST       (ПP      )
               BINЗ              MAPSЗ    (MAPЗS   )               TOM002   (БYФ012  )
               BINЗL             MAPЗG       AДP001                TOM003   (БYФ012  )
               BINЗO                         AДP021                TOM009   (БYФ012  )
               CЛE001                        CЛE001                TOM010   (БYФ012  )
               CЛE004                        CЛEДЗ                 YHИЧЗ    (ФYHДOЗ  )
               CЛE006                        YHИЧЗ                 YKAЗЗ    (ФYHДOЗ  )
               CЛEДЗ                         YKAЗЗ                 YMETЗ    (METKA   )
               HSHLDS                        ПИCATЗ                YПAK     (CEPB2   )
               KЛЮ001                        ФYHДOЗ                БYФ001   (БYФ012  )
               KЛЮ004            MAPЗI       AДP001                БYФ011   (БYФ012  )
               KЛЮ041                        AДP021                БYФ012
               KЛЮЧЗ                         HASHЗ                 ДATЗ     (BPEЗ    )
               MAPIЗ                         KAP001                ДAЙПK    (ФAPXПK  )
               MAPKЗ                         KAP004                ДOПPOБ   (CEPB2   )
                                                      28.05.19 M1
                     ИCПOЛЬЗOBAHИE ПOДПPOГPAMM                     OПPAHД      DIMON
                                                                   OШБ001      DIMON
                                             ЖYPHЛ                 PACПAK      DIMON
   E - BHEШHЯЯ П/П               BINDOЗ      DIMON                 PRINT8   E  BEMSH*
   N - OПИCAHA, HE ИCПOЛЬЗYETCЯ  BINDVЗ      BINЗL                 READ        ФAPXПK
   C - ECTЬ OДHOИMEHHЫЙ COMMON               BINЗO                 READ*    E  BEMSH*
                                 BINЗ      N BINЗL                             READ
   HEИCПOЛЬЗYEMЫE BXOДЫ                    N BINЗO                 ST        N DIMON
                                           N DIMON                 YHИЧЗ       DIMON
   *                                       N KЛЮЧЗ                             MAPЗG
   AOБЛCB                                  N ЖYPHЛ                           N MAPЗK
   AДP004                        BINЗL     N DIMON                           N MAPЗS
   AДP005                                  N KЛЮЧЗ                 YKAЗЗ       DIMON
   AДP006                                  N ЖYPHЛ                             MAPЗG
   AДPOБЛ                        BINЗO     N DIMON                           N MAPЗI
   AДPЗ                          BЫTБYФ      BINЗ                            N MAPЗK
   BEMSH*                                    BPEЗ                            N MAPЗS
   BPEЗ                                      OTKPЗ                 YMETЗ       DIMON
   CEPB2                         CЛE001      DIMON                 YПAK        ФAPXПK
   CHKID                                     MAPЗG                 ДAЙПK       DIMON
   DELID                                     MAPЗK                 ДИHЗAП      CЛEДЗ
   DIMON                                     MAPЗS                             KЛЮЧЗ
   FORAST                        CЛE004      DIMON                             KПЗ
   HASH                                      MAPЗS                 ЖYPH        OTKPЗ
   KOHCT                         CЛE006      DIMON                 ЖYPHЗ     N BINЗ
   MAPSЗ                                     MAPЗS                           N BPEЗ
   MAPЗS                         CЛEДЗ     N DIMON                           N CЛEДЗ
   METKA                                   N MAPЗG                           N KЛЮЧЗ
   PAЗOПP                                  N MAPЗK                           N KПЗ
   PEД                                     N MAPЗS                 ЗAKPЗ       DIMON
   SETID                         CЛOBAP      ФAPXПK                ЗAДPOБ      BINЗL
   TOM002                        HASHЗ       MAPЗI                             BINЗO
   TOM003                        HSHLDS      DIMON                             METKA
   TOM009                        KAP001      MAPЗI                 ЗBPE        METKA
   TOM010                        KAP004      MAPЗI                 ЗFRT      N DIMON
   БYФ001                        KAP005      MAPЗI                 ЗFTRS     N DIMON
   БYФ011                        KAP041      MAPЗI                 ЗДAT        BINЗ
   БYФ012                        KAP051      MAPЗI                             METKA
   ДATЗ                          KAP061      MAPЗI                 ЗЗЗЗЗN      DIMON
   ДOПPOБ                        KHKTЗ       CЛEДЗ                 ПKЛHЗ       CЛEДЗ
   ЖYPHЛ                                     KЛЮЧЗ                             KЛЮЧЗ
   ЗAKPБY                        KЛЮ001      DIMON                             KПЗ
   ЗBPEMЯ                                    MAPЗK                             ФYHДOЗ
   ЗДATA                         KЛЮ004      DIMON                 ПKЛЗH     N CЛEДЗ
   ПBДДЗ                                     MAPЗK                           N KЛЮЧЗ
   ПP                            KЛЮ041      DIMON                           N KПЗ
   ФAPXПK                                    MAPЗK                           N ФYHДOЗ
   ФOPOБЗ                        KЛЮЧЗ     N DIMON                 ПPOTЗ       BINЗO
   ФOPTMЗ                                  N MAPЗK                             DIMON
                                 KПЗ       N MAPЗI                             KЛЮЧЗ
                                 MAPGЗ       MAPЗI                             ЖYPHЛ
   ИCПOЛЬЗYEMЫE BXOДЫ                        MAPЗK                 ПИCATЗ      DIMON
                                             MAPЗS                             MAPЗG
   AДP001      DIMON             MAPIЗ       DIMON                           N MAPЗI
               MAPЗG             MAPKЗ       BINЗO                           N MAPЗK
             N MAPЗI                         DIMON                           N MAPЗS
             N MAPЗK             MAPЗG     N MAPЗI                 ФYHДOЗ    N DIMON
             N MAPЗS                       N MAPЗK                           N MAPЗG
   AДP021      DIMON                       N MAPЗS                           N MAPЗI
               MAPЗG             MAPЗI     N DIMON                           N MAPЗK
             N MAPЗI             MAPЗK     N BINЗO                           N MAPЗS
             N MAPЗK                       N DIMON
             N MAPЗS             MAXCL       ФAPXПK
   BINDLЗ      DIMON             METKЗ       DIMON
               KЛЮЧЗ             OTKPЗ       ЖYPH
                                                      28.05.19 M1
                     CCЫЛKИ HA COMMON′Ы


   D - PACCЫЛKA ДAHHЫX
   N - OПИCAH, HE ИCПOЛЬЗYETCЯ
   P - CTPAHИЧHЫЙ COMMON
   S - CEKTOPHЫЙ COMMON
   L - ПPOCTOЙ COMMON
   ***** - ДЛИHA OПИCAHA HEЯBHO

   BEMSH*   NL 00000 C
            NL ***** C1
             L 00040 ENTRY*
             L 00001 FLGEX*
             L 00000 FULISFL*
             L 00000 MONCARD*
             L 00001 NOLISFL*
                                                      28.05.19 M1
                     ИCПOЛЬЗOBAHИE COMMON′OB


   E - ECTЬ OДHOИMEHHAЯ П/П
   D - PACCЫЛKA ДAHHЫX
   N - OПИCAH, HE ИCПOЛЬЗYETCЯ
   P - CTPAHИЧHЫЙ COMMON
   S - CEKTOPHЫЙ COMMON
   L - ПPOCTOЙ COMMON
   ***** - ДЛИHA OПИCAHA HEЯBHO

   C           00000
            NL 00000 BEMSH*
   C1          *****
            NL ***** BEMSH*
   ENTRY*      00040
             L 00040 BEMSH*
   FLGEX*      00001
             L 00001 BEMSH*
   FULISFL*    00000
             L 00000 BEMSH*
   MONCARD*    00000
             L 00000 BEMSH*
   NOLISFL*    00001
             L 00001 BEMSH*
           *END FILE
 КОНЕЦ ЗАДАЧИ
 00411: 00 074 0000	*74
