                                                      28.05.19 M1

  M O H И T O P-8 0  (3.7)   25.09.84*       (  MC " Д Y Б H A " ИAЭ  )             ШИФP    419999000000







                     ЖЖЖ     Ж      Ж  ЖЖЖ           Ж  ЖЖЖЖ      Ж  ЖЖЖ
                    Ж   Ж   ЖЖ     ЖЖ Ж   Ж         ЖЖ  Ж        ЖЖ Ж   Ж
                        Ж  Ж Ж    Ж Ж  Ж Ж         Ж Ж  ЖЖЖЖ    Ж Ж Ж   Ж
                       Ж     Ж   Ж  Ж   Ж    ЖЖЖ     Ж      Ж  Ж  Ж Ж   Ж
                      Ж      Ж  Ж   Ж  Ж Ж           Ж      Ж Ж   Ж Ж   Ж
                     Ж       Ж  ЖЖЖЖЖ Ж   Ж          Ж  Ж   Ж ЖЖЖЖЖ Ж   Ж
                    ЖЖЖЖЖ   ЖЖЖ     Ж  ЖЖЖ          ЖЖЖ  ЖЖЖ      Ж  ЖЖЖ








*NAME 2148-1540
           *PERSO: 401350
 04.10.84 M1
           *CALL LIBREFER:TAPE=411540
                                                      28.05.19 M1
                     CCЫЛKИ HA ПOДПPOГPAMMЫ

                                           E FT*571
   D - PACCЫЛKA ДAHHЫX                     E PRINT8
   E - BHEШHЯЯ П/П               T*RETN   (T*CALL  )
                                 T*RPL     E FT*002
   BЬAN        ЬCRЬ                        E FT*003
               ЬЗПЬ                        E FT*571
   BЬBIT       BЬMV              TR*OFF   (TR*ON   )
   BЬCPAB      ЬCPABЬ            TR*ON
   BЬGE        BЬCPAB            Ь8Ь
   BЬGT        BЬCPAB            ЬANYЬ
   BЬIN        ЬINЬ              ЬBBЬ
   BЬLE        BЬCPAB            ЬCMЬ        ЬBBЬ
   BЬLT        BЬCPAB                        ЬCRЬ
   BЬMV        ЬMVЬ                          ЬTRUЬ
   BЬNA        BЬAN                          ЬZZЬ
               ЬCRЬ              ЬCN48Ь
   BЬNE        BЬCPAB            ЬCPABЬ      ЬBBЬ
   BЬNO        BЬOR                          ЬCRЬ
               ЬCRЬ                          ЬTRUЬ
   BЬNT        ЬCRЬ                          ЬZZЬ
               ЬЗПЬ              ЬCRЬ        ЬCN48Ь
   BЬNX        BЬXR              ЬGEЬ        ЬCMЬ
               ЬCRЬ                          ЬCPABЬ
   BЬOR        ЬCRЬ                          ЬLEЬ
               ЬЗПЬ              ЬGTЬ        ЬCMЬ
   BЬVP        ЬCN48Ь                        ЬCPABЬ
   BЬXR        ЬCRЬ                          ЬLTЬ
               ЬЗПЬ              ЬINЬ        ЬCRЬ
   BЬZB        ЬMVЬ                          ЬДИHЬ
               ЬZZЬ                          ЬЦ0Ь
   CЬCPAB      ЬCPABЬ            ЬLEЬ        ЬCMЬ
   CЬGE        CЬCPAB                        ЬCPABЬ
   CЬGT        CЬCPAB                        ЬGEЬ
   CЬIN        ЬINЬ              ЬLIBCЬ
   CЬLE        CЬCPAB            ЬLTЬ        ЬCMЬ
   CЬLT        CЬCPAB                        ЬCPABЬ
   CЬMV        ЬMV8Ь                         ЬGTЬ
   CЬNE        CЬCPAB            ЬMV8Ь       ЬMVЬ
   CЬVP        BЬVP              ЬMVЬ        ЬCRЬ
   CЬZB        ЬBBЬ                          ЬЗПЬ
               ЬMV8Ь             ЬNEЬ        ЬCMЬ
   IЬANY       ЬANYЬ                         ЬCPABЬ
   IЬBIT       BЬMV              ЬTRUЬ
               ЬЦ0Ь              ЬZZЬ
   IЬCHAR      ЬLIBCЬ            ЬДИHЬ    (ЬCRЬ    )
               ЬЦ0Ь              ЬЗПЬ
   LЬBIT       ЬLIBCЬ            ЬЦ0Ь
               ЬTRUЬ
   NЬANY       ЬANYЬ
   NЬUN        ЬCRЬ
               ЬЦ0Ь
   PTG       E PTG/G
   T*CALL    E PRINT8
   T*END    (T*PARR  )
   T*GOTO    E FT*002
             E FT*003
             E FT*571
   T*INDX    E FT*002
             E FT*003
             E FT*571
   T*LABL   (T*CALL  )
   T*PARR    E FT*002
             E FT*003
                                                      28.05.19 M1
                     ИCПOЛЬЗOBAHИE ПOДПPOГPAMM                     ЬTRUЬ       LЬBIT
                                                                               ЬCMЬ
                                             CЬGT                              ЬCPABЬ
   E - BHEШHЯЯ П/П                           CЬLE                  ЬZZЬ        BЬZB
   N - OПИCAHA, HE ИCПOЛЬЗYETCЯ              CЬLT                              ЬCMЬ
   C - ECTЬ OДHOИMEHHЫЙ COMMON               CЬNE                              ЬCPABЬ
                                 FT*002   E  T*GOTO                ЬДИHЬ       ЬINЬ
   HEИCПOЛЬЗYEMЫE BXOДЫ                      T*INDX                ЬЗПЬ        BЬAN
                                             T*PARR                            BЬNT
   BЬBIT                                     T*RPL                             BЬOR
   BЬGE                          FT*003   E  T*GOTO                            BЬXR
   BЬGT                                      T*INDX                            ЬMVЬ
   BЬIN                                      T*PARR                ЬЦ0Ь        IЬBIT
   BЬLE                                      T*RPL                             IЬCHAR
   BЬLT                          FT*571   E  T*GOTO                            NЬUN
   BЬNA                                      T*INDX                            ЬINЬ
   BЬNE                                      T*PARR
   BЬNO                                      T*RPL
   BЬNT                          PRINT8   E  T*CALL
   BЬNX                                      T*PARR
   BЬZB                          PTG/G    E  PTG
   CЬGE                          ЬANYЬ       IЬANY
   CЬGT                                      NЬANY
   CЬIN                          ЬBBЬ        CЬZB
   CЬLE                                      ЬCMЬ
   CЬLT                                      ЬCPABЬ
   CЬMV                          ЬCMЬ        ЬGEЬ
   CЬNE                                      ЬGTЬ
   CЬVP                                      ЬLEЬ
   CЬZB                                      ЬLTЬ
   IЬANY                                     ЬNEЬ
   IЬBIT                         ЬCN48Ь      BЬVP
   IЬCHAR                                    ЬCRЬ
   LЬBIT                         ЬCPABЬ      BЬCPAB
   NЬANY                                     CЬCPAB
   NЬUN                                      ЬGEЬ
   PTG                                       ЬGTЬ
   T*CALL                                    ЬLEЬ
   T*END                                     ЬLTЬ
   T*GOTO                                    ЬNEЬ
   T*INDX                        ЬCRЬ        BЬAN
   T*LABL                                    BЬNA
   T*PARR                                    BЬNO
   T*RETN                                    BЬNT
   T*RPL                                     BЬNX
   TR*OFF                                    BЬOR
   TR*ON                                     BЬXR
   Ь8Ь                                       NЬUN
   ЬNEЬ                                      ЬCMЬ
                                             ЬCPABЬ
                                             ЬINЬ
   ИCПOЛЬЗYEMЫE BXOДЫ                        ЬMVЬ
                                 ЬGEЬ        ЬLEЬ
   BЬAN        BЬNA              ЬGTЬ        ЬLTЬ
   BЬCPAB      BЬGE              ЬINЬ        BЬIN
               BЬGT                          CЬIN
               BЬLE              ЬLEЬ        ЬGEЬ
               BЬLT              ЬLIBCЬ      IЬCHAR
               BЬNE                          LЬBIT
   BЬMV        BЬBIT             ЬLTЬ        ЬGTЬ
               IЬBIT             ЬMV8Ь       CЬMV
   BЬOR        BЬNO                          CЬZB
   BЬVP        CЬVP              ЬMVЬ        BЬMV
   BЬXR        BЬNX                          BЬZB
   CЬCPAB      CЬGE                          ЬMV8Ь
           *END FILE
 КОНЕЦ ЗАДАЧИ
 00411: 00 074 0000	*74
