                                                      28.05.19 M1

  M O H И T O P-8 0  (3.7)   25.09.84*       (  MC " Д Y Б H A " ИAЭ  )             ШИФP    419999000000







                     ЖЖЖ     Ж      Ж  ЖЖЖ         ЖЖЖ      Ж     Ж  ЖЖЖ
                    Ж   Ж   ЖЖ     ЖЖ Ж   Ж       Ж   Ж    ЖЖ    ЖЖ Ж   Ж
                        Ж  Ж Ж    Ж Ж  Ж Ж        Ж   Ж   Ж Ж   Ж Ж Ж   Ж
                       Ж     Ж   Ж  Ж   Ж    ЖЖЖ  Ж   Ж  Ж  Ж  Ж  Ж Ж   Ж
                      Ж      Ж  Ж   Ж  Ж Ж        Ж   Ж Ж   Ж Ж   Ж Ж   Ж
                     Ж       Ж  ЖЖЖЖЖ Ж   Ж       Ж   Ж ЖЖЖЖЖ ЖЖЖЖЖ Ж   Ж
                    ЖЖЖЖЖ   ЖЖЖ     Ж  ЖЖЖ         ЖЖЖ      Ж     Ж  ЖЖЖ








*NAME 2148-0440
           *PERSO: 401350
 04.10.84 M1
           *CALL LIBREFER:TAPE=410440
                                                      28.05.19 M1
                     CCЫЛKИ HA ПOДПPOГPAMMЫ                                    P/WO                          P/EDIH
                                                                               P/WOLN                        P/HIDE
                                             P/WL                  P/PF     (P/SYS   )                       P/SP
   D - PACCЫЛKA ДAHHЫX                       PASTPR                P/PI                          P/WOLN   (P/SYS   )
   E - BHEШHЯЯ П/П               P/CK                              P/PMDSET (PASPMD  )           P/WR        P/A7
                                 P/CO     (P/SYS   )               P/PRINT  (PASOUT  )                       P/CW
   *PASCAL  (*PASCOM )           P/CP                              P/RA        P/GF                          P/TR
   *PASCOM   E MONITOR*          P/CW        P/PF                              PASDIH                        P/WI
               P/PAGES           P/D1        P/WL                              PASHID            P/WX        P/CW
               P/PAMPAM                      P/WXD                 P/RA7       P/GF                          P/SP
               PASCOMPL          P/DA        P/7A                              PASDIH                        PASISOXT
               PASCONTR                      P/HT                              PASHID            P/WXD    (P/WX    )
               PASISOCD                      P/WI                  P/RACPAK (P/SYS   )           PAIB     (PASBDI  )
               PASLIST                       P/WL                  P/RC                          PASACD      PASBD
             E READ*             P/DD        PASDD1                P/RDI       P/EL                          PASBDI
   LIBSUB    E MONREAD*          P/DI                                          P/GF              PASADD   (PASBIND )
             E PRINT8            P/DIV    (P/SYS   )               P/RDR       P/GF              PASBD    (PASBDI  )
   OBPROG                        P/DS                                          P/RDI             PASBDE
   P/00                          P/E      (P/EF    )                           PASTENS           PASBDI      P/HT
   P/01                          P/EA        P/7A                  P/RE        P/RE1                         P/PRINT
   P/02                                      P/HT                              P/RE2                         PASBDE
   P/03                                      P/WL                  P/RE1    (P/SYS   )                       PASBDI
   P/04                          P/EDIH   (P/HIDE  )               P/RE2    (P/SYS   )           PASBIND     P/EO
   P/06                          P/EF                              P/RF     (P/SYS   )                       P/PF
   P/07                          P/EL                              P/RI        P/GD                          P/RF
   P/08                          P/EN     (P/BX    )               P/RILN      P/EL                          P/TF
   P/0П                          P/EO                                          P/GF                          PASDIH
   P/1         P/BX              P/EQ                              P/RL     (P/RILN  )                       PASHID
               P/EN              P/ER        P/7A                  P/RR                                      PASNB8
               P/TRPAGE                      P/HT                  P/RSR                                     PASTN
   P/2                                       P/WI                  P/SC        P/ER              PASCODAD
   P/3                           P/FM     (P/MF    )               P/SETEXF                      PASCOMPL    OBPROG
   P/31                          P/GD     (P/NW    )               P/SP        P/PF                          P/08
   P/4                           P/GE     (P/EQ    )               P/SS                                      P/1
   P/41                          P/GF     (P/SYS   )               P/STAR                                    P/2
   P/42                          P/HIDE                            P/SYS       P/BEXF                        P/3
   P/5                           P/HT        P/E                               P/DA                          P/31
   P/51                                      P/EF                              P/DI                          P/4
   P/52                                      P/RC                              P/HT                          P/42
   P/53                                    E STOP*                             P/MD                          P/5
   P/6                           P/IN                                          P/PF                          P/51
   P/61                          P/IS                                          P/PRINT                       P/52
   P/62                          P/IT     (P/SYS   )                           P/TF                          P/53
   P/63                          P/KC                                          P/WL                          P/6
   P/64                          P/LDAR                                        P/WOLN                        P/62
   P/6A        P/7A              P/LDARIN                                      P/WXD                         P/63
   P/7A        P/EDIH            P/LNGPAR                                      PASEOF                        P/6A
               P/HIDE            P/LV        P/BX                            E READ*                         P/7A
               P/PF                          P/EN                            E STOP*                         P/A6
   P/7AD    (P/7A    )           P/MD                              P/TF     (P/SYS   )                       P/A7
   P/A6        P/6A              P/MF                              P/TR                                      P/CO
               P/SP              P/MI                              P/TRPAGE    P/PAGES                       P/CW
   P/A7        P/7AD             P/MOD    (P/SYS   )               P/TXGOST                                  P/DI
               P/HIDE            P/NN        P/BX                  P/UN                                      P/E
               P/SP                          P/EN                  P/WA        P/PF                          P/EF
   P/AB     (P/CP    )           P/NW        P/HT                              PASDIH                        P/EL
   P/B6     (P/PB    )                       P/PRINT                           PASHID                        P/EO
   P/B7     (P/PB    )           P/PA                              P/WC        P/CW                          P/GD
   P/BEXF                        P/PAGES                                       P/SP                          P/GF
   P/BP     (P/PB    )           P/PAMPAM                          P/WI        P/7A                          P/IN
   P/BX                          P/PB        P/7A                              P/CW                          P/IS
   P/CA        P/ER                          P/HT                              P/PF                          P/IT
   P/CE     (P/CI    )                       P/PRINT                           P/SP                          P/KC
   P/CI        P/7A                          P/RSR                 P/WL     (P/SYS   )                       P/LDAR
               P/WI                          P/WI                  P/WO        P/CW                          P/MD
               P/MI                          PASRED                          E Б1З D
               P/NW                          PASTPR                          E Ц APБ0
               P/PA              PASDIH   (PASHID  )               PASHID
               P/PF              PASDIV   (OBPROG  )               PASINBUF (P/SYS   )
               P/PI              PASENDED    P/CW                  PASINP   (PASBIND )
               P/RC                          P/MD                  PASISOCD
               P/RF                          PASDIH                PASISOXT
               P/SS                          PASHID                PASLIST
               P/TF              PASEOF                            PASMITXT
               P/TR              PASEVN      PASDIH                PASMON2   E MONITOR*
               P/UN                          PASHID                PASNB8
               P/WC              PASGIVEP (P/SYS   )               PASOUT   D  PASEVN
               P/WI              PASGOST                                       PASNB8
               P/WL              PASGOST7    P/1                             E PRINT8
               P/WO                          P/2                               PULT
               P/WOLN                        P/7A                  PASPMD      P/7A
               PASDIV                        P/CO                              P/CW
               PASISOXT                      P/DA                              P/PRINT
               PASMITXT                      P/E                               P/WI
               PASTPR                        P/EF                              P/WL
   PASCONTR                                  P/GF                              P/WO
   PASCTRP  (P/SYS   )                       P/IT                              P/WOLN
   PASDD1      P/06                          P/PA                              P/WR
               P/08                          P/PF                              P/WXD
               P/1                           P/TF                            E STOP*
               P/2                           P/WL                  PASRED      P/08
               P/3                         E БPЗD0*6Л                          P/1
               P/31              PASGVNF   E INBUF                             P/2
               P/4                           P/7A                              P/CO
               P/41                          P/DIV                             P/DA
               P/42                          P/HT                              P/E
               P/5                           P/MOD                             P/EF
               P/52                          P/RACPAK                          P/IN
               P/53                          P/RF                              P/IT
               P/6                           P/WI                              P/LDARIN
               P/62                          P/WOLN                            P/NN
               P/6A                          PASCTRP                           P/SC
               P/7A                          PASGIVEP                          P/STAR
               P/AB              PASHELP   E  З  FOЫЮ                          PASINP
               P/CO                        E 0 7JW                 PASSETAR    PASBDI
               P/CP                        E D    + 8              PASTENS  (P/WR    )
               P/CW                        E D   0 6Ю              PASTIME   E 0 7Q0Я7T
               P/E                           P/06                              P/1
               P/EF                          P/1                               P/2
               P/EO                          P/2                               P/6A
               P/GF                          P/3                               P/CO
               P/IN                          P/31                              P/DA
               P/IT                          P/6A                              P/E
               P/LDAR                        P/7A                              P/EF
               P/MI                          P/CO                              P/IT
               P/NN                          P/CW                              P/WL
               P/RC                          P/E                               P/WR
               P/RDR                         P/EF                  PASTN    (PASOUT  )
               P/RE                          P/EL                  PASTPR      P/WXD
               P/RF                          P/EO                  PASWHT   (PASOUT  )
               P/SC                          P/GF                  PROGRAM  (PASCOMPL)
               P/SS                          P/IN                  PULT
               P/STAR                        P/IT                  TIME     (PASTIME )
               P/WC                          P/MI
               P/WI                          P/PF
               P/WL                          P/RC
               P/WO                          P/RF
               P/WOLN                        P/TF
               P/WR                          P/WI
               PASISOCD                      P/WL
               PASPMD                        P/WO
                                                      28.05.19 M1
                     ИCПOЛЬЗOBAHИE ПOДПPOГPAMM                     P/7A        P/6A                          PASHELP
                                                                               P/CI              P/EN        P/1
                                 PASTIME                                       P/DA                          P/LV
   E - BHEШHЯЯ П/П               PASWHT                                        P/EA                          P/NN
   N - OПИCAHA, HE ИCПOЛЬЗYETCЯ  PROGRAM                                       P/ER              P/EO        PASBIND
   C - ECTЬ OДHOИMEHHЫЙ COMMON   TIME                                          P/PB                          PASCOMPL
                                                                               P/WI                          PASDD1
   HEИCПOЛЬЗYEMЫE BXOДЫ                                                        PASCOMPL                      PASHELP
                                 ИCПOЛЬЗYEMЫE BXOДЫ                            PASDD1            P/ER        P/CA
   *PASCAL                                                                     PASGOST7                      P/SC
   *PASCOM                        З  FOЫЮ E  PASHELP                           PASGVNF           P/GD        P/RI
   LIBSUB                        0 7JW    E  PASHELP                           PASHELP                       PASCOMPL
   P/00                          0 7Q0Я7T E  PASTIME                           PASPMD            P/GF        P/RA
   P/01                          D    + 8 E  PASHELP               P/7AD       P/A7                          P/RA7
   P/02                          D   0 6Ю E  PASHELP               P/A6        PASCOMPL                      P/RDI
   P/03                          INBUF    E  PASGVNF               P/A7        P/WR                          P/RDR
   P/04                          MONITOR* E  *PASCOM                           PASCOMPL                      P/RILN
   P/07                                      PASMON2               P/AB        PASDD1                        PASCOMPL
   P/0П                          MONREAD* E  LIBSUB                P/BEXF      P/SYS                         PASDD1
   P/61                          OBPROG      PASCOMPL              P/BX        P/1                           PASGOST7
   P/64                          P/06        PASDD1                            P/LV                          PASHELP
   P/B6                                      PASHELP                           P/NN              P/HIDE      P/7A
   P/B7                          P/08        PASCOMPL              P/CO        PASCOMPL                      P/A7
   P/BP                                      PASDD1                            PASDD1                        P/WO
   P/CA                                      PASRED                            PASGOST7          P/HT        P/DA
   P/CE                          P/1         PASCOMPL                          PASHELP                       P/EA
   P/CI                                      PASDD1                            PASRED                        P/ER
   P/CK                                      PASGOST7                          PASTIME                       P/NW
   P/D1                                      PASHELP               P/CP        PASDD1                        P/PB
   P/DD                                      PASRED                P/CW        P/WC                        N P/SYS
   P/DS                                      PASTIME                           P/WI                          PASBDI
   P/EA                          P/2         PASCOMPL                          P/WO                          PASGVNF
   P/EQ                                      PASDD1                            P/WR              P/IN        PASCOMPL
   P/FM                                      PASGOST7                          P/WX                          PASDD1
   P/GE                                      PASHELP                           PASCOMPL                      PASHELP
   P/LNGPAR                                  PASRED                            PASDD1                        PASRED
   P/LV                                      PASTIME                           PASENDED          P/IS        PASCOMPL
   P/MF                          P/3         PASCOMPL                          PASHELP           P/IT        PASCOMPL
   P/PB                                      PASDD1                            PASPMD                        PASDD1
   P/PMDSET                                  PASHELP               P/DA      N P/SYS                         PASGOST7
   P/RA                          P/31        PASCOMPL                        N PASGOST7                      PASHELP
   P/RA7                                     PASDD1                            PASRED                        PASRED
   P/RI                                      PASHELP                         N PASTIME                       PASTIME
   P/RILN                        P/4         PASCOMPL              P/DI        P/SYS             P/KC        PASCOMPL
   P/RL                                      PASDD1                            PASCOMPL          P/LDAR      PASCOMPL
   P/RR                          P/41        PASDD1                P/DIV       PASGVNF                       PASDD1
   P/SETEXF                      P/42        PASCOMPL              P/E         P/HT              P/LDARIN    PASRED
   P/SYS                                     PASDD1                            PASCOMPL          P/MD        P/SYS
   P/TXGOST                      P/5         PASCOMPL                          PASDD1                        PASCOMPL
   P/WA                                      PASDD1                            PASGOST7                      PASENDED
   P/WX                          P/51        PASCOMPL                          PASHELP           P/MI        PASCOMPL
   PAIB                          P/52        PASCOMPL                          PASRED                        PASDD1
   PASACD                                    PASDD1                            PASTIME                       PASHELP
   PASADD                        P/53        PASCOMPL              P/EDIH      P/7A              P/MOD       PASGVNF
   PASBIND                                   PASDD1                            P/WO              P/NN        PASDD1
   PASCODAD                      P/6         PASCOMPL              P/EF        P/HT                          PASRED
   PASENDED                                  PASDD1                            PASCOMPL          P/NW        PASCOMPL
   PASGOST                       P/62        PASCOMPL                          PASDD1            P/PA        PASCOMPL
   PASGOST7                                  PASDD1                            PASGOST7                      PASGOST7
   PASGVNF                       P/63        PASCOMPL                          PASHELP           P/PAGES     *PASCOM
   PASHELP                       P/6A        P/A6                              PASRED                        P/TRPAGE
   PASINBUF                                  PASCOMPL                          PASTIME           P/PAMPAM    *PASCOM
   PASMON2                                   PASDD1                P/EL        P/RDI             P/PF        P/7A
   PASOUT                                    PASHELP                           P/RILN                        P/CW
   PASSETAR                                  PASTIME                           PASCOMPL                      P/SP
               P/SYS                         P/SYS                 PRINT8   E  LIBSUB
               P/WA                          PASCOMPL                          PASOUT
               P/WI                          PASDD1                PULT        PASOUT
               PASBIND                       PASGOST7              READ*    E  *PASCOM
               PASCOMPL                      PASHELP                           P/SYS
               PASGOST7                      PASPMD                STOP*    E  P/HT
               PASHELP                       PASTIME                           P/SYS
   P/PI        PASCOMPL          P/WO        P/PB                              PASPMD
   P/PRINT     P/NW                          PASCOMPL              Б1З D    E  PASHELP
               P/PB                          PASDD1                БPЗD0*6Л E  PASGOST7
               P/SYS                         PASHELP               Ц APБ0   E  PASHELP
               PASBDI                        PASPMD
               PASPMD            P/WOLN      P/PB
   P/RACPAK    PASGVNF                       P/SYS
   P/RC        P/HT                          PASCOMPL
               PASCOMPL                      PASDD1
               PASDD1                        PASGVNF
               PASHELP                       PASPMD
   P/RDI       P/RDR             P/WR        PASDD1
   P/RDR       PASDD1                        PASPMD
   P/RE        PASDD1                        PASTIME
   P/RE1       P/RE              P/WXD       P/D1
   P/RE2       P/RE                          P/SYS
   P/RF        PASBIND                       PASPMD
               PASCOMPL                      PASTPR
               PASDD1            PASBD       PASACD
               PASGVNF           PASBDE      PASBDI
               PASHELP           PASBDI      PASACD
   P/RSR       P/PB                          PASBDI
   P/SC        PASDD1                        PASSETAR
               PASRED            PASCOMPL    *PASCOM
   P/SP        P/A6              PASCONTR    *PASCOM
               P/A7              PASCTRP     PASGVNF
               P/WC              PASDD1      P/DD
               P/WI              PASDIH      P/RA
               P/WO                          P/RA7
               P/WX                          P/WA
   P/SS        PASCOMPL                      PASBIND
               PASDD1                        PASENDED
   P/STAR      PASDD1                        PASEVN
               PASRED            PASDIV      PASCOMPL
   P/TF      N P/SYS             PASEOF      P/SYS
               PASBIND           PASEVN      PASOUT
               PASCOMPL          PASGIVEP    PASGVNF
               PASGOST7          PASHID      P/RA
               PASHELP                       P/RA7
   P/TR        P/WR                          P/WA
               PASCOMPL                      PASBIND
   P/TRPAGE    P/1                           PASENDED
   P/UN        PASCOMPL                      PASEVN
   P/WC        PASCOMPL          PASINP      PASRED
               PASDD1            PASISOCD    *PASCOM
   P/WI        P/CI                          PASDD1
               P/DA              PASISOXT    P/WX
               P/ER                          PASCOMPL
               P/PB              PASLIST     *PASCOM
               P/WR              PASMITXT    PASCOMPL
               PASCOMPL          PASNB8      PASBIND
               PASDD1                        PASOUT
               PASGVNF           PASPMD      PASDD1
               PASHELP           PASRED      PASDD1
               PASPMD            PASTENS     P/RDR
   P/WL        P/CI              PASTN       PASBIND
               P/D1              PASTPR      P/CI
               P/DA                          PASCOMPL
               P/EA                          PASDD1
                                                      28.05.19 M1
                     CCЫЛKИ HA COMMON′Ы                                      L 00030 0 8Б0 62
                                                                             L 00307 P/1D
                                           L 00001 PASZERO*                  L 00030 БPЗD0*6
   D - PACCЫЛKA ДAHHЫX                     L 00001 SPACE*          PASHELP   L 00030  Й  БPAQ
   N - OПИCAH, HE ИCПOЛЬЗYETCЯ   P/RDR     L 00001 PASPERID                 DL 00001 0*6ЧБPAL
   P - CTPAHИЧHЫЙ COMMON         P/RE1    (P/SYS   )                         L 00030 DE ЖXЯ
   S - CEKTOPHЫЙ COMMON          P/RE2    (P/SYS   )                        DL 00001 D    + G
   L - ПPOCTOЙ COMMON            P/RF     (P/SYS   )                         L 00011 H   W
   ***** - ДЛИHA OПИCAHA HEЯBHO  P/RILN    L 00020 *INPUT*                  DL 00488 P/1D
                                 P/RL     (P/RILN  )                         L 00030 ROЮT B Л
   *PASCAL  (*PASCOM )           P/SC     DL 00001 PASCELUP                  L 00030 X    B Л
   *PASCOM   L 00030 *CHILD*     P/SETEXF  L 00015 PASEXFT*        PASINBUF (P/SYS   )
             L 00042 ENTRY*      P/SP      L 00001 SPACE*          PASISOCD DL 00022 ISOPGOST
             L 00001 FLGEX*      P/SYS     L 00030 *OUTPUT*                 NL 00022 ISOPITM
             L 00022 ISOPGOST              L 00001 PASENDS*                 NL 00022 ISOPRESV
             L 00022 ISOPITM               L 00001 PASEOFCD                 DL 00011 ISOPTEXT
             L 00022 ISOPRESV              L 00001 PASEOLSY        PASLIST   L 00001 FULISFL*
             L 00011 ISOPTEXT              L 00001 PASPMDAD                  L 00001 NOLISFL*
             L 00014 MONCARD*              L 00001 PASZERO*        PASMON2   L 00001 FLGEX*
             L 00019 PASINFOR              L 00001 SPACE*                    L 00001 P/STACK
             L 00001 REFENTRY    P/TF     (P/SYS   )               PASOUT    L 00001 *PASDDS*
   LIBSUB    L 00002 MONCARD*    P/TRPAGE  L 00001 PASDRN*                  DL 00025 *PASTEL*
             P 02048 PERS                  L 00001 PASDRUM*                  L 00001 PASZERO*
             P 02048 TEMP                  L 00001 PASPAGN*                  L 00001 RGEXPORT
   P/BEXF    L 00015 PASEXFT*    P/WI      L 00001 PASMINS*        PASPMD    L 00001 PASPMDAD
   P/BX     DL 00040 P/1D                  L 00001 PASZERO*        PASRED    L 00030 *OUTPUT*
             L 00001 P/STACK     P/WL     (P/SYS   )                        NL 00040 P/1D
            DL 00001 RGEXPORT    P/WO      L 00001 PASZERO*        PASSETAR  P 01024 P/BDSYS
   P/CE     (P/CI    )           P/WOLN   (P/SYS   )               PASTENS  (P/WR    )
   P/CI      L 00030 *OUTPUT*    P/WR      L 00001 PASMINS*        PASTIME   L 00030 0 7TJЗQV
             L 00001 *PASBUG*             DL 00001 PASPERID                 DL 00001 O ЫVБ0
   P/CO     (P/SYS   )                    DL 00001 PASPLUS*                 NL 00040 P/1D
   P/D1      L 00010 *OUTPUT*              L 00001 PASZERO*        PASTN    (PASOUT  )
   P/DA      L 00001 *OUTPUT*              L 00001 SPACE*          PASWHT   (PASOUT  )
   P/DD     DL 00001 *PASDDS*    PAIB     (PASBDI  )               PROGRAM  (PASCOMPL)
   P/DIV    (P/SYS   )           PASACD    L 00001 *BDV*           TIME     (PASTIME )
   P/E      (P/EF    )           PASBD    (PASBDI  )
   P/EA      L 00030 *OUTPUT*    PASBDI   DL 00007 *BDC*
   P/EF     DL 00001 PASENDS*              L 00001 *BDERRN*
            DL 00001 PASEOFCD              L 00001 *BDV*
            DL 00001 PASEOLSY              L 00168 *BDVECT*
            DL 00001 PASMINS*              L 00001 *ERSTOP*
            DL 00001 PASZERO*              P 01024 P/BDBUF
            DL 00001 SPACE*                P 01024 P/BDSYS
   P/EL     DL 00001 PASEOLSY              P 01024 P/BDTAB
   P/EN     (P/BX    )           PASCOMPL  L 00030 *CHILD*
   P/ER      L 00030 *OUTPUT*              L 00030 *OUTPUT*
   P/FM     (P/MF    )                    DL 04791 P/1D
   P/GF     (P/SYS   )                     L 00019 PASINFOR
   P/HT      L 00001 PASPMDAD              L 00030 PASINPUT
   P/IT     (P/SYS   )           PASCTRP  (P/SYS   )
   P/MF      L 00001 P/STACK     PASDD1    L 00030 *OUTPUT*
   P/MOD    (P/SYS   )                     L 00248 *PASDDC*
   P/NN      L 00001 P/STACK               L 00001 *PASDDS*
   P/PAGES   P 01024 P/FIRP                L 00011 ISOPTEXT
            DL 00001 PASDRN*              NL 00040 P/1D
            DL 00001 PASDRUM*              L 00001 RGEXPORT
            DL 00001 PASPAGN*    PASEOF    L 00014 MONCARD*
   P/PF     (P/SYS   )           PASGIVEP (P/SYS   )
   P/PMDSET (PASPMD  )           PASGOST   L 00001 PASENDS*
   P/PRINT  (PASOUT  )                     L 00001 PASEOLSY
   P/RA7     L 00001 SPACE*                L 00001 PASMINS*
   P/RACPAK (P/SYS   )                     L 00001 PASZERO*
   P/RDI     L 00001 PASMINS*              L 00001 SPACE*
            DL 00001 PASPLUS*    PASGOST7  L 00030 0 6ЬБPЗE
                                                      28.05.19 M1
                     ИCПOЛЬЗOBAHИE COMMON′OB                       PASEOLSY    00001
                                                                            DL 00001 P/EF
                                           L 00001 PASMON2                  DL 00001 P/EL
   E - ECTЬ OДHOИMEHHAЯ П/П      FULISFL*    00001                           L 00001 P/SYS
   D - PACCЫЛKA ДAHHЫX                     L 00001 PASLIST                   L 00001 PASGOST
   N - OПИCAH, HE ИCПOЛЬЗYETCЯ   H   W       00011                 PASEXFT*    00015
   P - CTPAHИЧHЫЙ COMMON                   L 00011 PASHELP                   L 00015 P/BEXF
   S - CEKTOPHЫЙ COMMON          ISOPGOST    00022                           L 00015 P/SETEXF
   L - ПPOCTOЙ COMMON                      L 00022 *PASCOM         PASINFOR    00019
   ***** - ДЛИHA OПИCAHA HEЯBHO           DL 00022 PASISOCD                  L 00019 *PASCOM
                                 ISOPITM     00022                           L 00019 PASCOMPL
   *BDC*       00007                       L 00022 *PASCOM         PASINPUT    00030
            DL 00007 PASBDI               NL 00022 PASISOCD                  L 00030 PASCOMPL
   *BDERRN*    00001             ISOPRESV    00022                 PASMINS*    00001
             L 00001 PASBDI                L 00022 *PASCOM                  DL 00001 P/EF
   *BDV*       00001                      NL 00022 PASISOCD                  L 00001 P/RDI
             L 00001 PASACD      ISOPTEXT    00011                           L 00001 P/WI
             L 00001 PASBDI                L 00011 *PASCOM                   L 00001 P/WR
   *BDVECT*    00168                       L 00011 PASDD1                    L 00001 PASGOST
             L 00168 PASBDI               DL 00011 PASISOCD        PASPAGN*    00001
   *CHILD*     00030             MONCARD*    00014                          DL 00001 P/PAGES
             L 00030 *PASCOM               L 00014 *PASCOM                   L 00001 P/TRPAGE
             L 00030 PASCOMPL              L 00002 LIBSUB          PASPERID    00001
   *ERSTOP*    00001                       L 00014 PASEOF                    L 00001 P/RDR
             L 00001 PASBDI      NOLISFL*    00001                          DL 00001 P/WR
   *INPUT*     00020                       L 00001 PASLIST         PASPLUS*    00001
             L 00020 P/RILN      O ЫVБ0      00001                          DL 00001 P/RDI
   *OUTPUT*    00030                      DL 00001 PASTIME                  DL 00001 P/WR
             L 00030 P/CI        P/1D        04791                 PASPMDAD    00001
             L 00010 P/D1                 DL 00040 P/BX                      L 00001 P/HT
             L 00001 P/DA                 DL 04791 PASCOMPL                  L 00001 P/SYS
             L 00030 P/EA                 NL 00040 PASDD1                    L 00001 PASPMD
             L 00030 P/ER                  L 00307 PASGOST7        PASZERO*    00001
             L 00030 P/SYS                DL 00488 PASHELP                  DL 00001 P/EF
             L 00030 PASCOMPL             NL 00040 PASRED                    L 00001 P/RDI
             L 00030 PASDD1               NL 00040 PASTIME                   L 00001 P/SYS
             L 00030 PASRED      P/BDBUF     01024                           L 00001 P/WI
   *PASBUG*    00001                       P 01024 PASBDI                    L 00001 P/WO
             L 00001 P/CI        P/BDSYS     01024                           L 00001 P/WR
   *PASDDC*    00248                       P 01024 PASBDI                    L 00001 PASGOST
             L 00248 PASDD1                P 01024 PASSETAR                  L 00001 PASOUT
   *PASDDS*    00001             P/BDTAB     01024                 PERS        02048
            DL 00001 P/DD                  P 01024 PASBDI                    P 02048 LIBSUB
             L 00001 PASDD1      P/FIRP      01024                 REFENTRY    00001
             L 00001 PASOUT                P 01024 P/PAGES                   L 00001 *PASCOM
   *PASTEL*    00025             P/STACK     00001                 RGEXPORT    00001
            DL 00025 PASOUT                L 00001 P/BX                     DL 00001 P/BX
    Й  БPAQ    00030                       L 00001 P/MF                      L 00001 PASDD1
             L 00030 PASHELP               L 00001 P/NN                      L 00001 PASOUT
   0*6ЧБPAL    00001                       L 00001 PASMON2         ROЮT B Л    00030
            DL 00001 PASHELP     PASCELUP    00001                           L 00030 PASHELP
   0 7TJЗQV    00030                      DL 00001 P/SC            SPACE*      00001
             L 00030 PASTIME     PASDRN*     00001                          DL 00001 P/EF
   0 6ЬБPЗE    00030                      DL 00001 P/PAGES                   L 00001 P/RA7
             L 00030 PASGOST7              L 00001 P/TRPAGE                  L 00001 P/RDI
   0 8Б0 62    00030             PASDRUM*    00001                           L 00001 P/SP
             L 00030 PASGOST7             DL 00001 P/PAGES                   L 00001 P/SYS
   DE ЖXЯ      00030                       L 00001 P/TRPAGE                  L 00001 P/WR
             L 00030 PASHELP     PASENDS*    00001                           L 00001 PASGOST
   D    + G    00001                      DL 00001 P/EF            TEMP        02048
            DL 00001 PASHELP               L 00001 P/SYS                     P 02048 LIBSUB
   ENTRY*      00042                       L 00001 PASGOST         X    B Л    00030
             L 00042 *PASCOM     PASEOFCD    00001                           L 00030 PASHELP
   FLGEX*      00001                      DL 00001 P/EF            БPЗD0*6     00030
             L 00001 *PASCOM               L 00001 P/SYS                     L 00030 PASGOST7
           *END FILE
 КОНЕЦ ЗАДАЧИ
 00411: 00 074 0000	*74
