                                                      28.05.19 M1

  M O H И T O P-8 0  (3.7)   25.09.84*       (  MC " Д Y Б H A " ИAЭ  )             ШИФP    419999000000







                     ЖЖЖ     Ж      Ж  ЖЖЖ         ЖЖЖ   ЖЖЖ   ЖЖЖ   ЖЖЖ
                    Ж   Ж   ЖЖ     ЖЖ Ж   Ж       Ж   Ж Ж   Ж Ж   Ж Ж
                        Ж  Ж Ж    Ж Ж  Ж Ж        Ж   Ж Ж   Ж     Ж ЖЖЖЖ
                       Ж     Ж   Ж  Ж   Ж    ЖЖЖ  Ж   Ж Ж   Ж    Ж  Ж   Ж
                      Ж      Ж  Ж   Ж  Ж Ж        Ж   Ж Ж   Ж   Ж   Ж   Ж
                     Ж       Ж  ЖЖЖЖЖ Ж   Ж       Ж   Ж Ж   Ж  Ж    Ж   Ж
                    ЖЖЖЖЖ   ЖЖЖ     Ж  ЖЖЖ         ЖЖЖ   ЖЖЖ  ЖЖЖЖЖ  ЖЖЖ








*NAME 2148-0026
           *PERSO: 401350
 04.10.84 M1
           *CALL LIBREFER:TAPE=410026
                                                      28.05.19 M1
                     CCЫЛKИ HA ПOДПPOГPAMMЫ

                                             WRITLIBL
   D - PACCЫЛKA ДAHHЫX           TCATALOG (FCATALOG)
   E - BHEШHЯЯ П/П               TR5UP
                                 UPRINTT  (URETPULS)
   BEMSH*      H/NOMER           URETPULS  E PRINT8
             E LOADANGO                    E TTPRINT
   BEMSH**   E MONITOR*          WRITLIB* (LIBDRUM )
             E PRINT8            WRITLIBL (LIBDRUM )
             E READ*             WRITMEM   E LOADANGO
   DCATALOG (FCATALOG)                     E MONREAD*
   EQUMEM   (WRITMEM )                     E PRINT8
   EXCLUD/                       YESMEMOR (FICMEMOR)
   FCATALOG    PT6
               READK3A2
               TR5UP
   FICMEMOR
   H/NOMER
   LIBDELET    EXCLUD/
             E EXCLUDE
               H/NOMER
               PT6
               READK3A2
   LIBDRUM   E DRUMTAP*
               EXCLUD/
               H/NOMER
             E LUN*MON
             E PARAMT*
             E PRINT8
               PT6
               READK3A2
   LIBRAR*   E LIBLIST
               PT6
               READK3A2
   LIBRARY   E LIBLIST
               LIBRAR*
   LIBTAPE/  E DRUMTAP*
             E PARAMT*
             E PRINT8
               READK3A2
               TR5UP
   MONITOR/  E LOADANGO
             E LOADCALL
             E MONREAD*
             E PRINT*
             E PRINT8
             E READ*
             E RESET*
             E STLOAD*
   NEW/CTL     H/NOMER
             E LOADANGO
             E MONREAD*
             E PRINT8
               READK3A2
   NEWSTAR* (MONITOR/)
   PCATALOG (FCATALOG)
   PT6
   READK3A2
   RLIBLIS     EXCLUD/
               H/NOMER
             E LIBLIST
             E PARAMT*
               PT6
               READK3A2
                                                      28.05.19 M1
                     ИCПOЛЬЗOBAHИE ПOДПPOГPAMM

                                             LIBTAPE/
   E - BHEШHЯЯ П/П                         N MONITOR/
   N - OПИCAHA, HE ИCПOЛЬЗYETCЯ              NEW/CTL
   C - ECTЬ OДHOИMEHHЫЙ COMMON               URETPULS
                                             WRITMEM
   HEИCПOЛЬЗYEMЫE BXOДЫ          PT6         FCATALOG
                                             LIBDELET
   BEMSH*                                    LIBDRUM
   BEMSH**                                   LIBRAR*
   DCATALOG                                  RLIBLIS
   EQUMEM                        READ*    E  BEMSH**
   FCATALOG                                N MONITOR/
   FICMEMOR                      READK3A2    FCATALOG
   LIBDELET                                  LIBDELET
   LIBDRUM                                   LIBDRUM
   LIBRARY                                   LIBRAR*
   LIBTAPE/                                  LIBTAPE/
   MONITOR/                                  NEW/CTL
   NEW/CTL                                   RLIBLIS
   NEWSTAR*                      RESET*   E  MONITOR/
   PCATALOG                      STLOAD*  E  MONITOR/
   RLIBLIS                       TR5UP       FCATALOG
   TCATALOG                                  LIBTAPE/
   UPRINTT                       TTPRINT  E  URETPULS
   URETPULS                      WRITLIBL    RLIBLIS
   WRITLIB*
   WRITMEM
   YESMEMOR


   ИCПOЛЬЗYEMЫE BXOДЫ

   DRUMTAP* E  LIBDRUM
               LIBTAPE/
   EXCLUD/     LIBDELET
               LIBDRUM
               RLIBLIS
   EXCLUDE  E  LIBDELET
   H/NOMER     BEMSH*
               LIBDELET
               LIBDRUM
               NEW/CTL
               RLIBLIS
   LIBLIST  E  LIBRAR*
             N LIBRARY
               RLIBLIS
   LIBRAR*     LIBRARY
   LOADANGO E  BEMSH*
               MONITOR/
               NEW/CTL
               WRITMEM
   LOADCALL E  MONITOR/
   LUN*MON  E  LIBDRUM
   MONITOR* E  BEMSH**
   MONREAD* EN MONITOR/
               NEW/CTL
               WRITMEM
   PARAMT*  E  LIBDRUM
               LIBTAPE/
               RLIBLIS
   PRINT*   EN MONITOR/
   PRINT8   E  BEMSH**
               LIBDRUM
                                                      28.05.19 M1
                     CCЫЛKИ HA COMMON′Ы

                                           L 00002 PARLIBR*
   D - PACCЫЛKA ДAHHЫX           TCATALOG (FCATALOG)
   N - OПИCAH, HE ИCПOЛЬЗYETCЯ   UPRINTT  (URETPULS)
   P - CTPAHИЧHЫЙ COMMON         URETPULS  L 00001 ERROFLG*
   S - CEKTOPHЫЙ COMMON                    L 00001 RM*
   L - ПPOCTOЙ COMMON            WRITLIB* (LIBDRUM )
   ***** - ДЛИHA OПИCAHA HEЯBHO  WRITLIBL (LIBDRUM )
                                 WRITMEM   L 00001 MONCARD*
   BEMSH**   L 00042 ENTRY*      YESMEMOR (FICMEMOR)
            NL 00001 FLGEX*
             L 00001 FULISFL*
             L 00001 NOLISFL*
   DCATALOG (FCATALOG)
   EQUMEM   (WRITMEM )
   FCATALOG  L 07424 YKAЗ
   FICMEMOR  L 00001 INFLOAD*
             L 00000 KCOUNT*
             L 00000 RM*
             L 00001 STATIC*
   LIBDRUM   L 00014 *MONCRD*
             L 00001 ERROFLG*
             L 00002 PARLIBR*
   LIBRAR*   L 00001 *REGIM//
   LIBRARY  NL 00000 A
            NL ***** A1
   LIBTAPE/  L 00014 *MONCRD*
   MONITOR/ DL 00001 *REGIM//
            NL 00001 A/I0
            NL 00001 A/MINUS
            NL 00001 ACC*
            DL 00001 AMONIT/
            NL 00002 ARREAD*
            DL 00001 ASTL*
            NL 00001 CHECKFL*
            NL 00002 DATA*
             L 00042 ENTRY*
             L 00001 ERROFLG*
            NL 00001 FLAGS
             L 00001 FLGEX*
            NL 00001 FULISFL*
             L 00002 INFLOAD*
            NL 00005 IOLIST*
            NL 00004 KCOUNT*
            NL 00001 LHEAP*
            NL 00001 MAIN*
             L 00014 MONCARD*
            NL 00001 NEWOLD*
            NL 00001 NOLISFL*
             L 00001 PUNCHFL*
            NL 00001 RESTOP*
            NL 00001 RFMRTFLG
             L 00005 RM*
             L 00001 STCAT*
            NL 00025 TAPELIST
             L 00017 TRCAT*
            DL 00001 TRNAME*
            NL 00001 WORINF*
   NEW/CTL   L 00025 MONCARD*
            NL 00001 RM*
   NEWSTAR* (MONITOR/)
   PCATALOG (FCATALOG)
   RLIBLIS  NL 00014 *MONCRD*
             P 02048 CATALOG
                                                      28.05.19 M1
                     ИCПOЛЬЗOBAHИE COMMON′OB

                                 MAIN*       00001
   E - ECTЬ OДHOИMEHHAЯ П/П               NL 00001 MONITOR/
   D - PACCЫЛKA ДAHHЫX           MONCARD*    00025
   N - OПИCAH, HE ИCПOЛЬЗYETCЯ             L 00014 MONITOR/
   P - CTPAHИЧHЫЙ COMMON                   L 00025 NEW/CTL
   S - CEKTOPHЫЙ COMMON                    L 00001 WRITMEM
   L - ПPOCTOЙ COMMON            NEWOLD*     00001
   ***** - ДЛИHA OПИCAHA HEЯBHO           NL 00001 MONITOR/
                                 NOLISFL*    00001
   *MONCRD*    00014                       L 00001 BEMSH**
             L 00014 LIBDRUM              NL 00001 MONITOR/
             L 00014 LIBTAPE/    PARLIBR*    00002
            NL 00014 RLIBLIS               L 00002 LIBDRUM
   *REGIM//    00001                       L 00002 RLIBLIS
             L 00001 LIBRAR*     PUNCHFL*    00001
            DL 00001 MONITOR/              L 00001 MONITOR/
   A           00000             RESTOP*     00001
            NL 00000 LIBRARY              NL 00001 MONITOR/
   A/I0        00001             RFMRTFLG    00001
            NL 00001 MONITOR/             NL 00001 MONITOR/
   A/MINUS     00001             RM*         00005
            NL 00001 MONITOR/              L 00000 FICMEMOR
   A1          *****                       L 00005 MONITOR/
            NL ***** LIBRARY              NL 00001 NEW/CTL
   ACC*        00001                       L 00001 URETPULS
            NL 00001 MONITOR/    STATIC*     00001
   AMONIT/     00001                       L 00001 FICMEMOR
            DL 00001 MONITOR/    STCAT*      00001
   ARREAD*     00002                       L 00001 MONITOR/
            NL 00002 MONITOR/    TAPELIST    00025
   ASTL*       00001                      NL 00025 MONITOR/
            DL 00001 MONITOR/    TRCAT*      00017
   CATALOG     02048                       L 00017 MONITOR/
             P 02048 RLIBLIS     TRNAME*     00001
   CHECKFL*    00001                      DL 00001 MONITOR/
            NL 00001 MONITOR/    WORINF*     00001
   DATA*       00002                      NL 00001 MONITOR/
            NL 00002 MONITOR/    YKAЗ        07424
   ENTRY*      00042                       L 07424 FCATALOG
             L 00042 BEMSH**
             L 00042 MONITOR/
   ERROFLG*    00001
             L 00001 LIBDRUM
             L 00001 MONITOR/
             L 00001 URETPULS
   FLAGS       00001
            NL 00001 MONITOR/
   FLGEX*      00001
            NL 00001 BEMSH**
             L 00001 MONITOR/
   FULISFL*    00001
             L 00001 BEMSH**
            NL 00001 MONITOR/
   INFLOAD*    00002
             L 00001 FICMEMOR
             L 00002 MONITOR/
   IOLIST*     00005
            NL 00005 MONITOR/
   KCOUNT*     00004
             L 00000 FICMEMOR
            NL 00004 MONITOR/
   LHEAP*      00001
            NL 00001 MONITOR/
           *END FILE
 КОНЕЦ ЗАДАЧИ
 00411: 00 074 0000	*74
