                                                      18.05.19 М1

  М О Н И Т О Р-8 0  (3.7)   25.09.84*       (  МС " Д У Б Н А " ИАЭ  )             ШИФР    419999000000







                     ЖЖЖ   ЖЖЖ      Ж  ЖЖЖ         ЖЖЖ  ЖЖЖЖЖ  ЖЖЖ   ЖЖЖ
                    Ж   Ж Ж   Ж    ЖЖ Ж   Ж       Ж   Ж Ж   Ж Ж     Ж   Ж
                        Ж     Ж   Ж Ж  Ж Ж        Ж   Ж     Ж ЖЖЖЖ  Ж   Ж
                       Ж     Ж   Ж  Ж   Ж    ЖЖЖ  Ж   Ж    Ж  Ж   Ж Ж   Ж
                      Ж     Ж   Ж   Ж  Ж Ж        Ж   Ж   Ж   Ж   Ж Ж   Ж
                     Ж     Ж    ЖЖЖЖЖ Ж   Ж       Ж   Ж  Ж    Ж   Ж Ж   Ж
                    ЖЖЖЖЖ ЖЖЖЖЖ     Ж  ЖЖЖ         ЖЖЖ   Ж     ЖЖЖ   ЖЖЖ








*NАМЕ 2248-0760
           *РЕRSО: 401350
 04.10.84 М1
           *САLL LIВRЕFЕR:ТАРЕ=410760
                                                      18.05.19 М1
                     ССЫЛКИ НА ПОДПРОГРАММЫ                                    КАР005            ДИНЗАП   (ЖУРНЛ   )
                                                                               КАР041            ЖУРН        ОТКРЗ
                                             МАРЗI                             КАР051            ЖУРНЗ    (ЖУРНЛ   )
   D - РАССЫЛКА ДАННЫХ                       МАРЗК                             КАР061            ЖУРНЛ       ВINDLЗ
   Е - ВНЕШНЯЯ П/П                           МЕТКЗ                             КПЗ                           ВINЗ
                                             ОПРАНД                            МАРGЗ                         ВINЗL
   *                                         ОШБ001                            МАРЗG                         ПРОТЗ
   АОБЛСВ   (DIМОN   )                       РАСПАК                            УКАЗЗ             ЗАКРБУ   (БУФ012  )
   АДР001   (ФУНДОЗ  )                       SТ                                ПИСАТЗ            ЗАКРЗ    (ВINЗ    )
   АДР004   (АДРЗ    )                       УНИЧЗ                             ФУНДОЗ            ЗАДРОБ   (АДРОБЛ  )
   АДР005   (АДРЗ    )                       УКАЗЗ                 МАРЗК       АДР001            ЗВРЕ     (ЗВРЕМЯ  )
   АДР006   (ФУНДОЗ  )                       УМЕТЗ                             АДР021            ЗВРЕМЯ
   АДР021   (ФУНДОЗ  )                       ДАЙПК                             СЛЕ001            ЗFRТ     (ПР      )
   АДРОБЛ                                    ЗАКРЗ                             СЛЕДЗ             ЗFТRS    (ПР      )
   АДРЗ                                      ЗFRТ                              КЛЮ001            ЗДАТ     (ЗДАТА   )
   ВЕМSН*    Е РRINТ8                        ЗFТRS                             КЛЮ004            ЗДАТА
             Е RЕАD*                         ЗЗЗЗЗN                            КЛЮ041            ЗЗЗЗЗN   (ПР      )
   ВINDLЗ   (ВINЗL   )                       ПРОТЗ                             КЛЮЧЗ             ПВДДЗ    (ЗВРЕМЯ  )
   ВINDОЗ   (ВINЗО   )                       ПИСАТЗ                            МАРGЗ             ПКЛНЗ    (ПКЛЗН   )
   ВINDVЗ   (ВINЗ    )                       ФУНДОЗ                            МАРЗG             ПКЛЗН
   ВINЗ        ВЫТБУФ            FОRАSТ   (DIМОN   )                           УНИЧЗ             ПР
               ЖУРНЗ             НАSН                                          УКАЗЗ             ПРОТЗ    (ВINЗ    )
               ЗДАТ              НАSНЗ    (КПЗ     )                           ПИСАТЗ            ПИСАТЗ   (ФУНДОЗ  )
   ВINЗL       ВINDVЗ            НSНLDS   (НАSН    )                           ФУНДОЗ            ФАРХПК      СЛОВАР
               ВINЗ              КАР001   (КПЗ     )               МАРЗS       АДР001                        МАХСL
               ЗАДРОБ            КАР004   (КПЗ     )                           АДР021                        RЕАD
   ВINЗО       ВINDVЗ            КАР005   (КПЗ     )                           СЛЕ001                        УПАК
               ВINЗ              КАР041   (КПЗ     )                           СЛЕ004            ФОРОБЗ   (ВINЗО   )
               МАРКЗ             КАР051   (КПЗ     )                           СЛЕ006            ФОРТМЗ   (ВINЗО   )
               МАРЗК             КАР061   (КПЗ     )                           СЛЕДЗ             ФУНДОЗ      ПКЛНЗ
               ЗАДРОБ            КНКТЗ    (ЖУРНЛ   )                           МАРGЗ                         ПКЛЗН
               ПРОТЗ             КОНСТ    (БУФ012  )                           МАРЗG
   ВРЕЗ        ВЫТБУФ            КЛЮ001   (КЛЮЧЗ   )                           УНИЧЗ
               ЖУРНЗ             КЛЮ004   (КЛЮЧЗ   )                           УКАЗЗ
   ВЫТБУФ   (ЖУРНЛ   )           КЛЮ041   (КЛЮЧЗ   )                           ПИСАТЗ
   СЕРВ2                         КЛЮЧЗ       ВINDLЗ                            ФУНДОЗ
   СНКID    (СЕРВ2   )                       ВINЗ                  МАХСL    (DIМОN   )
   СЛЕ001   (СЛЕДЗ   )                       ВINЗL                 МЕТКА       ЗАДРОБ
   СЛЕ004   (СЛЕДЗ   )                       КНКТЗ                             ЗВРЕ
   СЛЕ006   (СЛЕДЗ   )                       ДИНЗАП                            ЗДАТ
   СЛЕДЗ       КНКТЗ                         ЖУРНЗ                 МЕТКЗ    (МЕТКА   )
               ДИНЗАП                        ПКЛНЗ                 ОТКРЗ       ВЫТБУФ
               ЖУРНЗ                         ПКЛЗН                             ЖУРН
               ПКЛНЗ                         ПРОТЗ                 ОПРАНД   (РАЗОПР  )
               ПКЛЗН             КПЗ         ДИНЗАП                ОШБ001   (ФУНДОЗ  )
   СЛОВАР   (ПР      )                       ЖУРНЗ                 РАСПАК   (СЕРВ2   )
   DЕLID    (СЕРВ2   )                       ПКЛНЗ                 РАЗОПР
   DIМОN       АДР001                        ПКЛЗН                 РЕД      (ПР      )
               АДР021            МАРGЗ    (МАРЗG   )               RЕАD      Е RЕАD*
               ВINDLЗ            МАРIЗ    (МАРЗI   )               SЕТID    (СЕРВ2   )
               ВINDОЗ            МАРКЗ    (МАРЗК   )               SТ       (ПР      )
               ВINЗ              МАРSЗ    (МАРЗS   )               ТОМ002   (БУФ012  )
               ВINЗL             МАРЗG       АДР001                ТОМ003   (БУФ012  )
               ВINЗО                         АДР021                ТОМ009   (БУФ012  )
               СЛЕ001                        СЛЕ001                ТОМ010   (БУФ012  )
               СЛЕ004                        СЛЕДЗ                 УНИЧЗ    (ФУНДОЗ  )
               СЛЕ006                        УНИЧЗ                 УКАЗЗ    (ФУНДОЗ  )
               СЛЕДЗ                         УКАЗЗ                 УМЕТЗ    (МЕТКА   )
               НSНLDS                        ПИСАТЗ                УПАК     (СЕРВ2   )
               КЛЮ001                        ФУНДОЗ                БУФ001   (БУФ012  )
               КЛЮ004            МАРЗI       АДР001                БУФ011   (БУФ012  )
               КЛЮ041                        АДР021                БУФ012
               КЛЮЧЗ                         НАSНЗ                 ДАТЗ     (ВРЕЗ    )
               МАРIЗ                         КАР001                ДАЙПК    (ФАРХПК  )
               МАРКЗ                         КАР004                ДОПРОБ   (СЕРВ2   )
                                                      18.05.19 М1
                     ИСПОЛЬЗОВАНИЕ ПОДПРОГРАММ                     ОПРАНД      DIМОN
                                                                   ОШБ001      DIМОN
                                             ЖУРНЛ                 РАСПАК      DIМОN
   Е - ВНЕШНЯЯ П/П               ВINDОЗ      DIМОN                 РRINТ8   Е  ВЕМSН*
   N - ОПИСАНА, НЕ ИСПОЛЬЗУЕТСЯ  ВINDVЗ      ВINЗL                 RЕАD        ФАРХПК
   С - ЕСТЬ ОДНОИМЕННЫЙ СОММОN               ВINЗО                 RЕАD*    Е  ВЕМSН*
                                 ВINЗ      N ВINЗL                             RЕАD
   НЕИСПОЛЬЗУЕМЫЕ ВХОДЫ                    N ВINЗО                 SТ        N DIМОN
                                           N DIМОN                 УНИЧЗ       DIМОN
   *                                       N КЛЮЧЗ                             МАРЗG
   АОБЛСВ                                  N ЖУРНЛ                           N МАРЗК
   АДР004                        ВINЗL     N DIМОN                           N МАРЗS
   АДР005                                  N КЛЮЧЗ                 УКАЗЗ       DIМОN
   АДР006                                  N ЖУРНЛ                             МАРЗG
   АДРОБЛ                        ВINЗО     N DIМОN                           N МАРЗI
   АДРЗ                          ВЫТБУФ      ВINЗ                            N МАРЗК
   ВЕМSН*                                    ВРЕЗ                            N МАРЗS
   ВРЕЗ                                      ОТКРЗ                 УМЕТЗ       DIМОN
   СЕРВ2                         СЛЕ001      DIМОN                 УПАК        ФАРХПК
   СНКID                                     МАРЗG                 ДАЙПК       DIМОN
   DЕLID                                     МАРЗК                 ДИНЗАП      СЛЕДЗ
   DIМОN                                     МАРЗS                             КЛЮЧЗ
   FОRАSТ                        СЛЕ004      DIМОN                             КПЗ
   НАSН                                      МАРЗS                 ЖУРН        ОТКРЗ
   КОНСТ                         СЛЕ006      DIМОN                 ЖУРНЗ     N ВINЗ
   МАРSЗ                                     МАРЗS                           N ВРЕЗ
   МАРЗS                         СЛЕДЗ     N DIМОN                           N СЛЕДЗ
   МЕТКА                                   N МАРЗG                           N КЛЮЧЗ
   РАЗОПР                                  N МАРЗК                           N КПЗ
   РЕД                                     N МАРЗS                 ЗАКРЗ       DIМОN
   SЕТID                         СЛОВАР      ФАРХПК                ЗАДРОБ      ВINЗL
   ТОМ002                        НАSНЗ       МАРЗI                             ВINЗО
   ТОМ003                        НSНLDS      DIМОN                             МЕТКА
   ТОМ009                        КАР001      МАРЗI                 ЗВРЕ        МЕТКА
   ТОМ010                        КАР004      МАРЗI                 ЗFRТ      N DIМОN
   БУФ001                        КАР005      МАРЗI                 ЗFТRS     N DIМОN
   БУФ011                        КАР041      МАРЗI                 ЗДАТ        ВINЗ
   БУФ012                        КАР051      МАРЗI                             МЕТКА
   ДАТЗ                          КАР061      МАРЗI                 ЗЗЗЗЗN      DIМОN
   ДОПРОБ                        КНКТЗ       СЛЕДЗ                 ПКЛНЗ       СЛЕДЗ
   ЖУРНЛ                                     КЛЮЧЗ                             КЛЮЧЗ
   ЗАКРБУ                        КЛЮ001      DIМОN                             КПЗ
   ЗВРЕМЯ                                    МАРЗК                             ФУНДОЗ
   ЗДАТА                         КЛЮ004      DIМОN                 ПКЛЗН     N СЛЕДЗ
   ПВДДЗ                                     МАРЗК                           N КЛЮЧЗ
   ПР                            КЛЮ041      DIМОN                           N КПЗ
   ФАРХПК                                    МАРЗК                           N ФУНДОЗ
   ФОРОБЗ                        КЛЮЧЗ     N DIМОN                 ПРОТЗ       ВINЗО
   ФОРТМЗ                                  N МАРЗК                             DIМОN
                                 КПЗ       N МАРЗI                             КЛЮЧЗ
                                 МАРGЗ       МАРЗI                             ЖУРНЛ
   ИСПОЛЬЗУЕМЫЕ ВХОДЫ                        МАРЗК                 ПИСАТЗ      DIМОN
                                             МАРЗS                             МАРЗG
   АДР001      DIМОN             МАРIЗ       DIМОN                           N МАРЗI
               МАРЗG             МАРКЗ       ВINЗО                           N МАРЗК
             N МАРЗI                         DIМОN                           N МАРЗS
             N МАРЗК             МАРЗG     N МАРЗI                 ФУНДОЗ    N DIМОN
             N МАРЗS                       N МАРЗК                           N МАРЗG
   АДР021      DIМОN                       N МАРЗS                           N МАРЗI
               МАРЗG             МАРЗI     N DIМОN                           N МАРЗК
             N МАРЗI             МАРЗК     N ВINЗО                           N МАРЗS
             N МАРЗК                       N DIМОN
             N МАРЗS             МАХСL       ФАРХПК
   ВINDLЗ      DIМОN             МЕТКЗ       DIМОN
               КЛЮЧЗ             ОТКРЗ       ЖУРН
                                                      18.05.19 М1
                     ССЫЛКИ НА СОММОN′Ы


   D - РАССЫЛКА ДАННЫХ
   N - ОПИСАН, НЕ ИСПОЛЬЗУЕТСЯ
   Р - СТРАНИЧНЫЙ СОММОN
   S - СЕКТОРНЫЙ СОММОN
   L - ПРОСТОЙ СОММОN
   ***** - ДЛИНА ОПИСАНА НЕЯВНО

   ВЕМSН*   NL 00000 С
            NL ***** С1
             L 00040 ЕNТRУ*
             L 00001 FLGЕХ*
             L 00000 FULISFL*
             L 00000 МОNСАRD*
             L 00001 NОLISFL*
                                                      18.05.19 М1
                     ИСПОЛЬЗОВАНИЕ СОММОN′ОВ


   Е - ЕСТЬ ОДНОИМЕННАЯ П/П
   D - РАССЫЛКА ДАННЫХ
   N - ОПИСАН, НЕ ИСПОЛЬЗУЕТСЯ
   Р - СТРАНИЧНЫЙ СОММОN
   S - СЕКТОРНЫЙ СОММОN
   L - ПРОСТОЙ СОММОN
   ***** - ДЛИНА ОПИСАНА НЕЯВНО

   С           00000
            NL 00000 ВЕМSН*
   С1          *****
            NL ***** ВЕМSН*
   ЕNТRУ*      00040
             L 00040 ВЕМSН*
   FLGЕХ*      00001
             L 00001 ВЕМSН*
   FULISFL*    00000
             L 00000 ВЕМSН*
   МОNСАRD*    00000
             L 00000 ВЕМSН*
   NОLISFL*    00001
             L 00001 ВЕМSН*
           *ЕND FILЕ
 КОНЕЦ ЗАДАЧИ
 00411: 00 074 0000	*74
