                                                      18.05.19 М1

  М О Н И Т О Р-8 0  (3.7)   25.09.84*       (  МС " Д У Б Н А " ИАЭ  )             ШИФР    419999000000







                     ЖЖЖ   ЖЖЖ      Ж  ЖЖЖ         ЖЖЖ      Ж     Ж  ЖЖЖ
                    Ж   Ж Ж   Ж    ЖЖ Ж   Ж       Ж   Ж    ЖЖ    ЖЖ Ж   Ж
                        Ж     Ж   Ж Ж  Ж Ж        Ж   Ж   Ж Ж   Ж Ж Ж   Ж
                       Ж     Ж   Ж  Ж   Ж    ЖЖЖ  Ж   Ж  Ж  Ж  Ж  Ж Ж   Ж
                      Ж     Ж   Ж   Ж  Ж Ж        Ж   Ж Ж   Ж Ж   Ж Ж   Ж
                     Ж     Ж    ЖЖЖЖЖ Ж   Ж       Ж   Ж ЖЖЖЖЖ ЖЖЖЖЖ Ж   Ж
                    ЖЖЖЖЖ ЖЖЖЖЖ     Ж  ЖЖЖ         ЖЖЖ      Ж     Ж  ЖЖЖ








*NАМЕ 2248-0440
           *РЕRSО: 401350
 04.10.84 М1
           *САLL LIВRЕFЕR:ТАРЕ=410440
                                                      18.05.19 М1
                     ССЫЛКИ НА ПОДПРОГРАММЫ                                    Р/WО                          Р/ЕDIН
                                                                               Р/WОLN                        Р/НIDЕ
                                             Р/WL                  Р/РF     (Р/SУS   )                       Р/SР
   D - РАССЫЛКА ДАННЫХ                       РАSТРR                Р/РI                          Р/WОLN   (Р/SУS   )
   Е - ВНЕШНЯЯ П/П               Р/СК                              Р/РМDSЕТ (РАSРМD  )           Р/WR        Р/А7
                                 Р/СО     (Р/SУS   )               Р/РRINТ  (РАSОUТ  )                       Р/СW
   *РАSСАL  (*РАSСОМ )           Р/СР                              Р/RА        Р/GF                          Р/ТR
   *РАSСОМ   Е МОNIТОR*          Р/СW        Р/РF                              РАSDIН                        Р/WI
               Р/РАGЕS           Р/D1        Р/WL                              РАSНID            Р/WХ        Р/СW
               Р/РАМРАМ                      Р/WХD                 Р/RА7       Р/GF                          Р/SР
               РАSСОМРL          Р/DА        Р/7А                              РАSDIН                        РАSISОХТ
               РАSСОNТR                      Р/НТ                              РАSНID            Р/WХD    (Р/WХ    )
               РАSISОСD                      Р/WI                  Р/RАСРАК (Р/SУS   )           РАIВ     (РАSВDI  )
               РАSLISТ                       Р/WL                  Р/RС                          РАSАСD      РАSВD
             Е RЕАD*             Р/DD        РАSDD1                Р/RDI       Р/ЕL                          РАSВDI
   LIВSUВ    Е МОNRЕАD*          Р/DI                                          Р/GF              РАSАDD   (РАSВIND )
             Е РRINТ8            Р/DIV    (Р/SУS   )               Р/RDR       Р/GF              РАSВD    (РАSВDI  )
   ОВРRОG                        Р/DS                                          Р/RDI             РАSВDЕ
   Р/00                          Р/Е      (Р/ЕF    )                           РАSТЕNS           РАSВDI      Р/НТ
   Р/01                          Р/ЕА        Р/7А                  Р/RЕ        Р/RЕ1                         Р/РRINТ
   Р/02                                      Р/НТ                              Р/RЕ2                         РАSВDЕ
   Р/03                                      Р/WL                  Р/RЕ1    (Р/SУS   )                       РАSВDI
   Р/04                          Р/ЕDIН   (Р/НIDЕ  )               Р/RЕ2    (Р/SУS   )           РАSВIND     Р/ЕО
   Р/06                          Р/ЕF                              Р/RF     (Р/SУS   )                       Р/РF
   Р/07                          Р/ЕL                              Р/RI        Р/GD                          Р/RF
   Р/08                          Р/ЕN     (Р/ВХ    )               Р/RILN      Р/ЕL                          Р/ТF
   Р/0П                          Р/ЕО                                          Р/GF                          РАSDIН
   Р/1         Р/ВХ              Р/ЕQ                              Р/RL     (Р/RILN  )                       РАSНID
               Р/ЕN              Р/ЕR        Р/7А                  Р/RR                                      РАSNВ8
               Р/ТRРАGЕ                      Р/НТ                  Р/RSR                                     РАSТN
   Р/2                                       Р/WI                  Р/SС        Р/ЕR              РАSСОDАD
   Р/3                           Р/FМ     (Р/МF    )               Р/SЕТЕХF                      РАSСОМРL    ОВРRОG
   Р/31                          Р/GD     (Р/NW    )               Р/SР        Р/РF                          Р/08
   Р/4                           Р/GЕ     (Р/ЕQ    )               Р/SS                                      Р/1
   Р/41                          Р/GF     (Р/SУS   )               Р/SТАR                                    Р/2
   Р/42                          Р/НIDЕ                            Р/SУS       Р/ВЕХF                        Р/3
   Р/5                           Р/НТ        Р/Е                               Р/DА                          Р/31
   Р/51                                      Р/ЕF                              Р/DI                          Р/4
   Р/52                                      Р/RС                              Р/НТ                          Р/42
   Р/53                                    Е SТОР*                             Р/МD                          Р/5
   Р/6                           Р/IN                                          Р/РF                          Р/51
   Р/61                          Р/IS                                          Р/РRINТ                       Р/52
   Р/62                          Р/IТ     (Р/SУS   )                           Р/ТF                          Р/53
   Р/63                          Р/КС                                          Р/WL                          Р/6
   Р/64                          Р/LDАR                                        Р/WОLN                        Р/62
   Р/6А        Р/7А              Р/LDАRIN                                      Р/WХD                         Р/63
   Р/7А        Р/ЕDIН            Р/LNGРАR                                      РАSЕОF                        Р/6А
               Р/НIDЕ            Р/LV        Р/ВХ                            Е RЕАD*                         Р/7А
               Р/РF                          Р/ЕN                            Е SТОР*                         Р/А6
   Р/7АD    (Р/7А    )           Р/МD                              Р/ТF     (Р/SУS   )                       Р/А7
   Р/А6        Р/6А              Р/МF                              Р/ТR                                      Р/СО
               Р/SР              Р/МI                              Р/ТRРАGЕ    Р/РАGЕS                       Р/СW
   Р/А7        Р/7АD             Р/МОD    (Р/SУS   )               Р/ТХGОSТ                                  Р/DI
               Р/НIDЕ            Р/NN        Р/ВХ                  Р/UN                                      Р/Е
               Р/SР                          Р/ЕN                  Р/WА        Р/РF                          Р/ЕF
   Р/АВ     (Р/СР    )           Р/NW        Р/НТ                              РАSDIН                        Р/ЕL
   Р/В6     (Р/РВ    )                       Р/РRINТ                           РАSНID                        Р/ЕО
   Р/В7     (Р/РВ    )           Р/РА                              Р/WС        Р/СW                          Р/GD
   Р/ВЕХF                        Р/РАGЕS                                       Р/SР                          Р/GF
   Р/ВР     (Р/РВ    )           Р/РАМРАМ                          Р/WI        Р/7А                          Р/IN
   Р/ВХ                          Р/РВ        Р/7А                              Р/СW                          Р/IS
   Р/СА        Р/ЕR                          Р/НТ                              Р/РF                          Р/IТ
   Р/СЕ     (Р/СI    )                       Р/РRINТ                           Р/SР                          Р/КС
   Р/СI        Р/7А                          Р/RSR                 Р/WL     (Р/SУS   )                       Р/LDАR
               Р/WI                          Р/WI                  Р/WО        Р/СW                          Р/МD
               Р/МI                          РАSRЕD                          Е Б1З D
               Р/NW                          РАSТРR                          Е Ц АРБ0
               Р/РА              РАSDIН   (РАSНID  )               РАSНID
               Р/РF              РАSDIV   (ОВРRОG  )               РАSINВUF (Р/SУS   )
               Р/РI              РАSЕNDЕD    Р/СW                  РАSINР   (РАSВIND )
               Р/RС                          Р/МD                  РАSISОСD
               Р/RF                          РАSDIН                РАSISОХТ
               Р/SS                          РАSНID                РАSLISТ
               Р/ТF              РАSЕОF                            РАSМIТХТ
               Р/ТR              РАSЕVN      РАSDIН                РАSМОN2   Е МОNIТОR*
               Р/UN                          РАSНID                РАSNВ8
               Р/WС              РАSGIVЕР (Р/SУS   )               РАSОUТ   D  РАSЕVN
               Р/WI              РАSGОSТ                                       РАSNВ8
               Р/WL              РАSGОSТ7    Р/1                             Е РRINТ8
               Р/WО                          Р/2                               РULТ
               Р/WОLN                        Р/7А                  РАSРМD      Р/7А
               РАSDIV                        Р/СО                              Р/СW
               РАSISОХТ                      Р/DА                              Р/РRINТ
               РАSМIТХТ                      Р/Е                               Р/WI
               РАSТРR                        Р/ЕF                              Р/WL
   РАSСОNТR                                  Р/GF                              Р/WО
   РАSСТRР  (Р/SУS   )                       Р/IТ                              Р/WОLN
   РАSDD1      Р/06                          Р/РА                              Р/WR
               Р/08                          Р/РF                              Р/WХD
               Р/1                           Р/ТF                            Е SТОР*
               Р/2                           Р/WL                  РАSRЕD      Р/08
               Р/3                         Е БРЗD0*6Л                          Р/1
               Р/31              РАSGVNF   Е INВUF                             Р/2
               Р/4                           Р/7А                              Р/СО
               Р/41                          Р/DIV                             Р/DА
               Р/42                          Р/НТ                              Р/Е
               Р/5                           Р/МОD                             Р/ЕF
               Р/52                          Р/RАСРАК                          Р/IN
               Р/53                          Р/RF                              Р/IТ
               Р/6                           Р/WI                              Р/LDАRIN
               Р/62                          Р/WОLN                            Р/NN
               Р/6А                          РАSСТRР                           Р/SС
               Р/7А                          РАSGIVЕР                          Р/SТАR
               Р/АВ              РАSНЕLР   Е  З  FОЫЮ                          РАSINР
               Р/СО                        Е 0 7JW                 РАSSЕТАR    РАSВDI
               Р/СР                        Е D    + 8              РАSТЕNS  (Р/WR    )
               Р/СW                        Е D   0 6Ю              РАSТIМЕ   Е 0 7Q0Я7Т
               Р/Е                           Р/06                              Р/1
               Р/ЕF                          Р/1                               Р/2
               Р/ЕО                          Р/2                               Р/6А
               Р/GF                          Р/3                               Р/СО
               Р/IN                          Р/31                              Р/DА
               Р/IТ                          Р/6А                              Р/Е
               Р/LDАR                        Р/7А                              Р/ЕF
               Р/МI                          Р/СО                              Р/IТ
               Р/NN                          Р/СW                              Р/WL
               Р/RС                          Р/Е                               Р/WR
               Р/RDR                         Р/ЕF                  РАSТN    (РАSОUТ  )
               Р/RЕ                          Р/ЕL                  РАSТРR      Р/WХD
               Р/RF                          Р/ЕО                  РАSWНТ   (РАSОUТ  )
               Р/SС                          Р/GF                  РRОGRАМ  (РАSСОМРL)
               Р/SS                          Р/IN                  РULТ
               Р/SТАR                        Р/IТ                  ТIМЕ     (РАSТIМЕ )
               Р/WС                          Р/МI
               Р/WI                          Р/РF
               Р/WL                          Р/RС
               Р/WО                          Р/RF
               Р/WОLN                        Р/ТF
               Р/WR                          Р/WI
               РАSISОСD                      Р/WL
               РАSРМD                        Р/WО
                                                      18.05.19 М1
                     ИСПОЛЬЗОВАНИЕ ПОДПРОГРАММ                     Р/7А        Р/6А                          РАSНЕLР
                                                                               Р/СI              Р/ЕN        Р/1
                                 РАSТIМЕ                                       Р/DА                          Р/LV
   Е - ВНЕШНЯЯ П/П               РАSWНТ                                        Р/ЕА                          Р/NN
   N - ОПИСАНА, НЕ ИСПОЛЬЗУЕТСЯ  РRОGRАМ                                       Р/ЕR              Р/ЕО        РАSВIND
   С - ЕСТЬ ОДНОИМЕННЫЙ СОММОN   ТIМЕ                                          Р/РВ                          РАSСОМРL
                                                                               Р/WI                          РАSDD1
   НЕИСПОЛЬЗУЕМЫЕ ВХОДЫ                                                        РАSСОМРL                      РАSНЕLР
                                 ИСПОЛЬЗУЕМЫЕ ВХОДЫ                            РАSDD1            Р/ЕR        Р/СА
   *РАSСАL                                                                     РАSGОSТ7                      Р/SС
   *РАSСОМ                        З  FОЫЮ Е  РАSНЕLР                           РАSGVNF           Р/GD        Р/RI
   LIВSUВ                        0 7JW    Е  РАSНЕLР                           РАSНЕLР                       РАSСОМРL
   Р/00                          0 7Q0Я7Т Е  РАSТIМЕ                           РАSРМD            Р/GF        Р/RА
   Р/01                          D    + 8 Е  РАSНЕLР               Р/7АD       Р/А7                          Р/RА7
   Р/02                          D   0 6Ю Е  РАSНЕLР               Р/А6        РАSСОМРL                      Р/RDI
   Р/03                          INВUF    Е  РАSGVNF               Р/А7        Р/WR                          Р/RDR
   Р/04                          МОNIТОR* Е  *РАSСОМ                           РАSСОМРL                      Р/RILN
   Р/07                                      РАSМОN2               Р/АВ        РАSDD1                        РАSСОМРL
   Р/0П                          МОNRЕАD* Е  LIВSUВ                Р/ВЕХF      Р/SУS                         РАSDD1
   Р/61                          ОВРRОG      РАSСОМРL              Р/ВХ        Р/1                           РАSGОSТ7
   Р/64                          Р/06        РАSDD1                            Р/LV                          РАSНЕLР
   Р/В6                                      РАSНЕLР                           Р/NN              Р/НIDЕ      Р/7А
   Р/В7                          Р/08        РАSСОМРL              Р/СО        РАSСОМРL                      Р/А7
   Р/ВР                                      РАSDD1                            РАSDD1                        Р/WО
   Р/СА                                      РАSRЕD                            РАSGОSТ7          Р/НТ        Р/DА
   Р/СЕ                          Р/1         РАSСОМРL                          РАSНЕLР                       Р/ЕА
   Р/СI                                      РАSDD1                            РАSRЕD                        Р/ЕR
   Р/СК                                      РАSGОSТ7                          РАSТIМЕ                       Р/NW
   Р/D1                                      РАSНЕLР               Р/СР        РАSDD1                        Р/РВ
   Р/DD                                      РАSRЕD                Р/СW        Р/WС                        N Р/SУS
   Р/DS                                      РАSТIМЕ                           Р/WI                          РАSВDI
   Р/ЕА                          Р/2         РАSСОМРL                          Р/WО                          РАSGVNF
   Р/ЕQ                                      РАSDD1                            Р/WR              Р/IN        РАSСОМРL
   Р/FМ                                      РАSGОSТ7                          Р/WХ                          РАSDD1
   Р/GЕ                                      РАSНЕLР                           РАSСОМРL                      РАSНЕLР
   Р/LNGРАR                                  РАSRЕD                            РАSDD1                        РАSRЕD
   Р/LV                                      РАSТIМЕ                           РАSЕNDЕD          Р/IS        РАSСОМРL
   Р/МF                          Р/3         РАSСОМРL                          РАSНЕLР           Р/IТ        РАSСОМРL
   Р/РВ                                      РАSDD1                            РАSРМD                        РАSDD1
   Р/РМDSЕТ                                  РАSНЕLР               Р/DА      N Р/SУS                         РАSGОSТ7
   Р/RА                          Р/31        РАSСОМРL                        N РАSGОSТ7                      РАSНЕLР
   Р/RА7                                     РАSDD1                            РАSRЕD                        РАSRЕD
   Р/RI                                      РАSНЕLР                         N РАSТIМЕ                       РАSТIМЕ
   Р/RILN                        Р/4         РАSСОМРL              Р/DI        Р/SУS             Р/КС        РАSСОМРL
   Р/RL                                      РАSDD1                            РАSСОМРL          Р/LDАR      РАSСОМРL
   Р/RR                          Р/41        РАSDD1                Р/DIV       РАSGVNF                       РАSDD1
   Р/SЕТЕХF                      Р/42        РАSСОМРL              Р/Е         Р/НТ              Р/LDАRIN    РАSRЕD
   Р/SУS                                     РАSDD1                            РАSСОМРL          Р/МD        Р/SУS
   Р/ТХGОSТ                      Р/5         РАSСОМРL                          РАSDD1                        РАSСОМРL
   Р/WА                                      РАSDD1                            РАSGОSТ7                      РАSЕNDЕD
   Р/WХ                          Р/51        РАSСОМРL                          РАSНЕLР           Р/МI        РАSСОМРL
   РАIВ                          Р/52        РАSСОМРL                          РАSRЕD                        РАSDD1
   РАSАСD                                    РАSDD1                            РАSТIМЕ                       РАSНЕLР
   РАSАDD                        Р/53        РАSСОМРL              Р/ЕDIН      Р/7А              Р/МОD       РАSGVNF
   РАSВIND                                   РАSDD1                            Р/WО              Р/NN        РАSDD1
   РАSСОDАD                      Р/6         РАSСОМРL              Р/ЕF        Р/НТ                          РАSRЕD
   РАSЕNDЕD                                  РАSDD1                            РАSСОМРL          Р/NW        РАSСОМРL
   РАSGОSТ                       Р/62        РАSСОМРL                          РАSDD1            Р/РА        РАSСОМРL
   РАSGОSТ7                                  РАSDD1                            РАSGОSТ7                      РАSGОSТ7
   РАSGVNF                       Р/63        РАSСОМРL                          РАSНЕLР           Р/РАGЕS     *РАSСОМ
   РАSНЕLР                       Р/6А        Р/А6                              РАSRЕD                        Р/ТRРАGЕ
   РАSINВUF                                  РАSСОМРL                          РАSТIМЕ           Р/РАМРАМ    *РАSСОМ
   РАSМОN2                                   РАSDD1                Р/ЕL        Р/RDI             Р/РF        Р/7А
   РАSОUТ                                    РАSНЕLР                           Р/RILN                        Р/СW
   РАSSЕТАR                                  РАSТIМЕ                           РАSСОМРL                      Р/SР
               Р/SУS                         Р/SУS                 РRINТ8   Е  LIВSUВ
               Р/WА                          РАSСОМРL                          РАSОUТ
               Р/WI                          РАSDD1                РULТ        РАSОUТ
               РАSВIND                       РАSGОSТ7              RЕАD*    Е  *РАSСОМ
               РАSСОМРL                      РАSНЕLР                           Р/SУS
               РАSGОSТ7                      РАSРМD                SТОР*    Е  Р/НТ
               РАSНЕLР                       РАSТIМЕ                           Р/SУS
   Р/РI        РАSСОМРL          Р/WО        Р/РВ                              РАSРМD
   Р/РRINТ     Р/NW                          РАSСОМРL              Б1З D    Е  РАSНЕLР
               Р/РВ                          РАSDD1                БРЗD0*6Л Е  РАSGОSТ7
               Р/SУS                         РАSНЕLР               Ц АРБ0   Е  РАSНЕLР
               РАSВDI                        РАSРМD
               РАSРМD            Р/WОLN      Р/РВ
   Р/RАСРАК    РАSGVNF                       Р/SУS
   Р/RС        Р/НТ                          РАSСОМРL
               РАSСОМРL                      РАSDD1
               РАSDD1                        РАSGVNF
               РАSНЕLР                       РАSРМD
   Р/RDI       Р/RDR             Р/WR        РАSDD1
   Р/RDR       РАSDD1                        РАSРМD
   Р/RЕ        РАSDD1                        РАSТIМЕ
   Р/RЕ1       Р/RЕ              Р/WХD       Р/D1
   Р/RЕ2       Р/RЕ                          Р/SУS
   Р/RF        РАSВIND                       РАSРМD
               РАSСОМРL                      РАSТРR
               РАSDD1            РАSВD       РАSАСD
               РАSGVNF           РАSВDЕ      РАSВDI
               РАSНЕLР           РАSВDI      РАSАСD
   Р/RSR       Р/РВ                          РАSВDI
   Р/SС        РАSDD1                        РАSSЕТАR
               РАSRЕD            РАSСОМРL    *РАSСОМ
   Р/SР        Р/А6              РАSСОNТR    *РАSСОМ
               Р/А7              РАSСТRР     РАSGVNF
               Р/WС              РАSDD1      Р/DD
               Р/WI              РАSDIН      Р/RА
               Р/WО                          Р/RА7
               Р/WХ                          Р/WА
   Р/SS        РАSСОМРL                      РАSВIND
               РАSDD1                        РАSЕNDЕD
   Р/SТАR      РАSDD1                        РАSЕVN
               РАSRЕD            РАSDIV      РАSСОМРL
   Р/ТF      N Р/SУS             РАSЕОF      Р/SУS
               РАSВIND           РАSЕVN      РАSОUТ
               РАSСОМРL          РАSGIVЕР    РАSGVNF
               РАSGОSТ7          РАSНID      Р/RА
               РАSНЕLР                       Р/RА7
   Р/ТR        Р/WR                          Р/WА
               РАSСОМРL                      РАSВIND
   Р/ТRРАGЕ    Р/1                           РАSЕNDЕD
   Р/UN        РАSСОМРL                      РАSЕVN
   Р/WС        РАSСОМРL          РАSINР      РАSRЕD
               РАSDD1            РАSISОСD    *РАSСОМ
   Р/WI        Р/СI                          РАSDD1
               Р/DА              РАSISОХТ    Р/WХ
               Р/ЕR                          РАSСОМРL
               Р/РВ              РАSLISТ     *РАSСОМ
               Р/WR              РАSМIТХТ    РАSСОМРL
               РАSСОМРL          РАSNВ8      РАSВIND
               РАSDD1                        РАSОUТ
               РАSGVNF           РАSРМD      РАSDD1
               РАSНЕLР           РАSRЕD      РАSDD1
               РАSРМD            РАSТЕNS     Р/RDR
   Р/WL        Р/СI              РАSТN       РАSВIND
               Р/D1              РАSТРR      Р/СI
               Р/DА                          РАSСОМРL
               Р/ЕА                          РАSDD1
                                                      18.05.19 М1
                     ССЫЛКИ НА СОММОN′Ы                                      L 00030 0 8Б0 62
                                                                             L 00307 Р/1D
                                           L 00001 РАSZЕRО*                  L 00030 БРЗD0*6
   D - РАССЫЛКА ДАННЫХ                     L 00001 SРАСЕ*          РАSНЕLР   L 00030  Й  БРАQ
   N - ОПИСАН, НЕ ИСПОЛЬЗУЕТСЯ   Р/RDR     L 00001 РАSРЕRID                 DL 00001 0*6ЧБРАL
   Р - СТРАНИЧНЫЙ СОММОN         Р/RЕ1    (Р/SУS   )                         L 00030 DЕ ЖХЯ
   S - СЕКТОРНЫЙ СОММОN          Р/RЕ2    (Р/SУS   )                        DL 00001 D    + G
   L - ПРОСТОЙ СОММОN            Р/RF     (Р/SУS   )                         L 00011 Н   W
   ***** - ДЛИНА ОПИСАНА НЕЯВНО  Р/RILN    L 00020 *INРUТ*                  DL 00488 Р/1D
                                 Р/RL     (Р/RILN  )                         L 00030 RОЮТ В Л
   *РАSСАL  (*РАSСОМ )           Р/SС     DL 00001 РАSСЕLUР                  L 00030 Х    В Л
   *РАSСОМ   L 00030 *СНILD*     Р/SЕТЕХF  L 00015 РАSЕХFТ*        РАSINВUF (Р/SУS   )
             L 00042 ЕNТRУ*      Р/SР      L 00001 SРАСЕ*          РАSISОСD DL 00022 ISОРGОSТ
             L 00001 FLGЕХ*      Р/SУS     L 00030 *ОUТРUТ*                 NL 00022 ISОРIТМ
             L 00022 ISОРGОSТ              L 00001 РАSЕNDS*                 NL 00022 ISОРRЕSV
             L 00022 ISОРIТМ               L 00001 РАSЕОFСD                 DL 00011 ISОРТЕХТ
             L 00022 ISОРRЕSV              L 00001 РАSЕОLSУ        РАSLISТ   L 00001 FULISFL*
             L 00011 ISОРТЕХТ              L 00001 РАSРМDАD                  L 00001 NОLISFL*
             L 00014 МОNСАRD*              L 00001 РАSZЕRО*        РАSМОN2   L 00001 FLGЕХ*
             L 00019 РАSINFОR              L 00001 SРАСЕ*                    L 00001 Р/SТАСК
             L 00001 RЕFЕNТRУ    Р/ТF     (Р/SУS   )               РАSОUТ    L 00001 *РАSDDS*
   LIВSUВ    L 00002 МОNСАRD*    Р/ТRРАGЕ  L 00001 РАSDRN*                  DL 00025 *РАSТЕL*
             Р 02048 РЕRS                  L 00001 РАSDRUМ*                  L 00001 РАSZЕRО*
             Р 02048 ТЕМР                  L 00001 РАSРАGN*                  L 00001 RGЕХРОRТ
   Р/ВЕХF    L 00015 РАSЕХFТ*    Р/WI      L 00001 РАSМINS*        РАSРМD    L 00001 РАSРМDАD
   Р/ВХ     DL 00040 Р/1D                  L 00001 РАSZЕRО*        РАSRЕD    L 00030 *ОUТРUТ*
             L 00001 Р/SТАСК     Р/WL     (Р/SУS   )                        NL 00040 Р/1D
            DL 00001 RGЕХРОRТ    Р/WО      L 00001 РАSZЕRО*        РАSSЕТАR  Р 01024 Р/ВDSУS
   Р/СЕ     (Р/СI    )           Р/WОLN   (Р/SУS   )               РАSТЕNS  (Р/WR    )
   Р/СI      L 00030 *ОUТРUТ*    Р/WR      L 00001 РАSМINS*        РАSТIМЕ   L 00030 0 7ТJЗQV
             L 00001 *РАSВUG*             DL 00001 РАSРЕRID                 DL 00001 О ЫVБ0
   Р/СО     (Р/SУS   )                    DL 00001 РАSРLUS*                 NL 00040 Р/1D
   Р/D1      L 00010 *ОUТРUТ*              L 00001 РАSZЕRО*        РАSТN    (РАSОUТ  )
   Р/DА      L 00001 *ОUТРUТ*              L 00001 SРАСЕ*          РАSWНТ   (РАSОUТ  )
   Р/DD     DL 00001 *РАSDDS*    РАIВ     (РАSВDI  )               РRОGRАМ  (РАSСОМРL)
   Р/DIV    (Р/SУS   )           РАSАСD    L 00001 *ВDV*           ТIМЕ     (РАSТIМЕ )
   Р/Е      (Р/ЕF    )           РАSВD    (РАSВDI  )
   Р/ЕА      L 00030 *ОUТРUТ*    РАSВDI   DL 00007 *ВDС*
   Р/ЕF     DL 00001 РАSЕNDS*              L 00001 *ВDЕRRN*
            DL 00001 РАSЕОFСD              L 00001 *ВDV*
            DL 00001 РАSЕОLSУ              L 00168 *ВDVЕСТ*
            DL 00001 РАSМINS*              L 00001 *ЕRSТОР*
            DL 00001 РАSZЕRО*              Р 01024 Р/ВDВUF
            DL 00001 SРАСЕ*                Р 01024 Р/ВDSУS
   Р/ЕL     DL 00001 РАSЕОLSУ              Р 01024 Р/ВDТАВ
   Р/ЕN     (Р/ВХ    )           РАSСОМРL  L 00030 *СНILD*
   Р/ЕR      L 00030 *ОUТРUТ*              L 00030 *ОUТРUТ*
   Р/FМ     (Р/МF    )                    DL 04791 Р/1D
   Р/GF     (Р/SУS   )                     L 00019 РАSINFОR
   Р/НТ      L 00001 РАSРМDАD              L 00030 РАSINРUТ
   Р/IТ     (Р/SУS   )           РАSСТRР  (Р/SУS   )
   Р/МF      L 00001 Р/SТАСК     РАSDD1    L 00030 *ОUТРUТ*
   Р/МОD    (Р/SУS   )                     L 00248 *РАSDDС*
   Р/NN      L 00001 Р/SТАСК               L 00001 *РАSDDS*
   Р/РАGЕS   Р 01024 Р/FIRР                L 00011 ISОРТЕХТ
            DL 00001 РАSDRN*              NL 00040 Р/1D
            DL 00001 РАSDRUМ*              L 00001 RGЕХРОRТ
            DL 00001 РАSРАGN*    РАSЕОF    L 00014 МОNСАRD*
   Р/РF     (Р/SУS   )           РАSGIVЕР (Р/SУS   )
   Р/РМDSЕТ (РАSРМD  )           РАSGОSТ   L 00001 РАSЕNDS*
   Р/РRINТ  (РАSОUТ  )                     L 00001 РАSЕОLSУ
   Р/RА7     L 00001 SРАСЕ*                L 00001 РАSМINS*
   Р/RАСРАК (Р/SУS   )                     L 00001 РАSZЕRО*
   Р/RDI     L 00001 РАSМINS*              L 00001 SРАСЕ*
            DL 00001 РАSРLUS*    РАSGОSТ7  L 00030 0 6ЬБРЗЕ
                                                      18.05.19 М1
                     ИСПОЛЬЗОВАНИЕ СОММОN′ОВ                       РАSЕОLSУ    00001
                                                                            DL 00001 Р/ЕF
                                           L 00001 РАSМОN2                  DL 00001 Р/ЕL
   Е - ЕСТЬ ОДНОИМЕННАЯ П/П      FULISFL*    00001                           L 00001 Р/SУS
   D - РАССЫЛКА ДАННЫХ                     L 00001 РАSLISТ                   L 00001 РАSGОSТ
   N - ОПИСАН, НЕ ИСПОЛЬЗУЕТСЯ   Н   W       00011                 РАSЕХFТ*    00015
   Р - СТРАНИЧНЫЙ СОММОN                   L 00011 РАSНЕLР                   L 00015 Р/ВЕХF
   S - СЕКТОРНЫЙ СОММОN          ISОРGОSТ    00022                           L 00015 Р/SЕТЕХF
   L - ПРОСТОЙ СОММОN                      L 00022 *РАSСОМ         РАSINFОR    00019
   ***** - ДЛИНА ОПИСАНА НЕЯВНО           DL 00022 РАSISОСD                  L 00019 *РАSСОМ
                                 ISОРIТМ     00022                           L 00019 РАSСОМРL
   *ВDС*       00007                       L 00022 *РАSСОМ         РАSINРUТ    00030
            DL 00007 РАSВDI               NL 00022 РАSISОСD                  L 00030 РАSСОМРL
   *ВDЕRRN*    00001             ISОРRЕSV    00022                 РАSМINS*    00001
             L 00001 РАSВDI                L 00022 *РАSСОМ                  DL 00001 Р/ЕF
   *ВDV*       00001                      NL 00022 РАSISОСD                  L 00001 Р/RDI
             L 00001 РАSАСD      ISОРТЕХТ    00011                           L 00001 Р/WI
             L 00001 РАSВDI                L 00011 *РАSСОМ                   L 00001 Р/WR
   *ВDVЕСТ*    00168                       L 00011 РАSDD1                    L 00001 РАSGОSТ
             L 00168 РАSВDI               DL 00011 РАSISОСD        РАSРАGN*    00001
   *СНILD*     00030             МОNСАRD*    00014                          DL 00001 Р/РАGЕS
             L 00030 *РАSСОМ               L 00014 *РАSСОМ                   L 00001 Р/ТRРАGЕ
             L 00030 РАSСОМРL              L 00002 LIВSUВ          РАSРЕRID    00001
   *ЕRSТОР*    00001                       L 00014 РАSЕОF                    L 00001 Р/RDR
             L 00001 РАSВDI      NОLISFL*    00001                          DL 00001 Р/WR
   *INРUТ*     00020                       L 00001 РАSLISТ         РАSРLUS*    00001
             L 00020 Р/RILN      О ЫVБ0      00001                          DL 00001 Р/RDI
   *ОUТРUТ*    00030                      DL 00001 РАSТIМЕ                  DL 00001 Р/WR
             L 00030 Р/СI        Р/1D        04791                 РАSРМDАD    00001
             L 00010 Р/D1                 DL 00040 Р/ВХ                      L 00001 Р/НТ
             L 00001 Р/DА                 DL 04791 РАSСОМРL                  L 00001 Р/SУS
             L 00030 Р/ЕА                 NL 00040 РАSDD1                    L 00001 РАSРМD
             L 00030 Р/ЕR                  L 00307 РАSGОSТ7        РАSZЕRО*    00001
             L 00030 Р/SУS                DL 00488 РАSНЕLР                  DL 00001 Р/ЕF
             L 00030 РАSСОМРL             NL 00040 РАSRЕD                    L 00001 Р/RDI
             L 00030 РАSDD1               NL 00040 РАSТIМЕ                   L 00001 Р/SУS
             L 00030 РАSRЕD      Р/ВDВUF     01024                           L 00001 Р/WI
   *РАSВUG*    00001                       Р 01024 РАSВDI                    L 00001 Р/WО
             L 00001 Р/СI        Р/ВDSУS     01024                           L 00001 Р/WR
   *РАSDDС*    00248                       Р 01024 РАSВDI                    L 00001 РАSGОSТ
             L 00248 РАSDD1                Р 01024 РАSSЕТАR                  L 00001 РАSОUТ
   *РАSDDS*    00001             Р/ВDТАВ     01024                 РЕRS        02048
            DL 00001 Р/DD                  Р 01024 РАSВDI                    Р 02048 LIВSUВ
             L 00001 РАSDD1      Р/FIRР      01024                 RЕFЕNТRУ    00001
             L 00001 РАSОUТ                Р 01024 Р/РАGЕS                   L 00001 *РАSСОМ
   *РАSТЕL*    00025             Р/SТАСК     00001                 RGЕХРОRТ    00001
            DL 00025 РАSОUТ                L 00001 Р/ВХ                     DL 00001 Р/ВХ
    Й  БРАQ    00030                       L 00001 Р/МF                      L 00001 РАSDD1
             L 00030 РАSНЕLР               L 00001 Р/NN                      L 00001 РАSОUТ
   0*6ЧБРАL    00001                       L 00001 РАSМОN2         RОЮТ В Л    00030
            DL 00001 РАSНЕLР     РАSСЕLUР    00001                           L 00030 РАSНЕLР
   0 7ТJЗQV    00030                      DL 00001 Р/SС            SРАСЕ*      00001
             L 00030 РАSТIМЕ     РАSDRN*     00001                          DL 00001 Р/ЕF
   0 6ЬБРЗЕ    00030                      DL 00001 Р/РАGЕS                   L 00001 Р/RА7
             L 00030 РАSGОSТ7              L 00001 Р/ТRРАGЕ                  L 00001 Р/RDI
   0 8Б0 62    00030             РАSDRUМ*    00001                           L 00001 Р/SР
             L 00030 РАSGОSТ7             DL 00001 Р/РАGЕS                   L 00001 Р/SУS
   DЕ ЖХЯ      00030                       L 00001 Р/ТRРАGЕ                  L 00001 Р/WR
             L 00030 РАSНЕLР     РАSЕNDS*    00001                           L 00001 РАSGОSТ
   D    + G    00001                      DL 00001 Р/ЕF            ТЕМР        02048
            DL 00001 РАSНЕLР               L 00001 Р/SУS                     Р 02048 LIВSUВ
   ЕNТRУ*      00042                       L 00001 РАSGОSТ         Х    В Л    00030
             L 00042 *РАSСОМ     РАSЕОFСD    00001                           L 00030 РАSНЕLР
   FLGЕХ*      00001                      DL 00001 Р/ЕF            БРЗD0*6     00030
             L 00001 *РАSСОМ               L 00001 Р/SУS                     L 00030 РАSGОSТ7
           *ЕND FILЕ
 КОНЕЦ ЗАДАЧИ
 00411: 00 074 0000	*74
