                                                      18.05.19 М1

  М О Н И Т О Р-8 0  (3.7)   25.09.84*       (  МС " Д У Б Н А " ИАЭ  )             ШИФР    419999000000







                        Ж  ЖЖЖ   ЖЖЖ   ЖЖЖ         ЖЖЖ  ЖЖЖЖЖ ЖЖЖЖЖ ЖЖЖЖЖ
                       ЖЖ Ж   Ж Ж   Ж Ж   Ж       Ж   Ж Ж   Ж    Ж     Ж
                      Ж Ж Ж   Ж Ж   Ж     Ж       Ж   Ж     Ж   Ж     Ж
                     Ж  Ж Ж   Ж Ж   Ж    Ж   ЖЖЖ  Ж   Ж    Ж     Ж     Ж
                    Ж   Ж Ж   Ж Ж   Ж   Ж         Ж   Ж   Ж       Ж     Ж
                    ЖЖЖЖЖ Ж   Ж Ж   Ж  Ж          Ж   Ж  Ж    Ж   Ж Ж   Ж
                        Ж  ЖЖЖ   ЖЖЖ  ЖЖЖЖЖ        ЖЖЖ   Ж     ЖЖЖ   ЖЖЖ








*NАМЕ 4002-0733
           *РЕRSО: 401350
 04.10.84 М1
           *САLL LIВRЕFЕR:ТАРЕ=410733
                                                      18.05.19 М1
                     ССЫЛКИ НА ПОДПРОГРАММЫ                                  Е F/SRЕТ
                                                                             Е F/SSТАRТ
                                 IДИМДИ      IДИМДИ                          Е IОАС*
   D - РАССЫЛКА ДАННЫХ           LАDR     (IWА     )                         Е IОСОNТ*
   Е - ВНЕШНЯЯ П/П               LINЕ        ЕRRОR                           Е IОЕND*
                                           Е F/LООР                          Е IWВ1
   АSРID     Е F/LООР                      Е F/SАVЕR                           LАDR
             Е F/SАVЕR                     Е F/SRЕТ                RЕАD      Е RЕАD*
             Е F/SRЕТ                        НУРНЕN                RЕТS     (РRINТ8  )
               INIТ                        Е R*ТО*I                RЕWСНR   (SЕТСН   )
               РАGЕ                          WОRD                  SЕТСН       IWА
               РRINТ             LSРАСЕ    Е F/LООР                            РRINТ8
               RЕWСНR                      Е F/SАVЕR               SLАSН    (SЕТСН   )
               SЕТСН                       Е F/SRЕТ                SТОРS    (РRINТ8  )
               SLАSН                         SЕТСН                 ТАВ         ЕRRОR
   ВСD                           МАСRО       ВЕGРR                           Е F/LООР
   ВЕGРR       ЕRRОR                         ЕRRОR                           Е F/SАVЕR
             Е F/NОSVR                     Е F/SАVЕR                         Е F/SRЕТ
             Е F/SRЕТNR                    Е F/SRЕТ                            GЕТСН
               FОRВЕG                        FОRВЕG                WОRD        ВUFСН
               FОRIN                         FОRIN                             ЕNDРR
               FОRNUМ                        GЕТСН                             ЕRRОR
               GЕТСН             NРАGЕ    (ВILISТ  )                         Е F/SАVЕR
   ВILISТ    Е ВСDWRIТ*          ОСТDЕС   (FОRIN   )                         Е F/SRЕТ
             Е F/SRЕТ            РАGЕ      Е F/LООР                            GЕТСН
             Е F/SSТАRТ                    Е F/SАVЕR                           РRIМ
             Е IОАС*                       Е F/SRЕТ                ДИМИП     Е ВСDWRIТ*
             Е IОСОNТ*                       LINЕ                            Е F/SRЕТ
             Е IОЕND*                        LSРАСЕ                          Е F/SSТАRТ
   ВUFСН     Е F/SАVЕR                       ОСТDЕС                          Е IОАС*
             Е F/SRЕТ                      Е R*ТО*I                          Е IОЕND*
   СНТУРЕ                                    SЕТСН                             IДИМДО
   ЕNDРR       ЕRRОR                         SLАSН                             IДИМДИ
             Е F/SАVЕR           РRЕNТ     Е F/SАVЕR
             Е F/SRЕТ                      Е F/SRЕТ
               GЕТСН                         IВСD
               МАСRО                       Е РRINТА
               ТАВ               РRIМ        ВЕGРR
   ЕRRОR     Е F/NОSVR                       ЕNDРR
             Е F/SRЕТNR                    Е F/SАVЕR
   FОRВЕG   (FОRIN   )                     Е F/SRЕТ
   FОRIN                         РRINТ       ВILISТ
   FОRNUМ   (FОRIN   )                     Е F/LООР
   GЕТСН     Е F/SАVЕR                     Е F/SАVЕR
             Е F/SRЕТ                      Е F/SRЕТ
               IRА                           IRА
               IТС                           IТС
               LАDR                          IWА
               РRЕNТ                         LАDR
             Е SRЕАDТ                      Е LОАDGО
   НУРНЕN      СНТУРЕ                        NРАGЕ
             Е F/SАVЕR           РRINТ8    Е WRСАRD
             Е F/SRЕТ                      Е WRIЕND
   IВСD     (ВСD     )           РRINТ80  (РRОGRАМ )
   IDIС        РRЕNТ             РRОGRАМ     АSРID
               RЕАD                          РRINТ8
   INIТ        ЕNDРR                         RЕТS
             Е F/SАVЕR                       SТОРS
             Е F/SRЕТ                      Е WВЕGIN
               GЕТСН             РRООF    (SЕТСН   )
               РRIМ              РТ8ВNР    Е АSАVЕ*
   IRА      (IWА     )                     Е РLIКS
   IТС                                     Е SАVЕ*НID
   IWА                           РТСОNS    Е ВСDWRIТ*
   IДИМДО   (IДИМДИ  )                     Е ВINWRIТ*
                                                      18.05.19 М1
                     ИСПОЛЬЗОВАНИЕ ПОДПРОГРАММ                     РАGЕ        АSРID
                                                                   РLIКS    Е  РТ8ВNР
                                             ВILISТ                РRЕNТ       GЕТСН
   Е - ВНЕШНЯЯ П/П                           ВUFСН                             IDIС
   N - ОПИСАНА, НЕ ИСПОЛЬЗУЕТСЯ              ЕNDРR                 РRIМ        INIТ
   С - ЕСТЬ ОДНОИМЕННЫЙ СОММОN               GЕТСН                             WОRD
                                             НУРНЕN                РRINТ       АSРID
   НЕИСПОЛЬЗУЕМЫЕ ВХОДЫ                      INIТ                  РRINТ8      РRОGRАМ
                                             LINЕ                              SЕТСН
   ВСD                                       LSРАСЕ                РRINТА   Е  РRЕNТ
   IDIС                                      МАСRО                 R*ТО*I   Е  LINЕ
   РRINТ80                                   РАGЕ                              РАGЕ
   РRОGRАМ                                   РRЕNТ                 RЕАD        IDIС
   РRООF                                     РRIМ                  RЕАD*    Е  RЕАD
   РТ8ВNР                                    РRINТ                 RЕТS        РRОGRАМ
   РТСОNS                                    РТСОNS                RЕWСНR      АSРID
   ДИМИП                                     ТАВ                   SАVЕ*НID Е  РТ8ВNР
                                             WОRD                  SЕТСН       АSРID
                                             ДИМИП                             LSРАСЕ
   ИСПОЛЬЗУЕМЫЕ ВХОДЫ            F/SRЕТNR Е  ВЕGРR                             РАGЕ
                                             ЕRRОR                 SLАSН       АSРID
   АSАVЕ*   Е  РТ8ВNР            F/SSТАRТ Е  ВILISТ                            РАGЕ
   АSРID       РRОGRАМ                       РТСОNS                SRЕАDТ   Е  GЕТСН
   ВСDWRIТ* Е  ВILISТ                        ДИМИП                 SТОРS       РRОGRАМ
               РТСОNS            FОRВЕG      ВЕGРR                 ТАВ         ЕNDРR
               ДИМИП                         МАСRО                 WВЕGIN   Е  РRОGRАМ
   ВЕGРR       МАСRО             FОRIN       ВЕGРR                 WОRD        LINЕ
               РRIМ                          МАСRО                 WRСАRD   Е  РRINТ8
   ВILISТ      РRINТ             FОRNUМ      ВЕGРR                 WRIЕND   Е  РRINТ8
   ВINWRIТ* Е  РТСОNS            GЕТСН       ВЕGРR
   ВUFСН       WОRD                          ЕNDРR
   СНТУРЕ      НУРНЕN                        INIТ
   ЕNDРR       INIТ                          МАСRО
               РRIМ                          ТАВ
               WОRD                          WОRD
   ЕRRОR       ВЕGРR             НУРНЕN      LINЕ
               ЕNDРR             IВСD        РRЕNТ
               LINЕ              INIТ        АSРID
               МАСRО             IОАС*    Е  ВILISТ
               ТАВ                           РТСОNS
               WОRD                          ДИМИП
   F/LООР   Е  АSРID             IОСОNТ*  Е  ВILISТ
               LINЕ                          РТСОNS
               LSРАСЕ            IОЕND*   Е  ВILISТ
               РАGЕ                          РТСОNS
               РRINТ                         ДИМИП
               ТАВ               IRА         GЕТСН
   F/NОSVR  Е  ВЕGРR                         РRINТ
               ЕRRОR             IТС         GЕТСН
   F/SАVЕR  Е  АSРID                         РRINТ
               ВUFСН             IWА         РRINТ
               ЕNDРR                         SЕТСН
               GЕТСН             IWВ1     Е  РТСОNS
               НУРНЕN            IДИМДО      ДИМИП
               INIТ              IДИМДИ      IДИМДИ
               LINЕ                          ДИМИП
               LSРАСЕ            LАDR        GЕТСН
               МАСRО                         РRINТ
               РАGЕ                          РТСОNS
               РRЕNТ             LINЕ        РАGЕ
               РRIМ              LОАDGО   Е  РRINТ
               РRINТ             LSРАСЕ      РАGЕ
               ТАВ               МАСRО       ЕNDРR
               WОRD              NРАGЕ       РRINТ
   F/SRЕТ   Е  АSРID             ОСТDЕС      РАGЕ
                                                      18.05.19 М1
                     ССЫЛКИ НА СОММОN′Ы                            SТОРS    (РRINТ8  )
                                                                   ТАВ      NL 00005 *АSР1*
                                 INIТ     NL 00005 *АSР1*                    L 00463 *АSР2*
   D - РАССЫЛКА ДАННЫХ                     L 00462 *АSР2*                   NL 00021 *АSР3*
   N - ОПИСАН, НЕ ИСПОЛЬЗУЕТСЯ             L 00020 *АSР3*                   NL 01548 *АSР4*
   Р - СТРАНИЧНЫЙ СОММОN                  NL 01548 *АSР4*                   NL 00009 *АSР5*
   S - СЕКТОРНЫЙ СОММОN                    L 00009 *АSР5*                    L 00017 *АSР6*
   L - ПРОСТОЙ СОММОN                      L 00016 *АSР6*                    L 00694 *АSР7*
   ***** - ДЛИНА ОПИСАНА НЕЯВНО            L 00694 *АSР7*          WОRD     NL 00005 *АSР1*
                                 IRА      (IWА     )                         L 00462 *АSР2*
   АSРID    DL 00005 *АSР1*      IWА       L 00001 А/I0                      L 00020 *АSР3*
            DL 00463 *АSР2*      LАDR     (IWА     )                        NL 01548 *АSР4*
            DL 00021 *АSР3*      LINЕ      L 00005 *АSР1*                    L 00009 *АSР5*
            DL 08048 *АSР4*                L 00463 *АSР2*                    L 00017 *АSР6*
            DL 00009 *АSР5*                L 00021 *АSР3*                    L 00694 *АSР7*
            DL 00018 *АSР6*               NL 01548 *АSР4*          ДИМИП    DL 01436 *ДИМИП*
            DL 00694 *АSР7*                L 00009 *АSР5*
            DL 00006 *АSРРАG*              L 00016 *АSР6*
   ВЕGРR    NL 00005 *АSР1*                L 00001 АСС*
            DL 00463 *АSР2*      LSРАСЕ   NL 00005 *АSР1*
             L 00021 *АSР3*                L 00462 *АSР2*
            NL 01548 *АSР4*                L 00020 *АSР3*
            NL 00009 *АSР5*               NL 01548 *АSР4*
             L 00018 *АSР6*                L 00009 *АSР5*
            NL 00694 *АSР7*               NL 00013 *АSР6*
   ВILISТ    L 00001 *АSР5*      МАСRО    NL 00005 *АSР1*
   ВUFСН    NL 00005 *АSР1*               DL 00463 *АSР2*
             L 00462 *АSР2*                L 00020 *АSР3*
             L 00020 *АSР3*               NL 01548 *АSР4*
            NL 01548 *АSР4*               NL 00009 *АSР5*
             L 00009 *АSР5*                L 00016 *АSР6*
            NL 00013 *АSР6*               DL 00694 *АSР7*
   СНТУРЕ    L 00462 *АSР2*      NРАGЕ    (ВILISТ  )
   ЕNDРR     L 00005 *АSР1*      ОСТDЕС   (FОRIN   )
            DL 00463 *АSР2*      РАGЕ     NL 00005 *АSР1*
             L 00021 *АSР3*                L 00462 *АSР2*
            NL 01548 *АSР4*                L 00020 *АSР3*
             L 00009 *АSР5*               NL 01548 *АSР4*
             L 00018 *АSР6*                L 00009 *АSР5*
             L 00694 *АSР7*                L 00018 *АSР6*
             L 00006 *АSРРАG*    РRЕNТ    NL 00005 *АSР1*
   ЕRRОR    NL 00005 *АSР1*               NL 00462 *АSР2*
            NL 00463 *АSР2*               NL 00020 *АSР3*
            NL 00021 *АSР3*                L 01548 *АSР4*
             L 01548 *АSР4*               NL 00009 *АSР5*
            NL 00009 *АSР5*                L 00013 *АSР6*
             L 00014 *АSР6*      РRIМ     NL 00005 *АSР1*
   FОRВЕG   (FОRIN   )                     L 00463 *АSР2*
   FОRIN     L 00429 *АSР2*               NL 00021 *АSР3*
             L 00005 *АSР6*               NL 01548 *АSР4*
   FОRNUМ   (FОRIN   )                    NL 00009 *АSР5*
   GЕТСН     L 00002 *АSР1*               NL 00018 *АSР6*
             L 00003 *АSР2*                L 00694 *АSР7*
             L 00009 *АSР3*      РRINТ     L 01548 *АSР4*
             L 00148 *АSР4*                L 00001 *АSР5*
             L 00006 *АSРРАG*    РRINТ8    L 00792 *ПРАВАЯ*
   НУРНЕN   NL 00005 *АSР1*      РRООF    (SЕТСН   )
             L 00462 *АSР2*      РТСОNS    L 00001 *АSР5*
            NL 00020 *АSР3*      RЕТS     (РRINТ8  )
            NL 01548 *АSР4*      RЕWСНR   (SЕТСН   )
            NL 00009 *АSР5*      SЕТСН     L 00001 *АSР2*
            NL 00013 *АSР6*                L 08048 *АSР4*
   IDIС      L 00005 *АSР1*                L 00006 *АSРРАG*
             L 00429 *АSР2*                L 00000 МОNСАRD*
             L 15048 *АSР4*      SLАSН    (SЕТСН   )
                                                      18.05.19 М1
                     ИСПОЛЬЗОВАНИЕ СОММОN′ОВ                                DL 00694 МАСRО
                                                                             L 00694 РRIМ
                                          NL 00021 ТАВ                       L 00694 ТАВ
   Е - ЕСТЬ ОДНОИМЕННАЯ П/П                L 00020 WОRD                      L 00694 WОRD
   D - РАССЫЛКА ДАННЫХ           *АSР4*      15048                 *АSРРАG*    00006
   N - ОПИСАН, НЕ ИСПОЛЬЗУЕТСЯ            DL 08048 АSРID                    DL 00006 АSРID
   Р - СТРАНИЧНЫЙ СОММОN                  NL 01548 ВЕGРR                     L 00006 ЕNDРR
   S - СЕКТОРНЫЙ СОММОN                   NL 01548 ВUFСН                     L 00006 GЕТСН
   L - ПРОСТОЙ СОММОN                     NL 01548 ЕNDРR                     L 00006 SЕТСН
   ***** - ДЛИНА ОПИСАНА НЕЯВНО            L 01548 ЕRRОR           *ДИМИП*     01436
                                           L 00148 GЕТСН                    DL 01436 ДИМИП
   *АSР1*      00005                      NL 01548 НУРНЕN          *ПРАВАЯ*    00792
            DL 00005 АSРID                 L 15048 IDIС                      L 00792 РRINТ8
            NL 00005 ВЕGРR                NL 01548 INIТ            А/I0        00001
            NL 00005 ВUFСН                NL 01548 LINЕ                      L 00001 IWА
             L 00005 ЕNDРR                NL 01548 LSРАСЕ          АСС*        00001
            NL 00005 ЕRRОR                NL 01548 МАСRО                     L 00001 LINЕ
             L 00002 GЕТСН                NL 01548 РАGЕ            МОNСАRD*    00000
            NL 00005 НУРНЕN                L 01548 РRЕNТ                     L 00000 SЕТСН
             L 00005 IDIС                 NL 01548 РRIМ
            NL 00005 INIТ                  L 01548 РRINТ
             L 00005 LINЕ                  L 08048 SЕТСН
            NL 00005 LSРАСЕ               NL 01548 ТАВ
            NL 00005 МАСRО                NL 01548 WОRD
            NL 00005 РАGЕ        *АSР5*      00009
            NL 00005 РRЕNТ                DL 00009 АSРID
            NL 00005 РRIМ                 NL 00009 ВЕGРR
            NL 00005 ТАВ                   L 00001 ВILISТ
            NL 00005 WОRD                  L 00009 ВUFСН
   *АSР2*      00463                       L 00009 ЕNDРR
            DL 00463 АSРID                NL 00009 ЕRRОR
            DL 00463 ВЕGРR                NL 00009 НУРНЕN
             L 00462 ВUFСН                 L 00009 INIТ
             L 00462 СНТУРЕ                L 00009 LINЕ
            DL 00463 ЕNDРR                 L 00009 LSРАСЕ
            NL 00463 ЕRRОR                NL 00009 МАСRО
             L 00429 FОRIN                 L 00009 РАGЕ
             L 00003 GЕТСН                NL 00009 РRЕNТ
             L 00462 НУРНЕN               NL 00009 РRIМ
             L 00429 IDIС                  L 00001 РRINТ
             L 00462 INIТ                  L 00001 РТСОNS
             L 00463 LINЕ                 NL 00009 ТАВ
             L 00462 LSРАСЕ                L 00009 WОRD
            DL 00463 МАСRО       *АSР6*      00018
             L 00462 РАGЕ                 DL 00018 АSРID
            NL 00462 РRЕNТ                 L 00018 ВЕGРR
             L 00463 РRIМ                 NL 00013 ВUFСН
             L 00001 SЕТСН                 L 00018 ЕNDРR
             L 00463 ТАВ                   L 00014 ЕRRОR
             L 00462 WОRD                  L 00005 FОRIN
   *АSР3*      00021                      NL 00013 НУРНЕN
            DL 00021 АSРID                 L 00016 INIТ
             L 00021 ВЕGРR                 L 00016 LINЕ
             L 00020 ВUFСН                NL 00013 LSРАСЕ
             L 00021 ЕNDРR                 L 00016 МАСRО
            NL 00021 ЕRRОR                 L 00018 РАGЕ
             L 00009 GЕТСН                 L 00013 РRЕNТ
            NL 00020 НУРНЕN               NL 00018 РRIМ
             L 00020 INIТ                  L 00017 ТАВ
             L 00021 LINЕ                  L 00017 WОRD
             L 00020 LSРАСЕ      *АSР7*      00694
             L 00020 МАСRО                DL 00694 АSРID
             L 00020 РАGЕ                 NL 00694 ВЕGРR
            NL 00020 РRЕNТ                 L 00694 ЕNDРR
            NL 00021 РRIМ                  L 00694 INIТ
           *ЕND FILЕ
 КОНЕЦ ЗАДАЧИ
 00411: 00 074 0000	*74
