                                                      18.05.19 М1

  М О Н И Т О Р-8 0  (3.7)   25.09.84*       (  МС " Д У Б Н А " ИАЭ  )             ШИФР    419999000000







                        Ж  ЖЖЖ   ЖЖЖ   ЖЖЖ         ЖЖЖ   ЖЖЖ      Ж ЖЖЖЖЖ
                       ЖЖ Ж   Ж Ж   Ж Ж   Ж       Ж   Ж Ж        ЖЖ    Ж
                      Ж Ж Ж   Ж Ж   Ж     Ж       Ж   Ж ЖЖЖЖ    Ж Ж   Ж
                     Ж  Ж Ж   Ж Ж   Ж    Ж   ЖЖЖ  Ж   Ж Ж   Ж  Ж  Ж    Ж
                    Ж   Ж Ж   Ж Ж   Ж   Ж         Ж   Ж Ж   Ж Ж   Ж     Ж
                    ЖЖЖЖЖ Ж   Ж Ж   Ж  Ж          Ж   Ж Ж   Ж ЖЖЖЖЖ Ж   Ж
                        Ж  ЖЖЖ   ЖЖЖ  ЖЖЖЖЖ        ЖЖЖ   ЖЖЖ      Ж  ЖЖЖ








*NАМЕ 4002-0643
           *РЕRSО: 401350
 04.10.84 М1
           *САLL LIВRЕFЕR:ТАРЕ=410643
                                                      18.05.19 М1
                     ССЫЛКИ НА ПОДПРОГРАММЫ

                                             ЗАП
   D - РАССЫЛКА ДАННЫХ           RМОD      Е SQRТ
   Е - ВНЕШНЯЯ П/П               SТЕР     DЕ АВS
                                             СЧИТ
   ВЕС       Е FТ*002                      Е FТ*002
             Е FТ*003                      Е FТ*003
             Е FТ*571                      Е FТ*621
             Е I*МUI*                      Е I*МU*I
             Е INТ                         Е INТ
   СТАТМ     Е ЕХР                         Е R*SТ*I
             Е FТ*003                        ЗАП
             Е FТ*621                        ЦИФ
             Е I*МU*I            SТЕРNО   DЕ АВS
             Е R*SТ*I                        СЧИТ
               RМОD                        Е I*МU*I
   СЛЕД                                    Е INТ
   СЧ       (СЧИТ    )                     Е R*SТ*I
   СЧЕТ     D  FСТПЗ                         ЗАП
             Е FТ*002                        ЦИФ
             Е FТ*003            ТАСНЕ3    Е I*МU*I
             Е FТ*571                        РВЕС
               КUТПЗ                       Е R*SТ*I
               ОБН               ЗАМЕНА   (СЧИТ    )
   СЧБУФ    (СЧИТ    )           ЗАП      (СЧИТ    )
   СЧИТ        СЛЕД              ЗП       (СЧИТ    )
   FСТПЗ       СТАТМ             ЦИФ       Е I*DI*I
               ОБН                         Е I*МU*I
             Е SQRТ                        Е I*РО*I
   КUТПЗ     Е АВS                         Е INТ
             Е SIGN
   LIВLISТ
   МОDDV1    Е АВS
               СЧИТ
               FСТПЗ
             Е FТ*002
             Е FТ*003
             Е FТ*621
             Е I*МU*I
             Е INТ
               КUТПЗ
               РВЕС
             Е R*SТ*I
               ТАСНЕ3
               ЗАП
               ЦИФ
   МОДАЦП      СЧИТ
             Е FТ*002
             Е FТ*003
             Е FТ*571
             Е LОАDGО
             Е SТОР*
   МОДЕЛЬ      СЧИТ
             Е FТ*002
             Е FТ*003
             Е FТ*571
             Е LОАDGО
             Е SТОР*
   ОБН       Е I*МUI*
   РВЕС        ВЕС
             Е I*МUI*
               ОБН
   РОSТЕ       СЧИТ
               ОБН
                                                      18.05.19 М1
                     ИСПОЛЬЗОВАНИЕ ПОДПРОГРАММ

                                             SТЕРNО
   Е - ВНЕШНЯЯ П/П                           ТАСНЕ3
   N - ОПИСАНА, НЕ ИСПОЛЬЗУЕТСЯ              ЦИФ
   С - ЕСТЬ ОДНОИМЕННЫЙ СОММОN   I*МUI*   Е  ВЕС
                                             ОБН
   НЕИСПОЛЬЗУЕМЫЕ ВХОДЫ                      РВЕС
                                 I*РО*I   Е  ЦИФ
   СЧ                            INТ      Е  ВЕС
   СЧЕТ                                      МОDDV1
   СЧБУФ                                     SТЕР
   LIВLISТ                                   SТЕРNО
   МОDDV1                                    ЦИФ
   МОДАЦП                        КUТПЗ       СЧЕТ
   МОДЕЛЬ                                    МОDDV1
   РОSТЕ                         LОАDGО   Е  МОДАЦП
   SТЕР                                      МОДЕЛЬ
   SТЕРNО                        ОБН         СЧЕТ
   ЗАМЕНА                                    FСТПЗ
   ЗП                                        РВЕС
                                             РОSТЕ
                                 РВЕС        МОDDV1
   ИСПОЛЬЗУЕМЫЕ ВХОДЫ                        ТАСНЕ3
                                 R*SТ*I   Е  СТАТМ
   АВS      Е  КUТПЗ                         МОDDV1
               МОDDV1                        SТЕР
               SТЕР                          SТЕРNО
               SТЕРNО                        ТАСНЕ3
   ВЕС         РВЕС              RМОD        СТАТМ
   СТАТМ       FСТПЗ             SIGN     Е  КUТПЗ
   СЛЕД        СЧИТ              SQRТ     Е  FСТПЗ
   СЧИТ        МОDDV1                        RМОD
               МОДАЦП            SТОР*    Е  МОДАЦП
               МОДЕЛЬ                        МОДЕЛЬ
               РОSТЕ             ТАСНЕ3      МОDDV1
               SТЕР              ЗАП         МОDDV1
               SТЕРNО                        РОSТЕ
   ЕХР      Е  СТАТМ                         SТЕР
   FСТПЗ       СЧЕТ                          SТЕРNО
               МОDDV1            ЦИФ         МОDDV1
   FТ*002   Е  ВЕС                           SТЕР
               СЧЕТ                          SТЕРNО
               МОDDV1
               МОДАЦП
               МОДЕЛЬ
               SТЕР
   FТ*003   Е  ВЕС
               СТАТМ
               СЧЕТ
               МОDDV1
               МОДАЦП
               МОДЕЛЬ
               SТЕР
   FТ*571   Е  ВЕС
               СЧЕТ
               МОДАЦП
               МОДЕЛЬ
   FТ*621   Е  СТАТМ
               МОDDV1
               SТЕР
   I*DI*I   Е  ЦИФ
   I*МU*I   Е  СТАТМ
               МОDDV1
               SТЕР
           *ЕND FILЕ
 КОНЕЦ ЗАДАЧИ
 00411: 00 074 0000	*74
